============================================================
   Tang Dynasty, V5.6.71036
      Copyright (c) 2012-2023 Anlogic Inc.
   Executable = D:/Anlogic/TD5.6.2/bin/td.exe
   Built at =   20:34:38 Mar 21 2023
   Run by =     24448
   Run Date =   Thu Mar 21 12:48:33 2024

   Run on =     CHOCODESKTOP
============================================================
RUN-1002 : start command "open_project SOC_2_times.prj"
RUN-1001 : Print Global Property
RUN-1001 : ---------------------------------------------------------------
RUN-1001 :        Parameters        |  Settings  |  Default Values  |  Note  
RUN-1001 : ---------------------------------------------------------------
RUN-1001 :          message         |  standard  |     standard     |        
RUN-1001 :   mixed_pack_place_flow  |     on     |        on        |        
RUN-1001 :        qor_monitor       |    off     |       off        |        
RUN-1001 :        syn_ip_flow       |    off     |       off        |        
RUN-1001 :          thread          |    auto    |       auto       |        
RUN-1001 : ---------------------------------------------------------------
RUN-1001 : Print Design Property
RUN-1001 : --------------------------------------------------------------
RUN-1001 :        Parameters       |  Settings  |  Default Values  |  Note  
RUN-1001 : --------------------------------------------------------------
RUN-1001 :   default_reg_initial   |    auto    |       auto       |        
RUN-1001 :        infer_add        |     on     |        on        |        
RUN-1001 :        infer_fsm        |    off     |       off        |        
RUN-1001 :        infer_mult       |     on     |        on        |        
RUN-1001 :        infer_ram        |     on     |        on        |        
RUN-1001 :        infer_reg        |     on     |        on        |        
RUN-1001 :   infer_reg_init_value  |     on     |        on        |        
RUN-1001 :        infer_rom        |     on     |        on        |        
RUN-1001 :      infer_shifter      |     on     |        on        |        
RUN-1001 : --------------------------------------------------------------
RUN-1001 : Print Rtl Property
RUN-1001 : --------------------------------------------------------------
RUN-1001 :        Parameters       |  Settings  |  Default Values  |  Note  
RUN-1001 : --------------------------------------------------------------
RUN-1001 :       compress_add      |   ripple   |      ripple      |        
RUN-1001 :        elf_sload        |    off     |       off        |        
RUN-1001 :       fix_undriven      |     0      |        0         |        
RUN-1001 :         flatten         |    off     |       off        |        
RUN-1001 :       gate_sharing      |     on     |        on        |        
RUN-1001 :    hdl_warning_level    |   normal   |      normal      |        
RUN-1001 :   impl_internal_tribuf  |     on     |        on        |        
RUN-1001 :      impl_set_reset     |     on     |        on        |        
RUN-1001 :        infer_gsr        |    off     |       off        |        
RUN-1001 :      keep_hierarchy     |    auto    |       auto       |        
RUN-1001 :        max_fanout       |    9999    |       9999       |        
RUN-1001 :      max_oh2bin_len     |     10     |        10        |        
RUN-1001 :       merge_equal       |     on     |        on        |        
RUN-1001 :       merge_equiv       |     on     |        on        |        
RUN-1001 :        merge_mux        |    off     |       off        |        
RUN-1001 :     min_control_set     |     8      |        8         |        
RUN-1001 :      min_ripple_len     |    auto    |       auto       |        
RUN-1001 :       oh2bin_ratio      |    0.08    |       0.08       |        
RUN-1001 :     opt_adder_fanout    |     on     |        on        |        
RUN-1001 :        opt_arith        |     on     |        on        |        
RUN-1001 :       opt_big_gate      |    off     |       off        |        
RUN-1001 :        opt_const        |     on     |        on        |        
RUN-1001 :      opt_const_mult     |     on     |        on        |        
RUN-1001 :       opt_lessthan      |     on     |        on        |        
RUN-1001 :         opt_mux         |    off     |       off        |        
RUN-1001 :         opt_ram         |    high    |       high       |        
RUN-1001 :      rtl_sim_model      |    off     |       off        |        
RUN-1001 :         seq_syn         |     on     |        on        |        
RUN-1001 : --------------------------------------------------------------
HDL-1007 : analyze verilog file ../../al_ip/pll.v
HDL-1007 : undeclared symbol 'open', assumed default net type 'wire' in ../../al_ip/pll.v(57)
HDL-1007 : analyze verilog file ../../src/soc_top.v
HDL-1007 : analyze verilog file ../../src/soc_cm0.v
HDL-1007 : undeclared symbol 'SWCLKTCK', assumed default net type 'wire' in ../../src/soc_cm0.v(61)
HDL-1007 : undeclared symbol 'HMASTER', assumed default net type 'wire' in ../../src/soc_cm0.v(133)
HDL-1007 : undeclared symbol 'HMASTLOCK', assumed default net type 'wire' in ../../src/soc_cm0.v(134)
HDL-1007 : undeclared symbol 'RXEV', assumed default net type 'wire' in ../../src/soc_cm0.v(164)
HDL-1007 : undeclared symbol 'irq_gpio0', assumed default net type 'wire' in ../../src/soc_cm0.v(411)
HDL-5007 WARNING: block identifier is required on this block in ../../src/soc_cm0.v(416)
HDL-1007 : analyze verilog file ../../al_ip/dtcm.v
HDL-1007 : analyze verilog file ../../al_ip/itcm.v
HDL-1007 : analyze verilog file ../../src/bus/cm0_mtx.v
HDL-1007 : analyze verilog file ../../src/bus/cm0_mtx_arb.v
HDL-1007 : analyze verilog file ../../src/bus/cm0_mtx_decS0.v
HDL-1007 : analyze verilog file ../../src/bus/cm0_mtx_default_slave.v
HDL-1007 : analyze verilog file ../../src/bus/cm0_mtx_i.v
HDL-5007 WARNING: macro 'TRN_IDLE' is redefined in ../../src/bus/cm0_mtx_i.v(117)
HDL-5007 WARNING: macro 'TRN_BUSY' is redefined in ../../src/bus/cm0_mtx_i.v(118)
HDL-5007 WARNING: macro 'TRN_NONSEQ' is redefined in ../../src/bus/cm0_mtx_i.v(119)
HDL-5007 WARNING: macro 'TRN_SEQ' is redefined in ../../src/bus/cm0_mtx_i.v(120)
HDL-5007 WARNING: macro 'BUR_SINGLE' is redefined in ../../src/bus/cm0_mtx_i.v(123)
HDL-5007 WARNING: macro 'BUR_INCR' is redefined in ../../src/bus/cm0_mtx_i.v(124)
HDL-5007 WARNING: macro 'BUR_WRAP4' is redefined in ../../src/bus/cm0_mtx_i.v(125)
HDL-5007 WARNING: macro 'BUR_INCR4' is redefined in ../../src/bus/cm0_mtx_i.v(126)
HDL-5007 WARNING: macro 'BUR_WRAP8' is redefined in ../../src/bus/cm0_mtx_i.v(127)
HDL-5007 WARNING: macro 'BUR_INCR8' is redefined in ../../src/bus/cm0_mtx_i.v(128)
HDL-5007 Similar messages will be suppressed.
HDL-1007 : analyze verilog file ../../src/bus/cm0_mtx_lite.v
HDL-1007 : analyze verilog file ../../src/bus/cm0_mtx_o.v
HDL-1007 : analyze verilog file ../../src/core/CORTEXM0INTEGRATION.v
HDL-1007 : analyze verilog file ../../src/core/cortexm0ds_logic.v
HDL-1007 : analyze verilog file ../../src/phr/ahb/tcm/cmsdk_ahb_to_sram.v
HDL-1007 : analyze verilog file ../../src/phr/ahb/gpio/cmsdk_ahb_gpio.v
HDL-1007 : analyze verilog file ../../src/phr/ahb/gpio/cmsdk_ahb_to_iop.v
HDL-1007 : analyze verilog file ../../src/phr/ahb/gpio/cmsdk_iop_gpio.v
HDL-1007 : analyze verilog file ../../src/phr/ahb/apb_subsystem/cmsdk_ahb_to_apb.v
HDL-1007 : analyze verilog file ../../src/phr/ahb/apb_subsystem/cmsdk_apb_slave_mux.v
HDL-1007 : analyze verilog file ../../src/phr/ahb/apb_subsystem/cmsdk_apb_subsystem.v
HDL-1007 : analyze verilog file ../../src/phr/ahb/apb_subsystem/uart/cmsdk_apb_uart.v
RUN-1001 : Project manager successfully analyzed 22 source files.
RUN-1002 : start command "import_device eagle_s20.db -package EG4S20BG256"
ARC-1001 : Device Initialization.
ARC-1001 : ------------------------------------------------------------------
ARC-1001 :            OPTION            |          IO          |   SETTING   
ARC-1001 : ------------------------------------------------------------------
ARC-1001 :   cso_b/cclk/mosi/miso/dout  |  T3/R11/T10/P10/S11  |    gpio    
ARC-1001 :             done             |         P13          |    gpio    
ARC-1001 :           program_b          |          T2          |  dedicate  
ARC-1001 :        tdi/tms/tck/tdo       |   C12/A15/C14/E14    |  dedicate  
ARC-1001 : ------------------------------------------------------------------
ARC-1004 : Device setting, marked 5 dedicate IOs in total.
RUN-1002 : start command "elaborate -top soc_top"
RUN-1001 : Print Design Property
RUN-1001 : --------------------------------------------------------------
RUN-1001 :        Parameters       |  Settings  |  Default Values  |  Note  
RUN-1001 : --------------------------------------------------------------
RUN-1001 :   default_reg_initial   |    auto    |       auto       |        
RUN-1001 :        infer_add        |     on     |        on        |        
RUN-1001 :        infer_fsm        |    off     |       off        |        
RUN-1001 :        infer_mult       |     on     |        on        |        
RUN-1001 :        infer_ram        |     on     |        on        |        
RUN-1001 :        infer_reg        |     on     |        on        |        
RUN-1001 :   infer_reg_init_value  |     on     |        on        |        
RUN-1001 :        infer_rom        |     on     |        on        |        
RUN-1001 :      infer_shifter      |     on     |        on        |        
RUN-1001 : --------------------------------------------------------------
RUN-1001 : Print Rtl Property
RUN-1001 : --------------------------------------------------------------
RUN-1001 :        Parameters       |  Settings  |  Default Values  |  Note  
RUN-1001 : --------------------------------------------------------------
RUN-1001 :       compress_add      |   ripple   |      ripple      |        
RUN-1001 :        elf_sload        |    off     |       off        |        
RUN-1001 :       fix_undriven      |     0      |        0         |        
RUN-1001 :         flatten         |    off     |       off        |        
RUN-1001 :       gate_sharing      |     on     |        on        |        
RUN-1001 :    hdl_warning_level    |   normal   |      normal      |        
RUN-1001 :   impl_internal_tribuf  |     on     |        on        |        
RUN-1001 :      impl_set_reset     |     on     |        on        |        
RUN-1001 :        infer_gsr        |    off     |       off        |        
RUN-1001 :      keep_hierarchy     |    auto    |       auto       |        
RUN-1001 :        max_fanout       |    9999    |       9999       |        
RUN-1001 :      max_oh2bin_len     |     10     |        10        |        
RUN-1001 :       merge_equal       |     on     |        on        |        
RUN-1001 :       merge_equiv       |     on     |        on        |        
RUN-1001 :        merge_mux        |    off     |       off        |        
RUN-1001 :     min_control_set     |     8      |        8         |        
RUN-1001 :      min_ripple_len     |    auto    |       auto       |        
RUN-1001 :       oh2bin_ratio      |    0.08    |       0.08       |        
RUN-1001 :     opt_adder_fanout    |     on     |        on        |        
RUN-1001 :        opt_arith        |     on     |        on        |        
RUN-1001 :       opt_big_gate      |    off     |       off        |        
RUN-1001 :        opt_const        |     on     |        on        |        
RUN-1001 :      opt_const_mult     |     on     |        on        |        
RUN-1001 :       opt_lessthan      |     on     |        on        |        
RUN-1001 :         opt_mux         |    off     |       off        |        
RUN-1001 :         opt_ram         |    high    |       high       |        
RUN-1001 :      rtl_sim_model      |    off     |       off        |        
RUN-1001 :         seq_syn         |     on     |        on        |        
RUN-1001 : --------------------------------------------------------------
RUN-1001 : Print Global Property
RUN-1001 : ---------------------------------------------------------------
RUN-1001 :        Parameters        |  Settings  |  Default Values  |  Note  
RUN-1001 : ---------------------------------------------------------------
RUN-1001 :          message         |  standard  |     standard     |        
RUN-1001 :   mixed_pack_place_flow  |     on     |        on        |        
RUN-1001 :        qor_monitor       |    off     |       off        |        
RUN-1001 :        syn_ip_flow       |    off     |       off        |        
RUN-1001 :          thread          |    auto    |       auto       |        
RUN-1001 : ---------------------------------------------------------------
RUN-1001 : Print Design Property
RUN-1001 : --------------------------------------------------------------
RUN-1001 :        Parameters       |  Settings  |  Default Values  |  Note  
RUN-1001 : --------------------------------------------------------------
RUN-1001 :   default_reg_initial   |    auto    |       auto       |        
RUN-1001 :        infer_add        |     on     |        on        |        
RUN-1001 :        infer_fsm        |    off     |       off        |        
RUN-1001 :        infer_mult       |     on     |        on        |        
RUN-1001 :        infer_ram        |     on     |        on        |        
RUN-1001 :        infer_reg        |     on     |        on        |        
RUN-1001 :   infer_reg_init_value  |     on     |        on        |        
RUN-1001 :        infer_rom        |     on     |        on        |        
RUN-1001 :      infer_shifter      |     on     |        on        |        
RUN-1001 : --------------------------------------------------------------
HDL-1007 : elaborate module soc_top in ../../src/soc_top.v(1)
HDL-1007 : elaborate module pll in ../../al_ip/pll.v(22)
HDL-1007 : elaborate module EG_PHY_PLL(FIN="24.000",FBCLK_DIV=42,CLKC0_DIV=21,CLKC0_ENABLE="ENABLE",FEEDBK_MODE="NOCOMP",STDBY_ENABLE="DISABLE",CLKC0_CPHASE=20,GMC_GAIN=2,ICP_CURRENT=9,KVCO=2,LPF_CAPACITOR=1,LPF_RESISTOR=8,SYNC_ENABLE="DISABLE") in D:/Anlogic/TD5.6.2/arch/eagle_macro.v(930)
HDL-1007 : port 'CODENSEQ' remains unconnected for this instance in ../../src/soc_cm0.v(106)
HDL-1007 : port 'CODEHINTDE' remains unconnected for this instance in ../../src/soc_cm0.v(106)
HDL-1007 : port 'SPECHTRANS' remains unconnected for this instance in ../../src/soc_cm0.v(106)
HDL-1007 : port 'TDO' remains unconnected for this instance in ../../src/soc_cm0.v(106)
HDL-1007 : port 'nTDOEN' remains unconnected for this instance in ../../src/soc_cm0.v(106)
HDL-1007 : port 'DBGRESTARTED' remains unconnected for this instance in ../../src/soc_cm0.v(106)
HDL-1007 : port 'HALTED' remains unconnected for this instance in ../../src/soc_cm0.v(106)
HDL-1007 : port 'TXEV' remains unconnected for this instance in ../../src/soc_cm0.v(106)
HDL-1007 : port 'LOCKUP' remains unconnected for this instance in ../../src/soc_cm0.v(106)
HDL-1007 : port 'GATEHCLK' remains unconnected for this instance in ../../src/soc_cm0.v(106)
HDL-1007 : port 'SLEEPING' remains unconnected for this instance in ../../src/soc_cm0.v(106)
HDL-1007 : port 'SLEEPDEEP' remains unconnected for this instance in ../../src/soc_cm0.v(106)
HDL-1007 : port 'WAKEUP' remains unconnected for this instance in ../../src/soc_cm0.v(106)
HDL-1007 : port 'WICSENSE' remains unconnected for this instance in ../../src/soc_cm0.v(106)
HDL-1007 : port 'SLEEPHOLDACKn' remains unconnected for this instance in ../../src/soc_cm0.v(106)
HDL-1007 : port 'WICENACK' remains unconnected for this instance in ../../src/soc_cm0.v(106)
HDL-1007 : elaborate module soc_cm0 in ../../src/soc_cm0.v(1)
HDL-1007 : elaborate module CORTEXM0INTEGRATION in ../../src/core/CORTEXM0INTEGRATION.v(29)
HDL-1007 : elaborate module cortexm0ds_logic in ../../src/core/cortexm0ds_logic.v(27)
HDL-1007 : elaborate module cm0_mtx_lite in ../../src/bus/cm0_mtx_lite.v(33)
HDL-1007 : elaborate module cm0_mtx in ../../src/bus/cm0_mtx.v(46)
HDL-1007 : elaborate module cm0_mtx_i in ../../src/bus/cm0_mtx_i.v(32)
HDL-1007 : elaborate module cm0_mtx_decS0 in ../../src/bus/cm0_mtx_decS0.v(36)
HDL-1007 : elaborate module cm0_mtx_default_slave in ../../src/bus/cm0_mtx_default_slave.v(31)
HDL-1007 : elaborate module cm0_mtx_o in ../../src/bus/cm0_mtx_o.v(35)
HDL-1007 : elaborate module cm0_mtx_arb in ../../src/bus/cm0_mtx_arb.v(35)
HDL-1007 : elaborate module cmsdk_ahb_to_sram(AW=32) in ../../src/phr/ahb/tcm/cmsdk_ahb_to_sram.v(26)
HDL-5007 WARNING: actual bit length 17 differs from formal bit length 30 for port 'SRAMADDR' in ../../src/soc_cm0.v(335)
HDL-5007 WARNING: port 'beb' is not connected on this instance in ../../al_ip/itcm.v(35)
HDL-1007 : elaborate module itcm in ../../al_ip/itcm.v(14)
HDL-1007 : elaborate module EG_LOGIC_BRAM(DATA_WIDTH_A=32,DATA_WIDTH_B=32,ADDR_WIDTH_A=14,ADDR_WIDTH_B=14,DATA_DEPTH_A=16384,DATA_DEPTH_B=16384,BYTE_ENABLE=8,BYTE_A=4,BYTE_B=4,MODE="SP",IMPLEMENT="32K") in D:/Anlogic/TD5.6.2/arch/eagle_macro.v(1032)
HDL-5007 WARNING: input port 'beb[3]' is not connected on this instance in ../../al_ip/itcm.v(53)
HDL-5007 WARNING: actual bit length 17 differs from formal bit length 14 for port 'addra' in ../../src/soc_cm0.v(344)
HDL-5007 WARNING: actual bit length 17 differs from formal bit length 30 for port 'SRAMADDR' in ../../src/soc_cm0.v(368)
HDL-5007 WARNING: port 'beb' is not connected on this instance in ../../al_ip/dtcm.v(35)
HDL-1007 : elaborate module dtcm in ../../al_ip/dtcm.v(14)
HDL-1007 : elaborate module EG_LOGIC_BRAM(DATA_WIDTH_A=32,DATA_WIDTH_B=32,ADDR_WIDTH_A=13,ADDR_WIDTH_B=13,DATA_DEPTH_A=8192,DATA_DEPTH_B=8192,BYTE_ENABLE=8,BYTE_A=4,BYTE_B=4,MODE="SP") in D:/Anlogic/TD5.6.2/arch/eagle_macro.v(1032)
HDL-5007 WARNING: input port 'beb[3]' is not connected on this instance in ../../al_ip/dtcm.v(53)
HDL-5007 WARNING: actual bit length 17 differs from formal bit length 13 for port 'addra' in ../../src/soc_cm0.v(377)
HDL-1007 : elaborate module cmsdk_ahb_gpio in ../../src/phr/ahb/gpio/cmsdk_ahb_gpio.v(24)
HDL-1007 : elaborate module cmsdk_ahb_to_iop in ../../src/phr/ahb/gpio/cmsdk_ahb_to_iop.v(28)
HDL-1007 : elaborate module cmsdk_iop_gpio in ../../src/phr/ahb/gpio/cmsdk_iop_gpio.v(46)
HDL-5007 WARNING: actual bit length 32 differs from formal bit length 12 for port 'HADDR' in ../../src/soc_cm0.v(400)
HDL-1007 : elaborate module cmsdk_apb_subsystem(INCLUDE_APB_TEST_SLAVE=0,INCLUDE_APB_TIMER0=0,INCLUDE_APB_TIMER1=0,INCLUDE_APB_DUALTIMER0=0,INCLUDE_APB_UART1=0,INCLUDE_APB_UART2=0,INCLUDE_APB_WATCHDOG=0) in ../../src/phr/ahb/apb_subsystem/cmsdk_apb_subsystem.v(26)
HDL-1007 : elaborate module cmsdk_ahb_to_apb in ../../src/phr/ahb/apb_subsystem/cmsdk_ahb_to_apb.v(31)
HDL-1007 : elaborate module cmsdk_apb_slave_mux(PORT0_ENABLE=0,PORT1_ENABLE=0,PORT2_ENABLE=0,PORT3_ENABLE=0,PORT5_ENABLE=0,PORT6_ENABLE=0,PORT7_ENABLE=0,PORT8_ENABLE=0,PORT9_ENABLE=0,PORT10_ENABLE=0,PORT11_ENABLE=0,PORT12_ENABLE=0,PORT13_ENABLE=0,PORT14_ENABLE=0,PORT15_ENABLE=0) in ../../src/phr/ahb/apb_subsystem/cmsdk_apb_slave_mux.v(26)
HDL-1007 : elaborate module cmsdk_apb_uart in ../../src/phr/ahb/apb_subsystem/uart/cmsdk_apb_uart.v(53)
HDL-5007 WARNING: actual bit length 32 differs from formal bit length 16 for port 'HADDR' in ../../src/soc_cm0.v(452)
HDL-5007 WARNING: net 'HREADYOUTM4' does not have a driver in ../../src/soc_cm0.v(50)
HDL-5007 WARNING: net 'HRESPM4' does not have a driver in ../../src/soc_cm0.v(50)
HDL-5007 WARNING: net 'HRDATAM4[31]' does not have a driver in ../../src/soc_cm0.v(54)
HDL-5007 WARNING: net 'apbsubsys_interrupt[30]' does not have a driver in ../../src/soc_cm0.v(76)
HDL-5007 WARNING: net 'irq_keyboard' does not have a driver in ../../src/soc_cm0.v(77)
HDL-5007 WARNING: net 'RXEV' does not have a driver in ../../src/soc_cm0.v(164)
HDL-5001 WARNING: Contains anonymous inst(s) and/or net(s) that have not been renamed
HDL-1200 : Current top model is soc_top
HDL-1100 : Inferred 0 RAMs.
RUN-1002 : start command "export_db SOC_2_times_elaborate.db"
RUN-1001 : Exported /
RUN-1001 : Exported flow parameters
RUN-1001 : Exported libs
RUN-1001 : Exported entities
RUN-1001 : Exported ports
RUN-1001 : Exported pins
RUN-1001 : Exported instances
RUN-1001 : Exported nets
RUN-1001 : Exported buses
RUN-1001 : Exported models
RUN-1001 : Exported congestions
RUN-1001 : Exported violations
RUN-1001 : Exported IO constraints
RUN-1001 : Exported Inst constraints
RUN-1002 : start command "read_adc ../../src/pins.adc"
RUN-1002 : start command "set_pin_assignment  clk   LOCATION = K14; IOSTANDARD = LVCMOS33; "
RUN-1002 : start command "set_pin_assignment  rst_n   LOCATION = G11; IOSTANDARD = LVCMOS33; "
RUN-1002 : start command "set_pin_assignment  swclk   LOCATION = A8; IOSTANDARD = LVCMOS33; "
RUN-1002 : start command "set_pin_assignment  swdio   LOCATION = A7; IOSTANDARD = LVCMOS33; "
RUN-1002 : start command "set_pin_assignment  led_1s   LOCATION = T13; IOSTANDARD = LVCMOS33; "
RUN-1002 : start command "set_pin_assignment  gpio0[0]   LOCATION = M3; IOSTANDARD = LVCMOS33; "
RUN-1002 : start command "set_pin_assignment  gpio0[1]   LOCATION = M4; IOSTANDARD = LVCMOS33; "
RUN-1002 : start command "set_pin_assignment  gpio0[2]   LOCATION = N3; IOSTANDARD = LVCMOS33; "
RUN-1002 : start command "set_pin_assignment  gpio0[3]   LOCATION = N4; IOSTANDARD = LVCMOS33; "
RUN-1002 : start command "set_pin_assignment  gpio0[4]   LOCATION = M5; IOSTANDARD = LVCMOS33; "
RUN-1002 : start command "set_pin_assignment  gpio0[5]   LOCATION = P4; IOSTANDARD = LVCMOS33; "
RUN-1002 : start command "set_pin_assignment  gpio0[6]   LOCATION = N5; IOSTANDARD = LVCMOS33; "
RUN-1002 : start command "set_pin_assignment  uart0_rxd   LOCATION = F16; IOSTANDARD = LVCMOS33; "
RUN-1002 : start command "set_pin_assignment  uart0_txd   LOCATION = E16; IOSTANDARD = LVCMOS33; "
RUN-1001 : Starting of IO setups legality check.
RUN-1001 : Starting of IO setups legality check.
RUN-1001 : Starting of IO vref setups legality check.
USR-6010 WARNING: ADC constraints: top model pin gpio0[15] has no constraint.
USR-6010 WARNING: ADC constraints: top model pin gpio0[14] has no constraint.
USR-6010 WARNING: ADC constraints: top model pin gpio0[13] has no constraint.
USR-6010 WARNING: ADC constraints: top model pin gpio0[12] has no constraint.
USR-6010 WARNING: ADC constraints: top model pin gpio0[11] has no constraint.
USR-6010 WARNING: ADC constraints: top model pin gpio0[10] has no constraint.
USR-6010 WARNING: ADC constraints: top model pin gpio0[9] has no constraint.
USR-6010 WARNING: ADC constraints: top model pin gpio0[8] has no constraint.
USR-6010 WARNING: ADC constraints: top model pin gpio0[7] has no constraint.
RUN-1002 : start command "optimize_rtl"
RUN-1001 : Open license file D:/Anlogic/TD5.6.2/license/Anlogic.lic
RUN-1001 : Print Global Property
RUN-1001 : ---------------------------------------------------------------
RUN-1001 :        Parameters        |  Settings  |  Default Values  |  Note  
RUN-1001 : ---------------------------------------------------------------
RUN-1001 :          message         |  standard  |     standard     |        
RUN-1001 :   mixed_pack_place_flow  |     on     |        on        |        
RUN-1001 :        qor_monitor       |    off     |       off        |        
RUN-1001 :        syn_ip_flow       |    off     |       off        |        
RUN-1001 :          thread          |    auto    |       auto       |        
RUN-1001 : ---------------------------------------------------------------
RUN-1001 : Print Rtl Property
RUN-1001 : --------------------------------------------------------------
RUN-1001 :        Parameters       |  Settings  |  Default Values  |  Note  
RUN-1001 : --------------------------------------------------------------
RUN-1001 :       compress_add      |   ripple   |      ripple      |        
RUN-1001 :        elf_sload        |    off     |       off        |        
RUN-1001 :       fix_undriven      |     0      |        0         |        
RUN-1001 :         flatten         |    off     |       off        |        
RUN-1001 :       gate_sharing      |     on     |        on        |        
RUN-1001 :    hdl_warning_level    |   normal   |      normal      |        
RUN-1001 :   impl_internal_tribuf  |     on     |        on        |        
RUN-1001 :      impl_set_reset     |     on     |        on        |        
RUN-1001 :        infer_gsr        |    off     |       off        |        
RUN-1001 :      keep_hierarchy     |    auto    |       auto       |        
RUN-1001 :        max_fanout       |    9999    |       9999       |        
RUN-1001 :      max_oh2bin_len     |     10     |        10        |        
RUN-1001 :       merge_equal       |     on     |        on        |        
RUN-1001 :       merge_equiv       |     on     |        on        |        
RUN-1001 :        merge_mux        |    off     |       off        |        
RUN-1001 :     min_control_set     |     8      |        8         |        
RUN-1001 :      min_ripple_len     |    auto    |       auto       |        
RUN-1001 :       oh2bin_ratio      |    0.08    |       0.08       |        
RUN-1001 :     opt_adder_fanout    |     on     |        on        |        
RUN-1001 :        opt_arith        |     on     |        on        |        
RUN-1001 :       opt_big_gate      |    off     |       off        |        
RUN-1001 :        opt_const        |     on     |        on        |        
RUN-1001 :      opt_const_mult     |     on     |        on        |        
RUN-1001 :       opt_lessthan      |     on     |        on        |        
RUN-1001 :         opt_mux         |    off     |       off        |        
RUN-1001 :         opt_ram         |    high    |       high       |        
RUN-1001 :      rtl_sim_model      |    off     |       off        |        
RUN-1001 :         seq_syn         |     on     |        on        |        
RUN-1001 : --------------------------------------------------------------
SYN-1012 : SanityCheck: Model "soc_top"
SYN-1012 : SanityCheck: Model "pll"
SYN-1012 : SanityCheck: Model "soc_cm0"
SYN-1012 : SanityCheck: Model "cmsdk_ahb_to_sram(AW=32)"
SYN-1012 : SanityCheck: Model "CORTEXM0INTEGRATION"
SYN-1012 : SanityCheck: Model "cortexm0ds_logic"
SYN-1012 : SanityCheck: Model "cmsdk_ahb_gpio"
SYN-1012 : SanityCheck: Model "cmsdk_ahb_to_iop"
SYN-1012 : SanityCheck: Model "cmsdk_iop_gpio"
SYN-1012 : SanityCheck: Model "cmsdk_apb_subsystem(INCLUDE_APB_TEST_SLAVE=0,INCLUDE_APB_TIMER0=0,INCLUDE_APB_TIMER1=0,INCLUDE_APB_DUALTIMER0=0,INCLUDE_APB_UART1=0,INCLUDE_APB_UART2=0,INCLUDE_APB_WATCHDOG=0)"
SYN-1012 : SanityCheck: Model "cmsdk_apb_uart"
SYN-1012 : SanityCheck: Model "cmsdk_ahb_to_apb"
SYN-1012 : SanityCheck: Model "cmsdk_apb_slave_mux(PORT0_ENABLE=0,PORT1_ENABLE=0,PORT2_ENABLE=0,PORT3_ENABLE=0,PORT5_ENABLE=0,PORT6_ENABLE=0,PORT7_ENABLE=0,PORT8_ENABLE=0,PORT9_ENABLE=0,PORT10_ENABLE=0,PORT11_ENABLE=0,PORT12_ENABLE=0,PORT13_ENABLE=0,PORT14_ENABLE=0,PORT15_ENABLE=0)"
SYN-1012 : SanityCheck: Model "dtcm"
SYN-1012 : SanityCheck: Model "itcm"
SYN-1012 : SanityCheck: Model "cm0_mtx_lite"
SYN-1012 : SanityCheck: Model "cm0_mtx"
SYN-1012 : SanityCheck: Model "cm0_mtx_decS0"
SYN-1012 : SanityCheck: Model "cm0_mtx_default_slave"
SYN-1012 : SanityCheck: Model "cm0_mtx_i"
SYN-1012 : SanityCheck: Model "cm0_mtx_o"
SYN-1012 : SanityCheck: Model "cm0_mtx_arb"
SYN-1043 : Mark soc_cm0 as IO macro for instance SWDIO_i
SYN-1043 : Mark pll as IO macro for instance pll_inst
SYN-1011 : Flatten model soc_top
SYN-1032 : 29369/1834 useful/useless nets, 26618/688 useful/useless insts
SYN-1001 : Optimize 4 less-than instances
SYN-1016 : Merged 891 instances.
SYN-1032 : 25587/1019 useful/useless nets, 23101/535 useful/useless insts
SYN-1016 : Merged 143 instances.
SYN-5040 CRITICAL-WARNING: Net "gpio0[0]" cannot pass high-z to other port through internal resource.
SYN-5040 CRITICAL-WARNING: Net "gpio0[10]" cannot pass high-z to other port through internal resource.
SYN-5040 CRITICAL-WARNING: Net "gpio0[4]" cannot pass high-z to other port through internal resource.
SYN-5040 CRITICAL-WARNING: Net "gpio0[5]" cannot pass high-z to other port through internal resource.
SYN-5040 CRITICAL-WARNING: Net "gpio0[6]" cannot pass high-z to other port through internal resource.
SYN-5040 CRITICAL-WARNING: Net "gpio0[7]" cannot pass high-z to other port through internal resource.
SYN-5040 CRITICAL-WARNING: Net "gpio0[8]" cannot pass high-z to other port through internal resource.
SYN-5040 CRITICAL-WARNING: Net "gpio0[9]" cannot pass high-z to other port through internal resource.
SYN-5040 CRITICAL-WARNING: Net "gpio0[11]" cannot pass high-z to other port through internal resource.
SYN-5040 CRITICAL-WARNING: Net "gpio0[12]" cannot pass high-z to other port through internal resource.
SYN-5040 Similar messages will be suppressed.
SYN-5011 WARNING: Undriven pin: model "soc_top" / inst "soc_cm0_u0/dtcm_u0/inst" in ../../al_ip/dtcm.v(53) / pin "beb[3]"
SYN-5011 WARNING: Undriven pin: model "soc_top" / inst "soc_cm0_u0/dtcm_u0/inst" in ../../al_ip/dtcm.v(53) / pin "beb[2]"
SYN-5011 WARNING: Undriven pin: model "soc_top" / inst "soc_cm0_u0/dtcm_u0/inst" in ../../al_ip/dtcm.v(53) / pin "beb[1]"
SYN-5011 WARNING: Undriven pin: model "soc_top" / inst "soc_cm0_u0/dtcm_u0/inst" in ../../al_ip/dtcm.v(53) / pin "beb[0]"
SYN-5011 WARNING: Undriven pin: model "soc_top" / inst "soc_cm0_u0/itcm_u0/inst" in ../../al_ip/itcm.v(53) / pin "beb[3]"
SYN-5011 WARNING: Undriven pin: model "soc_top" / inst "soc_cm0_u0/itcm_u0/inst" in ../../al_ip/itcm.v(53) / pin "beb[2]"
SYN-5011 WARNING: Undriven pin: model "soc_top" / inst "soc_cm0_u0/itcm_u0/inst" in ../../al_ip/itcm.v(53) / pin "beb[1]"
SYN-5011 WARNING: Undriven pin: model "soc_top" / inst "soc_cm0_u0/itcm_u0/inst" in ../../al_ip/itcm.v(53) / pin "beb[0]"
SYN-5013 WARNING: Undriven net: model "soc_top" / net "soc_cm0_u0/cm0_u0/RXEV" in ../../src/core/CORTEXM0INTEGRATION.v(75)
SYN-5014 WARNING: the net's pin: pin "I[0]" in ../../src/core/cortexm0ds_logic.v(4201)
SYN-5013 WARNING: Undriven net: model "soc_top" / net "soc_cm0_u0/cm0_u0/u_logic/IRQ[31]" in ../../src/core/cortexm0ds_logic.v(48)
SYN-5014 WARNING: the net's pin: pin "I[0]" in ../../src/core/cortexm0ds_logic.v(5093)
SYN-5014 WARNING: the net's pin: pin "I[1]" in ../../src/core/cortexm0ds_logic.v(8726)
SYN-5013 WARNING: Undriven net: model "soc_top" / net "soc_cm0_u0/cm0_u0/u_logic/IRQ[30]" in ../../src/core/cortexm0ds_logic.v(48)
SYN-5014 WARNING: the net's pin: pin "I[0]" in ../../src/core/cortexm0ds_logic.v(6073)
SYN-5014 WARNING: the net's pin: pin "I[1]" in ../../src/core/cortexm0ds_logic.v(8718)
SYN-5013 WARNING: Undriven net: model "soc_top" / net "soc_cm0_u0/cm0_u0/u_logic/IRQ[29]" in ../../src/core/cortexm0ds_logic.v(48)
SYN-5014 WARNING: the net's pin: pin "I[0]" in ../../src/core/cortexm0ds_logic.v(5099)
SYN-5014 WARNING: the net's pin: pin "I[1]" in ../../src/core/cortexm0ds_logic.v(8710)
SYN-5013 WARNING: Undriven net: model "soc_top" / net "soc_cm0_u0/cm0_u0/u_logic/IRQ[28]" in ../../src/core/cortexm0ds_logic.v(48)
SYN-5014 WARNING: the net's pin: pin "I[0]" in ../../src/core/cortexm0ds_logic.v(5785)
SYN-5014 WARNING: the net's pin: pin "I[1]" in ../../src/core/cortexm0ds_logic.v(8702)
SYN-5013 WARNING: Undriven net: model "soc_top" / net "soc_cm0_u0/cm0_u0/u_logic/IRQ[27]" in ../../src/core/cortexm0ds_logic.v(48)
SYN-5014 WARNING: the net's pin: pin "I[0]" in ../../src/core/cortexm0ds_logic.v(5791)
SYN-5014 WARNING: the net's pin: pin "I[1]" in ../../src/core/cortexm0ds_logic.v(8694)
SYN-5013 WARNING: Undriven net: model "soc_top" / net "soc_cm0_u0/cm0_u0/u_logic/IRQ[26]" in ../../src/core/cortexm0ds_logic.v(48)
SYN-5014 WARNING: the net's pin: pin "I[0]" in ../../src/core/cortexm0ds_logic.v(5797)
SYN-5014 WARNING: the net's pin: pin "I[1]" in ../../src/core/cortexm0ds_logic.v(8686)
SYN-5013 WARNING: Undriven net: model "soc_top" / net "soc_cm0_u0/cm0_u0/u_logic/IRQ[25]" in ../../src/core/cortexm0ds_logic.v(48)
SYN-5014 WARNING: the net's pin: pin "I[1]" in ../../src/core/cortexm0ds_logic.v(4330)
SYN-5014 WARNING: the net's pin: pin "I[0]" in ../../src/core/cortexm0ds_logic.v(5805)
SYN-5013 WARNING: Undriven net: model "soc_top" / net "soc_cm0_u0/cm0_u0/u_logic/IRQ[24]" in ../../src/core/cortexm0ds_logic.v(48)
SYN-5014 WARNING: the net's pin: pin "I[1]" in ../../src/core/cortexm0ds_logic.v(4321)
SYN-5014 WARNING: the net's pin: pin "I[0]" in ../../src/core/cortexm0ds_logic.v(5813)
SYN-5013 WARNING: Undriven net: model "soc_top" / net "soc_cm0_u0/cm0_u0/u_logic/IRQ[23]" in ../../src/core/cortexm0ds_logic.v(48)
SYN-5014 WARNING: the net's pin: pin "I[0]" in ../../src/core/cortexm0ds_logic.v(5349)
SYN-5014 WARNING: the net's pin: pin "I[1]" in ../../src/core/cortexm0ds_logic.v(8678)
SYN-5013 WARNING: Undriven net: model "soc_top" / net "soc_cm0_u0/cm0_u0/u_logic/IRQ[22]" in ../../src/core/cortexm0ds_logic.v(48)
SYN-5014 WARNING: the net's pin: pin "I[0]" in ../../src/core/cortexm0ds_logic.v(5360)
SYN-5014 WARNING: the net's pin: pin "I[1]" in ../../src/core/cortexm0ds_logic.v(8670)
SYN-5013 WARNING: Undriven net: model "soc_top" / net "soc_cm0_u0/cm0_u0/u_logic/IRQ[21]" in ../../src/core/cortexm0ds_logic.v(48)
SYN-5014 WARNING: the net's pin: pin "I[0]" in ../../src/core/cortexm0ds_logic.v(5371)
SYN-5014 WARNING: the net's pin: pin "I[1]" in ../../src/core/cortexm0ds_logic.v(8662)
SYN-5013 WARNING: Undriven net: model "soc_top" / net "soc_cm0_u0/cm0_u0/u_logic/IRQ[20]" in ../../src/core/cortexm0ds_logic.v(48)
SYN-5014 WARNING: the net's pin: pin "I[0]" in ../../src/core/cortexm0ds_logic.v(5381)
SYN-5014 WARNING: the net's pin: pin "I[1]" in ../../src/core/cortexm0ds_logic.v(8653)
SYN-5013 WARNING: Undriven net: model "soc_top" / net "soc_cm0_u0/cm0_u0/u_logic/IRQ[19]" in ../../src/core/cortexm0ds_logic.v(48)
SYN-5014 WARNING: the net's pin: pin "I[0]" in ../../src/core/cortexm0ds_logic.v(5391)
SYN-5014 WARNING: the net's pin: pin "I[1]" in ../../src/core/cortexm0ds_logic.v(8645)
SYN-5013 WARNING: Undriven net: model "soc_top" / net "soc_cm0_u0/cm0_u0/u_logic/IRQ[18]" in ../../src/core/cortexm0ds_logic.v(48)
SYN-5014 WARNING: the net's pin: pin "I[0]" in ../../src/core/cortexm0ds_logic.v(5401)
SYN-5014 WARNING: the net's pin: pin "I[1]" in ../../src/core/cortexm0ds_logic.v(8637)
SYN-5013 WARNING: Undriven net: model "soc_top" / net "soc_cm0_u0/cm0_u0/u_logic/IRQ[17]" in ../../src/core/cortexm0ds_logic.v(48)
SYN-5014 WARNING: the net's pin: pin "I[0]" in ../../src/core/cortexm0ds_logic.v(5411)
SYN-5014 WARNING: the net's pin: pin "I[1]" in ../../src/core/cortexm0ds_logic.v(8629)
SYN-5013 WARNING: Undriven net: model "soc_top" / net "soc_cm0_u0/cm0_u0/u_logic/IRQ[16]" in ../../src/core/cortexm0ds_logic.v(48)
SYN-5014 WARNING: the net's pin: pin "I[0]" in ../../src/core/cortexm0ds_logic.v(6067)
SYN-5014 WARNING: the net's pin: pin "I[1]" in ../../src/core/cortexm0ds_logic.v(8621)
SYN-5013 WARNING: Undriven net: model "soc_top" / net "soc_cm0_u0/cm0_u0/u_logic/IRQ[15]" in ../../src/core/cortexm0ds_logic.v(48)
SYN-5014 WARNING: the net's pin: pin "I[0]" in ../../src/core/cortexm0ds_logic.v(5819)
SYN-5014 WARNING: the net's pin: pin "I[1]" in ../../src/core/cortexm0ds_logic.v(8612)
SYN-5013 WARNING: Undriven net: model "soc_top" / net "soc_cm0_u0/cm0_u0/u_logic/IRQ[14]" in ../../src/core/cortexm0ds_logic.v(48)
SYN-5014 WARNING: the net's pin: pin "I[0]" in ../../src/core/cortexm0ds_logic.v(5825)
SYN-5014 WARNING: the net's pin: pin "I[1]" in ../../src/core/cortexm0ds_logic.v(8604)
SYN-5013 WARNING: Undriven net: model "soc_top" / net "soc_cm0_u0/cm0_u0/u_logic/IRQ[13]" in ../../src/core/cortexm0ds_logic.v(48)
SYN-5014 WARNING: the net's pin: pin "I[0]" in ../../src/core/cortexm0ds_logic.v(5831)
SYN-5014 WARNING: the net's pin: pin "I[1]" in ../../src/core/cortexm0ds_logic.v(8596)
SYN-5013 WARNING: Undriven net: model "soc_top" / net "soc_cm0_u0/cm0_u0/u_logic/IRQ[12]" in ../../src/core/cortexm0ds_logic.v(48)
SYN-5014 WARNING: the net's pin: pin "I[0]" in ../../src/core/cortexm0ds_logic.v(5837)
SYN-5014 WARNING: the net's pin: pin "I[1]" in ../../src/core/cortexm0ds_logic.v(8588)
SYN-5013 WARNING: Undriven net: model "soc_top" / net "soc_cm0_u0/cm0_u0/u_logic/IRQ[11]" in ../../src/core/cortexm0ds_logic.v(48)
SYN-5014 WARNING: the net's pin: pin "I[0]" in ../../src/core/cortexm0ds_logic.v(5843)
SYN-5014 WARNING: the net's pin: pin "I[1]" in ../../src/core/cortexm0ds_logic.v(8580)
SYN-5013 WARNING: Undriven net: model "soc_top" / net "soc_cm0_u0/cm0_u0/u_logic/IRQ[10]" in ../../src/core/cortexm0ds_logic.v(48)
SYN-5014 WARNING: the net's pin: pin "I[0]" in ../../src/core/cortexm0ds_logic.v(5849)
SYN-5014 WARNING: the net's pin: pin "I[1]" in ../../src/core/cortexm0ds_logic.v(8572)
SYN-5013 WARNING: Undriven net: model "soc_top" / net "soc_cm0_u0/cm0_u0/u_logic/IRQ[9]" in ../../src/core/cortexm0ds_logic.v(48)
SYN-5014 WARNING: the net's pin: pin "I[1]" in ../../src/core/cortexm0ds_logic.v(4313)
SYN-5014 WARNING: the net's pin: pin "I[0]" in ../../src/core/cortexm0ds_logic.v(5857)
SYN-5013 WARNING: Undriven net: model "soc_top" / net "soc_cm0_u0/cm0_u0/u_logic/IRQ[8]" in ../../src/core/cortexm0ds_logic.v(48)
SYN-5014 WARNING: the net's pin: pin "I[1]" in ../../src/core/cortexm0ds_logic.v(4303)
SYN-5014 WARNING: the net's pin: pin "I[0]" in ../../src/core/cortexm0ds_logic.v(5865)
SYN-5013 WARNING: Undriven net: model "soc_top" / net "soc_cm0_u0/cm0_u0/u_logic/IRQ[7]" in ../../src/core/cortexm0ds_logic.v(48)
SYN-5014 WARNING: the net's pin: pin "I[0]" in ../../src/core/cortexm0ds_logic.v(5717)
SYN-5014 WARNING: the net's pin: pin "I[1]" in ../../src/core/cortexm0ds_logic.v(8564)
SYN-5013 WARNING: Undriven net: model "soc_top" / net "soc_cm0_u0/cm0_u0/u_logic/IRQ[6]" in ../../src/core/cortexm0ds_logic.v(48)
SYN-5014 WARNING: the net's pin: pin "I[0]" in ../../src/core/cortexm0ds_logic.v(5723)
SYN-5014 WARNING: the net's pin: pin "I[1]" in ../../src/core/cortexm0ds_logic.v(8556)
SYN-5013 WARNING: Undriven net: model "soc_top" / net "soc_cm0_u0/cm0_u0/u_logic/IRQ[5]" in ../../src/core/cortexm0ds_logic.v(48)
SYN-5014 WARNING: the net's pin: pin "I[0]" in ../../src/core/cortexm0ds_logic.v(5729)
SYN-5014 WARNING: the net's pin: pin "I[1]" in ../../src/core/cortexm0ds_logic.v(8548)
SYN-5013 WARNING: Undriven net: model "soc_top" / net "soc_cm0_u0/cm0_u0/u_logic/IRQ[4]" in ../../src/core/cortexm0ds_logic.v(48)
SYN-5014 WARNING: the net's pin: pin "I[0]" in ../../src/core/cortexm0ds_logic.v(5735)
SYN-5014 WARNING: the net's pin: pin "I[1]" in ../../src/core/cortexm0ds_logic.v(8539)
SYN-5013 WARNING: Undriven net: model "soc_top" / net "soc_cm0_u0/cm0_u0/u_logic/IRQ[3]" in ../../src/core/cortexm0ds_logic.v(48)
SYN-5014 WARNING: the net's pin: pin "I[0]" in ../../src/core/cortexm0ds_logic.v(5741)
SYN-5014 WARNING: the net's pin: pin "I[1]" in ../../src/core/cortexm0ds_logic.v(8531)
SYN-5013 WARNING: Undriven net: model "soc_top" / net "soc_cm0_u0/cm0_u0/u_logic/IRQ[2]" in ../../src/core/cortexm0ds_logic.v(48)
SYN-5014 WARNING: the net's pin: pin "I[0]" in ../../src/core/cortexm0ds_logic.v(5887)
SYN-5014 WARNING: the net's pin: pin "I[1]" in ../../src/core/cortexm0ds_logic.v(8523)
SYN-5013 WARNING: Undriven net: model "soc_top" / net "soc_cm0_u0/cm0_u0/u_logic/IRQ[1]" in ../../src/core/cortexm0ds_logic.v(48)
SYN-5014 WARNING: the net's pin: pin "I[0]" in ../../src/core/cortexm0ds_logic.v(5893)
SYN-5014 WARNING: the net's pin: pin "I[1]" in ../../src/core/cortexm0ds_logic.v(8513)
SYN-5013 WARNING: Undriven net: model "soc_top" / net "soc_cm0_u0/cm0_u0/u_logic/IRQ[0]" in ../../src/core/cortexm0ds_logic.v(48)
SYN-5014 WARNING: the net's pin: pin "I[0]" in ../../src/core/cortexm0ds_logic.v(4674)
SYN-5014 WARNING: the net's pin: pin "I[1]" in ../../src/core/cortexm0ds_logic.v(8505)
SYN-5013 WARNING: Undriven net: model "soc_top" / net "soc_cm0_u0/mtx_lite_u0/HRDATAM4[31]" in ../../src/bus/cm0_mtx_lite.v(218)
SYN-5014 WARNING: the net's pin: pin "i0" in ../../src/bus/cm0_mtx_decS0.v(432)
SYN-5013 WARNING: Undriven net: model "soc_top" / net "soc_cm0_u0/mtx_lite_u0/HRDATAM4[30]" in ../../src/bus/cm0_mtx_lite.v(218)
SYN-5014 WARNING: the net's pin: pin "i0" in ../../src/bus/cm0_mtx_decS0.v(432)
SYN-5013 WARNING: Undriven net: model "soc_top" / net "soc_cm0_u0/mtx_lite_u0/HRDATAM4[29]" in ../../src/bus/cm0_mtx_lite.v(218)
SYN-5014 WARNING: the net's pin: pin "i0" in ../../src/bus/cm0_mtx_decS0.v(432)
SYN-5013 WARNING: Undriven net: model "soc_top" / net "soc_cm0_u0/mtx_lite_u0/HRDATAM4[28]" in ../../src/bus/cm0_mtx_lite.v(218)
SYN-5014 WARNING: the net's pin: pin "i0" in ../../src/bus/cm0_mtx_decS0.v(432)
SYN-5013 WARNING: Undriven net: model "soc_top" / net "soc_cm0_u0/mtx_lite_u0/HRDATAM4[27]" in ../../src/bus/cm0_mtx_lite.v(218)
SYN-5014 WARNING: the net's pin: pin "i0" in ../../src/bus/cm0_mtx_decS0.v(432)
SYN-5013 WARNING: Undriven net: model "soc_top" / net "soc_cm0_u0/mtx_lite_u0/HRDATAM4[26]" in ../../src/bus/cm0_mtx_lite.v(218)
SYN-5014 WARNING: the net's pin: pin "i0" in ../../src/bus/cm0_mtx_decS0.v(432)
SYN-5013 WARNING: Undriven net: model "soc_top" / net "soc_cm0_u0/mtx_lite_u0/HRDATAM4[25]" in ../../src/bus/cm0_mtx_lite.v(218)
SYN-5014 WARNING: the net's pin: pin "i0" in ../../src/bus/cm0_mtx_decS0.v(432)
SYN-5013 WARNING: Undriven net: model "soc_top" / net "soc_cm0_u0/mtx_lite_u0/HRDATAM4[24]" in ../../src/bus/cm0_mtx_lite.v(218)
SYN-5014 WARNING: the net's pin: pin "i0" in ../../src/bus/cm0_mtx_decS0.v(432)
SYN-5013 WARNING: Undriven net: model "soc_top" / net "soc_cm0_u0/mtx_lite_u0/HRDATAM4[23]" in ../../src/bus/cm0_mtx_lite.v(218)
SYN-5014 WARNING: the net's pin: pin "i0" in ../../src/bus/cm0_mtx_decS0.v(432)
SYN-5013 WARNING: Undriven net: model "soc_top" / net "soc_cm0_u0/mtx_lite_u0/HRDATAM4[22]" in ../../src/bus/cm0_mtx_lite.v(218)
SYN-5014 WARNING: the net's pin: pin "i0" in ../../src/bus/cm0_mtx_decS0.v(432)
SYN-5013 WARNING: Undriven net: model "soc_top" / net "soc_cm0_u0/mtx_lite_u0/HRDATAM4[21]" in ../../src/bus/cm0_mtx_lite.v(218)
SYN-5014 WARNING: the net's pin: pin "i0" in ../../src/bus/cm0_mtx_decS0.v(432)
SYN-5013 WARNING: Undriven net: model "soc_top" / net "soc_cm0_u0/mtx_lite_u0/HRDATAM4[20]" in ../../src/bus/cm0_mtx_lite.v(218)
SYN-5014 WARNING: the net's pin: pin "i0" in ../../src/bus/cm0_mtx_decS0.v(432)
SYN-5013 WARNING: Undriven net: model "soc_top" / net "soc_cm0_u0/mtx_lite_u0/HRDATAM4[19]" in ../../src/bus/cm0_mtx_lite.v(218)
SYN-5014 WARNING: the net's pin: pin "i0" in ../../src/bus/cm0_mtx_decS0.v(432)
SYN-5013 WARNING: Undriven net: model "soc_top" / net "soc_cm0_u0/mtx_lite_u0/HRDATAM4[18]" in ../../src/bus/cm0_mtx_lite.v(218)
SYN-5014 WARNING: the net's pin: pin "i0" in ../../src/bus/cm0_mtx_decS0.v(432)
SYN-5013 WARNING: Undriven net: model "soc_top" / net "soc_cm0_u0/mtx_lite_u0/HRDATAM4[17]" in ../../src/bus/cm0_mtx_lite.v(218)
SYN-5014 WARNING: the net's pin: pin "i0" in ../../src/bus/cm0_mtx_decS0.v(432)
SYN-5013 WARNING: Undriven net: model "soc_top" / net "soc_cm0_u0/mtx_lite_u0/HRDATAM4[16]" in ../../src/bus/cm0_mtx_lite.v(218)
SYN-5014 WARNING: the net's pin: pin "i0" in ../../src/bus/cm0_mtx_decS0.v(432)
SYN-5013 WARNING: Undriven net: model "soc_top" / net "soc_cm0_u0/mtx_lite_u0/HRDATAM4[15]" in ../../src/bus/cm0_mtx_lite.v(218)
SYN-5014 WARNING: the net's pin: pin "i0" in ../../src/bus/cm0_mtx_decS0.v(432)
SYN-5013 WARNING: Undriven net: model "soc_top" / net "soc_cm0_u0/mtx_lite_u0/HRDATAM4[14]" in ../../src/bus/cm0_mtx_lite.v(218)
SYN-5014 WARNING: the net's pin: pin "i0" in ../../src/bus/cm0_mtx_decS0.v(432)
SYN-5013 WARNING: Undriven net: model "soc_top" / net "soc_cm0_u0/mtx_lite_u0/HRDATAM4[13]" in ../../src/bus/cm0_mtx_lite.v(218)
SYN-5014 WARNING: the net's pin: pin "i0" in ../../src/bus/cm0_mtx_decS0.v(432)
SYN-5013 WARNING: Undriven net: model "soc_top" / net "soc_cm0_u0/mtx_lite_u0/HRDATAM4[12]" in ../../src/bus/cm0_mtx_lite.v(218)
SYN-5014 WARNING: the net's pin: pin "i0" in ../../src/bus/cm0_mtx_decS0.v(432)
SYN-5013 WARNING: Undriven net: model "soc_top" / net "soc_cm0_u0/mtx_lite_u0/HRDATAM4[11]" in ../../src/bus/cm0_mtx_lite.v(218)
SYN-5014 WARNING: the net's pin: pin "i0" in ../../src/bus/cm0_mtx_decS0.v(432)
SYN-5013 WARNING: Undriven net: model "soc_top" / net "soc_cm0_u0/mtx_lite_u0/HRDATAM4[10]" in ../../src/bus/cm0_mtx_lite.v(218)
SYN-5014 WARNING: the net's pin: pin "i0" in ../../src/bus/cm0_mtx_decS0.v(432)
SYN-5013 WARNING: Undriven net: model "soc_top" / net "soc_cm0_u0/mtx_lite_u0/HRDATAM4[9]" in ../../src/bus/cm0_mtx_lite.v(218)
SYN-5014 WARNING: the net's pin: pin "i0" in ../../src/bus/cm0_mtx_decS0.v(432)
SYN-5013 WARNING: Undriven net: model "soc_top" / net "soc_cm0_u0/mtx_lite_u0/HRDATAM4[8]" in ../../src/bus/cm0_mtx_lite.v(218)
SYN-5014 WARNING: the net's pin: pin "i0" in ../../src/bus/cm0_mtx_decS0.v(432)
SYN-5013 WARNING: Undriven net: model "soc_top" / net "soc_cm0_u0/mtx_lite_u0/HRDATAM4[7]" in ../../src/bus/cm0_mtx_lite.v(218)
SYN-5014 WARNING: the net's pin: pin "i0" in ../../src/bus/cm0_mtx_decS0.v(432)
SYN-5013 WARNING: Undriven net: model "soc_top" / net "soc_cm0_u0/mtx_lite_u0/HRDATAM4[6]" in ../../src/bus/cm0_mtx_lite.v(218)
SYN-5014 WARNING: the net's pin: pin "i0" in ../../src/bus/cm0_mtx_decS0.v(432)
SYN-5013 WARNING: Undriven net: model "soc_top" / net "soc_cm0_u0/mtx_lite_u0/HRDATAM4[5]" in ../../src/bus/cm0_mtx_lite.v(218)
SYN-5014 WARNING: the net's pin: pin "i0" in ../../src/bus/cm0_mtx_decS0.v(432)
SYN-5013 WARNING: Undriven net: model "soc_top" / net "soc_cm0_u0/mtx_lite_u0/HRDATAM4[4]" in ../../src/bus/cm0_mtx_lite.v(218)
SYN-5014 WARNING: the net's pin: pin "i0" in ../../src/bus/cm0_mtx_decS0.v(432)
SYN-5013 WARNING: Undriven net: model "soc_top" / net "soc_cm0_u0/mtx_lite_u0/HRDATAM4[3]" in ../../src/bus/cm0_mtx_lite.v(218)
SYN-5014 WARNING: the net's pin: pin "i0" in ../../src/bus/cm0_mtx_decS0.v(432)
SYN-5013 WARNING: Undriven net: model "soc_top" / net "soc_cm0_u0/mtx_lite_u0/HRDATAM4[2]" in ../../src/bus/cm0_mtx_lite.v(218)
SYN-5014 WARNING: the net's pin: pin "i0" in ../../src/bus/cm0_mtx_decS0.v(432)
SYN-5013 WARNING: Undriven net: model "soc_top" / net "soc_cm0_u0/mtx_lite_u0/HRDATAM4[1]" in ../../src/bus/cm0_mtx_lite.v(218)
SYN-5014 WARNING: the net's pin: pin "i0" in ../../src/bus/cm0_mtx_decS0.v(432)
SYN-5013 WARNING: Undriven net: model "soc_top" / net "soc_cm0_u0/mtx_lite_u0/HRDATAM4[0]" in ../../src/bus/cm0_mtx_lite.v(218)
SYN-5014 WARNING: the net's pin: pin "i0" in ../../src/bus/cm0_mtx_decS0.v(432)
SYN-5013 WARNING: Undriven net: model "soc_top" / net "soc_cm0_u0/mtx_lite_u0/HREADYOUTM4" in ../../src/bus/cm0_mtx_lite.v(219)
SYN-5014 WARNING: the net's pin: pin "i1" in ../../src/bus/cm0_mtx_o.v(371)
SYN-5013 WARNING: Undriven net: model "soc_top" / net "soc_cm0_u0/mtx_lite_u0/ucm0_mtx/HRESPM4[0]" in ../../src/bus/cm0_mtx.v(245)
SYN-5014 WARNING: the net's pin: pin "i0" in ../../src/bus/cm0_mtx_decS0.v(411)
SYN-5025 WARNING: Using 0 for all undriven pins and nets
SYN-1032 : 24711/246 useful/useless nets, 24372/512 useful/useless insts
SYN-1014 : Optimize round 1
SYN-1044 : Optimized 60 inv instances.
SYN-1032 : 24651/60 useful/useless nets, 24312/0 useful/useless insts
SYN-1018 : Transformed 16 mux instances.
SYN-1019 : Optimized 118 mux instances.
SYN-1021 : Optimized 229 onehot mux instances.
SYN-1020 : Optimized 146 distributor mux.
SYN-1001 : Optimize 1 less-than instances
SYN-1019 : Optimized 12 mux instances.
SYN-1016 : Merged 221 instances.
SYN-1015 : Optimize round 1, 4668 better
SYN-1014 : Optimize round 2
SYN-1044 : Optimized 1 inv instances.
SYN-1032 : 22900/2 useful/useless nets, 22561/200 useful/useless insts
SYN-1017 : Remove 3 const input seq instances
SYN-1002 :     soc_cm0_u0/cmsdk_apb_subsystem_u0/u_ahb_to_apb/reg3_syn_22
SYN-1002 :     soc_cm0_u0/mtx_lite_u0/ucm0_mtx/u_cm0_mtx_i_0/burst_override_reg
SYN-1002 :     soc_cm0_u0/mtx_lite_u0/ucm0_mtx/u_cm0_mtx_i_0/reg2_syn_2
SYN-1019 : Optimized 64 mux instances.
SYN-1020 : Optimized 32 distributor mux.
SYN-1016 : Merged 87 instances.
SYN-1015 : Optimize round 2, 413 better
SYN-1032 : 22741/55 useful/useless nets, 22417/94 useful/useless insts
SYN-3008 : Optimized 1 const1 DFF(s)
SYN-3008 : Optimized 1 const1 DFF(s)
SYN-3004 : Optimized 1 const0 DFF(s)
SYN-3004 : Optimized 42 const0 DFF(s)
SYN-1032 : 22619/122 useful/useless nets, 22297/75 useful/useless insts
SYN-1014 : Optimize round 1
SYN-1044 : Optimized 7 inv instances.
SYN-1032 : 22559/12 useful/useless nets, 22237/10 useful/useless insts
SYN-1019 : Optimized 113 mux instances.
SYN-1016 : Merged 5 instances.
SYN-1015 : Optimize round 1, 187 better
SYN-1014 : Optimize round 2
SYN-1032 : 22389/39 useful/useless nets, 22070/40 useful/useless insts
SYN-1019 : Optimized 4 mux instances.
SYN-1015 : Optimize round 2, 88 better
SYN-1014 : Optimize round 3
SYN-1015 : Optimize round 3, 0 better
RUN-1003 : finish command "optimize_rtl" in  6.096625s wall, 1.359375s user + 0.078125s system = 1.437500s CPU (23.6%)

RUN-1004 : used memory is 224 MB, reserved memory is 193 MB, peak memory is 226 MB
RUN-1002 : start command "report_area -file SOC_2_times_rtl.area"
RUN-1001 : standard
***Report Model: soc_top Device: EG4S20BG256***

IO Statistics
#IO                        23
  #input                    4
  #output                   2
  #inout                   17

Gate Statistics
#Basic gates            21309
  #and                   9957
  #nand                     0
  #or                    2177
  #nor                      0
  #xor                     73
  #xnor                     0
  #buf                      0
  #not                   6623
  #bufif1                  17
  #MX21                   636
  #FADD                     0
  #DFF                   1826
  #LATCH                    0
#MACRO_ADD                 17
#MACRO_EQ                  65
#MACRO_MULT                 1
#MACRO_MUX                669
#MACRO_OTHERS               2

Report Hierarchy Area:
+---------------------------------------------------------------------------------+
|Instance                          |Module                |gates  |seq    |macros |
+---------------------------------------------------------------------------------+
|top                               |soc_top               |19483  |1826   |85     |
|  pll_u0                          |pll                   |0      |0      |0      |
|  soc_cm0_u0                      |soc_cm0               |19481  |1793   |83     |
|    ahb_dtcm                      |cmsdk_ahb_to_sram     |39     |56     |1      |
|    ahb_itcm                      |cmsdk_ahb_to_sram     |39     |57     |1      |
|    cm0_u0                        |CORTEXM0INTEGRATION   |18458  |1297   |14     |
|      u_logic                     |cortexm0ds_logic      |18458  |1297   |14     |
|    cmsdk_ahb_gpio_u0             |cmsdk_ahb_gpio        |545    |177    |19     |
|      u_ahb_to_gpio               |cmsdk_ahb_to_iop      |0      |17     |0      |
|      u_iop_gpio                  |cmsdk_iop_gpio        |545    |160    |19     |
|    cmsdk_apb_subsystem_u0        |cmsdk_apb_subsystem   |129    |154    |30     |
|      gen_apb_uart_0$u_apb_uart_0 |cmsdk_apb_uart        |98     |116    |25     |
|      u_ahb_to_apb                |cmsdk_ahb_to_apb      |8      |38     |4      |
|      u_apb_slave_mux             |cmsdk_apb_slave_mux   |21     |0      |1      |
|    dtcm_u0                       |dtcm                  |0      |0      |1      |
|    itcm_u0                       |itcm                  |0      |0      |1      |
|    mtx_lite_u0                   |cm0_mtx_lite          |222    |50     |16     |
|      ucm0_mtx                    |cm0_mtx               |222    |50     |16     |
|        u_cm0_mtx_decs0           |cm0_mtx_decS0         |64     |6      |16     |
|          u_cm0_mtx_default_slave |cm0_mtx_default_slave |4      |2      |0      |
|        u_cm0_mtx_i_0             |cm0_mtx_i             |15     |37     |0      |
|        u_cm0_mtx_o_0             |cm0_mtx_o             |44     |1      |0      |
|          u_output_arb            |cm0_mtx_arb           |3      |1      |0      |
|        u_cm0_mtx_o_1             |cm0_mtx_o             |44     |1      |0      |
|          u_output_arb            |cm0_mtx_arb           |3      |1      |0      |
|        u_cm0_mtx_o_2             |cm0_mtx_o             |24     |2      |0      |
|          u_output_arb            |cm0_mtx_arb           |3      |1      |0      |
|        u_cm0_mtx_o_3             |cm0_mtx_o             |23     |1      |0      |
|          u_output_arb            |cm0_mtx_arb           |3      |1      |0      |
|        u_cm0_mtx_o_4             |cm0_mtx_o             |8      |2      |0      |
|          u_output_arb            |cm0_mtx_arb           |3      |1      |0      |
+---------------------------------------------------------------------------------+

RUN-1002 : start command "export_db SOC_2_times_rtl.db"
RUN-1001 : Exported /
RUN-1001 : Exported flow parameters
RUN-1001 : Exported libs
RUN-1001 : Exported entities
RUN-1001 : Exported ports
RUN-1001 : Exported pins
RUN-1001 : Exported instances
RUN-1001 : Exported nets
RUN-1001 : Exported buses
RUN-1001 : Exported models
RUN-1001 : Exported congestions
RUN-1001 : Exported violations
RUN-1001 : Exported IO constraints
RUN-1001 : Exported Inst constraints
RUN-1002 : start command "optimize_gate -maparea SOC_2_times_gate.area"
RUN-1001 : Open license file D:/Anlogic/TD5.6.2/license/Anlogic.lic
RUN-1001 : Print Global Property
RUN-1001 : ---------------------------------------------------------------
RUN-1001 :        Parameters        |  Settings  |  Default Values  |  Note  
RUN-1001 : ---------------------------------------------------------------
RUN-1001 :          message         |  standard  |     standard     |        
RUN-1001 :   mixed_pack_place_flow  |     on     |        on        |        
RUN-1001 :        qor_monitor       |    off     |       off        |        
RUN-1001 :        syn_ip_flow       |    off     |       off        |        
RUN-1001 :          thread          |    auto    |       auto       |        
RUN-1001 : ---------------------------------------------------------------
RUN-1001 : Print Gate Property
RUN-1001 : ------------------------------------------------------------------
RUN-1001 :          Parameters         |  Settings  |  Default Values  |  Note  
RUN-1001 : ------------------------------------------------------------------
RUN-1001 :         cascade_dsp         |    off     |       off        |        
RUN-1001 :         cascade_eram        |    off     |       off        |        
RUN-1001 :        gate_sim_model       |    off     |       off        |        
RUN-1001 :        map_sim_model        |    off     |       off        |        
RUN-1001 :         map_strategy        |     1      |        1         |        
RUN-1001 :           opt_area          |   medium   |      medium      |        
RUN-1001 :          opt_timing         |    auto    |       auto       |        
RUN-1001 :         pack_effort         |   medium   |      medium      |        
RUN-1001 :      pack_lslice_ripple     |     on     |        on        |        
RUN-1001 :   pack_lslice_ripple_ratio  |    0.5     |       0.5        |        
RUN-1001 :        pack_seq_in_io       |    auto    |       auto       |        
RUN-1001 :        ph1_mux_ratio        |    1.0     |       1.0        |        
RUN-1001 :            report           |  standard  |     standard     |        
RUN-1001 :           retiming          |    off     |       off        |        
RUN-1001 : ------------------------------------------------------------------
SYN-2001 : Map 23 IOs to PADs
SYN-1032 : 22406/2 useful/useless nets, 22070/19 useful/useless insts
RUN-1002 : start command "update_pll_param -module soc_top"
SYN-2501 : Processed 0 LOGIC_BUF instances.
SYN-2512 : LOGIC BRAM "soc_cm0_u0/dtcm_u0/inst"
SYN-2512 : LOGIC BRAM "soc_cm0_u0/itcm_u0/inst"
SYN-2571 : Map 1 macro multiplier
SYN-2571 : Optimize after map_dsp, round 1
SYN-1032 : 22709/68 useful/useless nets, 22236/1 useful/useless insts
SYN-1016 : Merged 63 instances.
SYN-2571 : Optimize after map_dsp, round 1, 132 better
SYN-2571 : Optimize after map_dsp, round 2
SYN-2571 : Optimize after map_dsp, round 2, 0 better
SYN-1001 : Throwback 246 control mux instances
SYN-2501 : Optimize round 1
SYN-1016 : Merged 197 instances.
SYN-2501 : Optimize round 1, 655 better
SYN-2501 : Optimize round 2
SYN-2501 : Optimize round 2, 0 better
SYN-2501 : Map 18 macro adder
SYN-3001 : Mapper mapped 15 instances into 1 LUTs, name keeping = 100%.
SYN-3001 : Mapper mapped 15 instances into 1 LUTs, name keeping = 100%.
SYN-3001 : Mapper mapped 15 instances into 1 LUTs, name keeping = 100%.
SYN-3001 : Mapper mapped 15 instances into 1 LUTs, name keeping = 100%.
SYN-3001 : Mapper mapped 15 instances into 1 LUTs, name keeping = 100%.
SYN-3001 : Mapper mapped 15 instances into 1 LUTs, name keeping = 100%.
SYN-3001 : Mapper mapped 15 instances into 1 LUTs, name keeping = 100%.
SYN-3001 : Mapper mapped 15 instances into 1 LUTs, name keeping = 100%.
SYN-3001 : Mapper mapped 15 instances into 1 LUTs, name keeping = 100%.
SYN-3001 : Mapper mapped 15 instances into 1 LUTs, name keeping = 100%.
SYN-3001 : Mapper mapped 15 instances into 1 LUTs, name keeping = 100%.
SYN-3001 : Mapper mapped 15 instances into 1 LUTs, name keeping = 100%.
SYN-3001 : Mapper mapped 7 instances into 1 LUTs, name keeping = 100%.
SYN-3001 : Mapper mapped 7 instances into 1 LUTs, name keeping = 100%.
SYN-2501 : Inferred 14 ROM instances
SYN-1019 : Optimized 162 mux instances.
SYN-1016 : Merged 25 instances.
SYN-1032 : 24086/7 useful/useless nets, 23681/0 useful/useless insts
SYN-3001 : Running gate level optimization.
SYN-2581 : Mapping with K=5, #lut = 5834 (3.71), #lev = 20 (9.66)
SYN-2551 : Post LUT mapping optimization.
SYN-2581 : Mapping with K=5, #lut = 5825 (3.69), #lev = 18 (8.69)
SYN-3001 : Logic optimization runtime opt =   1.19 sec, map =   0.00 sec
SYN-3001 : Mapper mapped 21520 instances into 5829 LUTs, name keeping = 41%.
SYN-3001 : Mapper removed 1 lut buffers
RUN-1002 : start command "report_area -file SOC_2_times_gate.area"
RUN-1001 : standard
***Report Model: soc_top Device: EG4S20BG256***

IO Statistics
#IO                        23
  #input                    4
  #output                   2
  #inout                   17

LUT Statistics
#Total_luts              6085
  #lut4                  4963
  #lut5                   879
  #lut6                     0
  #lut5_mx41                0
  #lut4_alu1b             243

Utilization Statistics
#lut                     6085   out of  19600   31.05%
#reg                     1826   out of  19600    9.32%
#le                         0
#dsp                        3   out of     29   10.34%
#bram                      32   out of     64   50.00%
  #bram9k                  32
  #fifo9k                   0
#bram32k                   16   out of     16  100.00%
#pad                       23   out of    188   12.23%
  #ireg                     2
  #oreg                    18
  #treg                     0
#pll                        1   out of      4   25.00%

Report Hierarchy Area:
+------------------------------------------------------------------------------------------------------+
|Instance                          |Module                |lut     |ripple  |seq     |bram    |dsp     |
+------------------------------------------------------------------------------------------------------+
|top                               |soc_top               |5842    |243     |1846    |48      |3       |
|  pll_u0                          |pll                   |0       |0       |0       |0       |0       |
|  soc_cm0_u0                      |soc_cm0               |5815    |210     |1793    |48      |3       |
|    ahb_dtcm                      |cmsdk_ahb_to_sram     |37      |0       |56      |0       |0       |
|    ahb_itcm                      |cmsdk_ahb_to_sram     |100     |0       |57      |0       |0       |
|    cm0_u0                        |CORTEXM0INTEGRATION   |4985    |173     |1296    |0       |3       |
|      u_logic                     |cortexm0ds_logic      |4985    |173     |1296    |0       |3       |
|    cmsdk_ahb_gpio_u0             |cmsdk_ahb_gpio        |221     |0       |177     |0       |0       |
|      u_ahb_to_gpio               |cmsdk_ahb_to_iop      |0       |0       |17      |0       |0       |
|      u_iop_gpio                  |cmsdk_iop_gpio        |190     |0       |160     |0       |0       |
|    cmsdk_apb_subsystem_u0        |cmsdk_apb_subsystem   |200     |23      |153     |0       |0       |
|      gen_apb_uart_0$u_apb_uart_0 |cmsdk_apb_uart        |151     |23      |115     |0       |0       |
|      u_ahb_to_apb                |cmsdk_ahb_to_apb      |12      |0       |38      |0       |0       |
|      u_apb_slave_mux             |cmsdk_apb_slave_mux   |22      |0       |0       |0       |0       |
|    dtcm_u0                       |dtcm                  |47      |0       |0       |32      |0       |
|    itcm_u0                       |itcm                  |69      |0       |2       |16      |0       |
|    mtx_lite_u0                   |cm0_mtx_lite          |147     |14      |50      |0       |0       |
|      ucm0_mtx                    |cm0_mtx               |147     |14      |50      |0       |0       |
|        u_cm0_mtx_decs0           |cm0_mtx_decS0         |25      |14      |6       |0       |0       |
|          u_cm0_mtx_default_slave |cm0_mtx_default_slave |3       |0       |2       |0       |0       |
|        u_cm0_mtx_i_0             |cm0_mtx_i             |111     |0       |37      |0       |0       |
|        u_cm0_mtx_o_0             |cm0_mtx_o             |1       |0       |1       |0       |0       |
|          u_output_arb            |cm0_mtx_arb           |1       |0       |1       |0       |0       |
|        u_cm0_mtx_o_1             |cm0_mtx_o             |1       |0       |1       |0       |0       |
|          u_output_arb            |cm0_mtx_arb           |1       |0       |1       |0       |0       |
|        u_cm0_mtx_o_2             |cm0_mtx_o             |2       |0       |2       |0       |0       |
|          u_output_arb            |cm0_mtx_arb           |1       |0       |1       |0       |0       |
|        u_cm0_mtx_o_3             |cm0_mtx_o             |4       |0       |1       |0       |0       |
|          u_output_arb            |cm0_mtx_arb           |4       |0       |1       |0       |0       |
|        u_cm0_mtx_o_4             |cm0_mtx_o             |3       |0       |2       |0       |0       |
|          u_output_arb            |cm0_mtx_arb           |2       |0       |1       |0       |0       |
+------------------------------------------------------------------------------------------------------+

SYN-1001 : Packing model "soc_top" ...
SYN-4010 : Pack lib has 58 rtl pack models with 25 top pack blocks
SYN-1014 : Optimize round 1
SYN-1015 : Optimize round 1, 0 better
SYN-4002 : Packing 1826 DFF/LATCH to SEQ ...
SYN-4009 : Pack 4 carry chain into lslice
SYN-4007 : Packing 113 adder to BLE ...
SYN-4008 : Packed 113 adder and 0 SEQ to BLE.
SYN-4007 : Packing 0 gate4 to BLE ...
SYN-4008 : Packed 0 gate4 and 0 SEQ to BLE.
SYN-4012 : Packed 0 FxMUX
RUN-1003 : finish command "optimize_gate -maparea SOC_2_times_gate.area" in  9.926306s wall, 1.468750s user + 0.000000s system = 1.468750s CPU (14.8%)

RUN-1004 : used memory is 250 MB, reserved memory is 217 MB, peak memory is 293 MB
RUN-1002 : start command "legalize_phy_inst"
SYN-1011 : Flatten model soc_top
RUN-1002 : start command "export_db SOC_2_times_gate.db"
RUN-1001 : Exported /
RUN-1001 : Exported flow parameters
RUN-1001 : Exported libs
RUN-1001 : Exported entities
RUN-1001 : Exported ports
RUN-1001 : Exported pins
RUN-1001 : Exported instances
RUN-1001 : Exported nets
RUN-1001 : Exported buses
RUN-1001 : Exported models
RUN-1001 : Exported congestions
RUN-1001 : Exported violations
RUN-1001 : Exported IO constraints
RUN-1001 : Exported Inst constraints
RUN-1002 : start command "backup_run_log run.log ../.logs/syn_1/td_20240321_124833.log"
