============================================================
   Tang Dynasty, V5.6.71036
      Copyright (c) 2012-2023 Anlogic Inc.
   Executable = D:/Anlogic/TD5.6.2/bin/td.exe
   Built at =   20:34:38 Mar 21 2023
   Run by =     24448
   Run Date =   Wed Apr 10 18:07:44 2024

   Run on =     CHOCODESKTOP
============================================================
RUN-1002 : start command "open_project SOC_2_times.prj"
RUN-1001 : Print Global Property
RUN-1001 : ---------------------------------------------------------------
RUN-1001 :        Parameters        |  Settings  |  Default Values  |  Note  
RUN-1001 : ---------------------------------------------------------------
RUN-1001 :          message         |  standard  |     standard     |        
RUN-1001 :   mixed_pack_place_flow  |     on     |        on        |        
RUN-1001 :        qor_monitor       |    off     |       off        |        
RUN-1001 :        syn_ip_flow       |    off     |       off        |        
RUN-1001 :          thread          |    auto    |       auto       |        
RUN-1001 : ---------------------------------------------------------------
RUN-1001 : Print Design Property
RUN-1001 : --------------------------------------------------------------
RUN-1001 :        Parameters       |  Settings  |  Default Values  |  Note  
RUN-1001 : --------------------------------------------------------------
RUN-1001 :   default_reg_initial   |    auto    |       auto       |        
RUN-1001 :        infer_add        |     on     |        on        |        
RUN-1001 :        infer_fsm        |    off     |       off        |        
RUN-1001 :        infer_mult       |     on     |        on        |        
RUN-1001 :        infer_ram        |     on     |        on        |        
RUN-1001 :        infer_reg        |     on     |        on        |        
RUN-1001 :   infer_reg_init_value  |     on     |        on        |        
RUN-1001 :        infer_rom        |     on     |        on        |        
RUN-1001 :      infer_shifter      |     on     |        on        |        
RUN-1001 : --------------------------------------------------------------
RUN-1001 : Print Rtl Property
RUN-1001 : --------------------------------------------------------------
RUN-1001 :        Parameters       |  Settings  |  Default Values  |  Note  
RUN-1001 : --------------------------------------------------------------
RUN-1001 :       compress_add      |   ripple   |      ripple      |        
RUN-1001 :        elf_sload        |    off     |       off        |        
RUN-1001 :       fix_undriven      |     0      |        0         |        
RUN-1001 :         flatten         |    off     |       off        |        
RUN-1001 :       gate_sharing      |     on     |        on        |        
RUN-1001 :    hdl_warning_level    |   normal   |      normal      |        
RUN-1001 :   impl_internal_tribuf  |     on     |        on        |        
RUN-1001 :      impl_set_reset     |     on     |        on        |        
RUN-1001 :        infer_gsr        |    off     |       off        |        
RUN-1001 :      keep_hierarchy     |    auto    |       auto       |        
RUN-1001 :        max_fanout       |    9999    |       9999       |        
RUN-1001 :      max_oh2bin_len     |     10     |        10        |        
RUN-1001 :       merge_equal       |     on     |        on        |        
RUN-1001 :       merge_equiv       |     on     |        on        |        
RUN-1001 :        merge_mux        |    off     |       off        |        
RUN-1001 :     min_control_set     |     8      |        8         |        
RUN-1001 :      min_ripple_len     |    auto    |       auto       |        
RUN-1001 :       oh2bin_ratio      |    0.08    |       0.08       |        
RUN-1001 :     opt_adder_fanout    |     on     |        on        |        
RUN-1001 :        opt_arith        |     on     |        on        |        
RUN-1001 :       opt_big_gate      |    off     |       off        |        
RUN-1001 :        opt_const        |     on     |        on        |        
RUN-1001 :      opt_const_mult     |     on     |        on        |        
RUN-1001 :       opt_lessthan      |     on     |        on        |        
RUN-1001 :         opt_mux         |    off     |       off        |        
RUN-1001 :         opt_ram         |    high    |       high       |        
RUN-1001 :      rtl_sim_model      |    off     |       off        |        
RUN-1001 :         seq_syn         |     on     |        on        |        
RUN-1001 : --------------------------------------------------------------
HDL-1007 : analyze verilog file ../../al_ip/pll.v
HDL-1007 : undeclared symbol 'open', assumed default net type 'wire' in ../../al_ip/pll.v(57)
HDL-1007 : analyze verilog file ../../src/soc_top.v
HDL-1007 : analyze verilog file ../../src/soc_cm0.v
HDL-1007 : undeclared symbol 'SWCLKTCK', assumed default net type 'wire' in ../../src/soc_cm0.v(64)
HDL-1007 : undeclared symbol 'HMASTER', assumed default net type 'wire' in ../../src/soc_cm0.v(135)
HDL-1007 : undeclared symbol 'HMASTLOCK', assumed default net type 'wire' in ../../src/soc_cm0.v(136)
HDL-1007 : undeclared symbol 'RXEV', assumed default net type 'wire' in ../../src/soc_cm0.v(166)
HDL-1007 : undeclared symbol 'irq_gpio0', assumed default net type 'wire' in ../../src/soc_cm0.v(413)
HDL-5007 WARNING: block identifier is required on this block in ../../src/soc_cm0.v(418)
HDL-5007 WARNING: identifier 'btn_interrupt' is used before its declaration in ../../src/soc_cm0.v(80)
HDL-1007 : analyze verilog file ../../al_ip/dtcm.v
HDL-1007 : analyze verilog file ../../al_ip/itcm.v
HDL-1007 : analyze verilog file ../../src/bus/cm0_mtx.v
HDL-1007 : analyze verilog file ../../src/bus/cm0_mtx_arb.v
HDL-1007 : analyze verilog file ../../src/bus/cm0_mtx_decS0.v
HDL-1007 : analyze verilog file ../../src/bus/cm0_mtx_default_slave.v
HDL-1007 : analyze verilog file ../../src/bus/cm0_mtx_i.v
HDL-5007 WARNING: macro 'TRN_IDLE' is redefined in ../../src/bus/cm0_mtx_i.v(117)
HDL-5007 WARNING: macro 'TRN_BUSY' is redefined in ../../src/bus/cm0_mtx_i.v(118)
HDL-5007 WARNING: macro 'TRN_NONSEQ' is redefined in ../../src/bus/cm0_mtx_i.v(119)
HDL-5007 WARNING: macro 'TRN_SEQ' is redefined in ../../src/bus/cm0_mtx_i.v(120)
HDL-5007 WARNING: macro 'BUR_SINGLE' is redefined in ../../src/bus/cm0_mtx_i.v(123)
HDL-5007 WARNING: macro 'BUR_INCR' is redefined in ../../src/bus/cm0_mtx_i.v(124)
HDL-5007 WARNING: macro 'BUR_WRAP4' is redefined in ../../src/bus/cm0_mtx_i.v(125)
HDL-5007 WARNING: macro 'BUR_INCR4' is redefined in ../../src/bus/cm0_mtx_i.v(126)
HDL-5007 WARNING: macro 'BUR_WRAP8' is redefined in ../../src/bus/cm0_mtx_i.v(127)
HDL-5007 WARNING: macro 'BUR_INCR8' is redefined in ../../src/bus/cm0_mtx_i.v(128)
HDL-5007 Similar messages will be suppressed.
HDL-1007 : analyze verilog file ../../src/bus/cm0_mtx_lite.v
HDL-1007 : analyze verilog file ../../src/bus/cm0_mtx_o.v
HDL-1007 : analyze verilog file ../../src/core/CORTEXM0INTEGRATION.v
HDL-1007 : analyze verilog file ../../src/core/cortexm0ds_logic.v
HDL-1007 : analyze verilog file ../../src/phr/ahb/tcm/cmsdk_ahb_to_sram.v
HDL-1007 : analyze verilog file ../../src/phr/ahb/gpio/cmsdk_ahb_gpio.v
HDL-1007 : analyze verilog file ../../src/phr/ahb/gpio/cmsdk_ahb_to_iop.v
HDL-1007 : analyze verilog file ../../src/phr/ahb/gpio/cmsdk_iop_gpio.v
HDL-1007 : analyze verilog file ../../src/phr/ahb/apb_subsystem/cmsdk_ahb_to_apb.v
HDL-1007 : analyze verilog file ../../src/phr/ahb/apb_subsystem/cmsdk_apb_slave_mux.v
HDL-1007 : analyze verilog file ../../src/phr/ahb/apb_subsystem/cmsdk_apb_subsystem.v
HDL-1007 : analyze verilog file ../../src/phr/ahb/apb_subsystem/uart/cmsdk_apb_uart.v
HDL-1007 : analyze verilog file ../../src/btn_interupt_generator.v
RUN-1001 : Project manager successfully analyzed 23 source files.
RUN-1002 : start command "import_device eagle_s20.db -package EG4S20BG256"
ARC-1001 : Device Initialization.
ARC-1001 : ------------------------------------------------------------------
ARC-1001 :            OPTION            |          IO          |   SETTING   
ARC-1001 : ------------------------------------------------------------------
ARC-1001 :   cso_b/cclk/mosi/miso/dout  |  T3/R11/T10/P10/S11  |    gpio    
ARC-1001 :             done             |         P13          |    gpio    
ARC-1001 :           program_b          |          T2          |  dedicate  
ARC-1001 :        tdi/tms/tck/tdo       |   C12/A15/C14/E14    |  dedicate  
ARC-1001 : ------------------------------------------------------------------
ARC-1004 : Device setting, marked 5 dedicate IOs in total.
RUN-1002 : start command "elaborate -top soc_top"
RUN-1001 : Print Design Property
RUN-1001 : --------------------------------------------------------------
RUN-1001 :        Parameters       |  Settings  |  Default Values  |  Note  
RUN-1001 : --------------------------------------------------------------
RUN-1001 :   default_reg_initial   |    auto    |       auto       |        
RUN-1001 :        infer_add        |     on     |        on        |        
RUN-1001 :        infer_fsm        |    off     |       off        |        
RUN-1001 :        infer_mult       |     on     |        on        |        
RUN-1001 :        infer_ram        |     on     |        on        |        
RUN-1001 :        infer_reg        |     on     |        on        |        
RUN-1001 :   infer_reg_init_value  |     on     |        on        |        
RUN-1001 :        infer_rom        |     on     |        on        |        
RUN-1001 :      infer_shifter      |     on     |        on        |        
RUN-1001 : --------------------------------------------------------------
RUN-1001 : Print Rtl Property
RUN-1001 : --------------------------------------------------------------
RUN-1001 :        Parameters       |  Settings  |  Default Values  |  Note  
RUN-1001 : --------------------------------------------------------------
RUN-1001 :       compress_add      |   ripple   |      ripple      |        
RUN-1001 :        elf_sload        |    off     |       off        |        
RUN-1001 :       fix_undriven      |     0      |        0         |        
RUN-1001 :         flatten         |    off     |       off        |        
RUN-1001 :       gate_sharing      |     on     |        on        |        
RUN-1001 :    hdl_warning_level    |   normal   |      normal      |        
RUN-1001 :   impl_internal_tribuf  |     on     |        on        |        
RUN-1001 :      impl_set_reset     |     on     |        on        |        
RUN-1001 :        infer_gsr        |    off     |       off        |        
RUN-1001 :      keep_hierarchy     |    auto    |       auto       |        
RUN-1001 :        max_fanout       |    9999    |       9999       |        
RUN-1001 :      max_oh2bin_len     |     10     |        10        |        
RUN-1001 :       merge_equal       |     on     |        on        |        
RUN-1001 :       merge_equiv       |     on     |        on        |        
RUN-1001 :        merge_mux        |    off     |       off        |        
RUN-1001 :     min_control_set     |     8      |        8         |        
RUN-1001 :      min_ripple_len     |    auto    |       auto       |        
RUN-1001 :       oh2bin_ratio      |    0.08    |       0.08       |        
RUN-1001 :     opt_adder_fanout    |     on     |        on        |        
RUN-1001 :        opt_arith        |     on     |        on        |        
RUN-1001 :       opt_big_gate      |    off     |       off        |        
RUN-1001 :        opt_const        |     on     |        on        |        
RUN-1001 :      opt_const_mult     |     on     |        on        |        
RUN-1001 :       opt_lessthan      |     on     |        on        |        
RUN-1001 :         opt_mux         |    off     |       off        |        
RUN-1001 :         opt_ram         |    high    |       high       |        
RUN-1001 :      rtl_sim_model      |    off     |       off        |        
RUN-1001 :         seq_syn         |     on     |        on        |        
RUN-1001 : --------------------------------------------------------------
RUN-1001 : Print Global Property
RUN-1001 : ---------------------------------------------------------------
RUN-1001 :        Parameters        |  Settings  |  Default Values  |  Note  
RUN-1001 : ---------------------------------------------------------------
RUN-1001 :          message         |  standard  |     standard     |        
RUN-1001 :   mixed_pack_place_flow  |     on     |        on        |        
RUN-1001 :        qor_monitor       |    off     |       off        |        
RUN-1001 :        syn_ip_flow       |    off     |       off        |        
RUN-1001 :          thread          |    auto    |       auto       |        
RUN-1001 : ---------------------------------------------------------------
RUN-1001 : Print Design Property
RUN-1001 : --------------------------------------------------------------
RUN-1001 :        Parameters       |  Settings  |  Default Values  |  Note  
RUN-1001 : --------------------------------------------------------------
RUN-1001 :   default_reg_initial   |    auto    |       auto       |        
RUN-1001 :        infer_add        |     on     |        on        |        
RUN-1001 :        infer_fsm        |    off     |       off        |        
RUN-1001 :        infer_mult       |     on     |        on        |        
RUN-1001 :        infer_ram        |     on     |        on        |        
RUN-1001 :        infer_reg        |     on     |        on        |        
RUN-1001 :   infer_reg_init_value  |     on     |        on        |        
RUN-1001 :        infer_rom        |     on     |        on        |        
RUN-1001 :      infer_shifter      |     on     |        on        |        
RUN-1001 : --------------------------------------------------------------
HDL-1007 : elaborate module soc_top in ../../src/soc_top.v(1)
HDL-1007 : elaborate module pll in ../../al_ip/pll.v(22)
HDL-1007 : elaborate module EG_PHY_PLL(FIN="24.000",FBCLK_DIV=42,CLKC0_DIV=21,CLKC0_ENABLE="ENABLE",FEEDBK_MODE="NOCOMP",STDBY_ENABLE="DISABLE",CLKC0_CPHASE=20,GMC_GAIN=2,ICP_CURRENT=9,KVCO=2,LPF_CAPACITOR=1,LPF_RESISTOR=8,SYNC_ENABLE="DISABLE") in D:/Anlogic/TD5.6.2/arch/eagle_macro.v(930)
HDL-1007 : port 'CODENSEQ' remains unconnected for this instance in ../../src/soc_cm0.v(108)
HDL-1007 : port 'CODEHINTDE' remains unconnected for this instance in ../../src/soc_cm0.v(108)
HDL-1007 : port 'SPECHTRANS' remains unconnected for this instance in ../../src/soc_cm0.v(108)
HDL-1007 : port 'TDO' remains unconnected for this instance in ../../src/soc_cm0.v(108)
HDL-1007 : port 'nTDOEN' remains unconnected for this instance in ../../src/soc_cm0.v(108)
HDL-1007 : port 'DBGRESTARTED' remains unconnected for this instance in ../../src/soc_cm0.v(108)
HDL-1007 : port 'HALTED' remains unconnected for this instance in ../../src/soc_cm0.v(108)
HDL-1007 : port 'TXEV' remains unconnected for this instance in ../../src/soc_cm0.v(108)
HDL-1007 : port 'LOCKUP' remains unconnected for this instance in ../../src/soc_cm0.v(108)
HDL-1007 : port 'GATEHCLK' remains unconnected for this instance in ../../src/soc_cm0.v(108)
HDL-1007 : port 'SLEEPING' remains unconnected for this instance in ../../src/soc_cm0.v(108)
HDL-1007 : port 'SLEEPDEEP' remains unconnected for this instance in ../../src/soc_cm0.v(108)
HDL-1007 : port 'WAKEUP' remains unconnected for this instance in ../../src/soc_cm0.v(108)
HDL-1007 : port 'WICSENSE' remains unconnected for this instance in ../../src/soc_cm0.v(108)
HDL-1007 : port 'SLEEPHOLDACKn' remains unconnected for this instance in ../../src/soc_cm0.v(108)
HDL-1007 : port 'WICENACK' remains unconnected for this instance in ../../src/soc_cm0.v(108)
HDL-1007 : elaborate module soc_cm0 in ../../src/soc_cm0.v(1)
HDL-1007 : elaborate module CORTEXM0INTEGRATION in ../../src/core/CORTEXM0INTEGRATION.v(29)
HDL-1007 : elaborate module cortexm0ds_logic in ../../src/core/cortexm0ds_logic.v(27)
HDL-1007 : elaborate module cm0_mtx_lite in ../../src/bus/cm0_mtx_lite.v(33)
HDL-1007 : elaborate module cm0_mtx in ../../src/bus/cm0_mtx.v(46)
HDL-1007 : elaborate module cm0_mtx_i in ../../src/bus/cm0_mtx_i.v(32)
HDL-1007 : elaborate module cm0_mtx_decS0 in ../../src/bus/cm0_mtx_decS0.v(36)
HDL-1007 : elaborate module cm0_mtx_default_slave in ../../src/bus/cm0_mtx_default_slave.v(31)
HDL-1007 : elaborate module cm0_mtx_o in ../../src/bus/cm0_mtx_o.v(35)
HDL-1007 : elaborate module cm0_mtx_arb in ../../src/bus/cm0_mtx_arb.v(35)
HDL-1007 : elaborate module cmsdk_ahb_to_sram(AW=32) in ../../src/phr/ahb/tcm/cmsdk_ahb_to_sram.v(26)
HDL-5007 WARNING: actual bit length 17 differs from formal bit length 30 for port 'SRAMADDR' in ../../src/soc_cm0.v(337)
HDL-5007 WARNING: port 'beb' is not connected on this instance in ../../al_ip/itcm.v(35)
HDL-1007 : elaborate module itcm in ../../al_ip/itcm.v(14)
HDL-1007 : elaborate module EG_LOGIC_BRAM(DATA_WIDTH_A=32,DATA_WIDTH_B=32,ADDR_WIDTH_A=14,ADDR_WIDTH_B=14,DATA_DEPTH_A=16384,DATA_DEPTH_B=16384,BYTE_ENABLE=8,BYTE_A=4,BYTE_B=4,MODE="SP",IMPLEMENT="32K") in D:/Anlogic/TD5.6.2/arch/eagle_macro.v(1032)
HDL-5007 WARNING: input port 'beb[3]' is not connected on this instance in ../../al_ip/itcm.v(53)
HDL-5007 WARNING: actual bit length 17 differs from formal bit length 14 for port 'addra' in ../../src/soc_cm0.v(346)
HDL-5007 WARNING: actual bit length 17 differs from formal bit length 30 for port 'SRAMADDR' in ../../src/soc_cm0.v(370)
HDL-5007 WARNING: port 'beb' is not connected on this instance in ../../al_ip/dtcm.v(35)
HDL-1007 : elaborate module dtcm in ../../al_ip/dtcm.v(14)
HDL-1007 : elaborate module EG_LOGIC_BRAM(DATA_WIDTH_A=32,DATA_WIDTH_B=32,ADDR_WIDTH_A=13,ADDR_WIDTH_B=13,DATA_DEPTH_A=8192,DATA_DEPTH_B=8192,BYTE_ENABLE=8,BYTE_A=4,BYTE_B=4,MODE="SP") in D:/Anlogic/TD5.6.2/arch/eagle_macro.v(1032)
HDL-5007 WARNING: input port 'beb[3]' is not connected on this instance in ../../al_ip/dtcm.v(53)
HDL-5007 WARNING: actual bit length 17 differs from formal bit length 13 for port 'addra' in ../../src/soc_cm0.v(379)
HDL-1007 : elaborate module cmsdk_ahb_gpio in ../../src/phr/ahb/gpio/cmsdk_ahb_gpio.v(24)
HDL-1007 : elaborate module cmsdk_ahb_to_iop in ../../src/phr/ahb/gpio/cmsdk_ahb_to_iop.v(28)
HDL-1007 : elaborate module cmsdk_iop_gpio in ../../src/phr/ahb/gpio/cmsdk_iop_gpio.v(46)
HDL-5007 WARNING: actual bit length 32 differs from formal bit length 12 for port 'HADDR' in ../../src/soc_cm0.v(402)
HDL-1007 : elaborate module cmsdk_apb_subsystem(INCLUDE_APB_TEST_SLAVE=0,INCLUDE_APB_TIMER0=0,INCLUDE_APB_TIMER1=0,INCLUDE_APB_DUALTIMER0=0,INCLUDE_APB_UART1=0,INCLUDE_APB_UART2=0,INCLUDE_APB_WATCHDOG=0) in ../../src/phr/ahb/apb_subsystem/cmsdk_apb_subsystem.v(26)
HDL-1007 : elaborate module cmsdk_ahb_to_apb in ../../src/phr/ahb/apb_subsystem/cmsdk_ahb_to_apb.v(31)
HDL-1007 : elaborate module cmsdk_apb_slave_mux(PORT0_ENABLE=0,PORT1_ENABLE=0,PORT2_ENABLE=0,PORT3_ENABLE=0,PORT5_ENABLE=0,PORT6_ENABLE=0,PORT7_ENABLE=0,PORT8_ENABLE=0,PORT9_ENABLE=0,PORT10_ENABLE=0,PORT11_ENABLE=0,PORT12_ENABLE=0,PORT13_ENABLE=0,PORT14_ENABLE=0,PORT15_ENABLE=0) in ../../src/phr/ahb/apb_subsystem/cmsdk_apb_slave_mux.v(26)
HDL-1007 : elaborate module cmsdk_apb_uart in ../../src/phr/ahb/apb_subsystem/uart/cmsdk_apb_uart.v(53)
HDL-5007 WARNING: actual bit length 32 differs from formal bit length 16 for port 'HADDR' in ../../src/soc_cm0.v(454)
HDL-1007 : elaborate module btn_interupt_generator in ../../src/btn_interupt_generator.v(1)
HDL-5007 WARNING: net 'HREADYOUTM4' does not have a driver in ../../src/soc_cm0.v(53)
HDL-5007 WARNING: net 'HRESPM4' does not have a driver in ../../src/soc_cm0.v(53)
HDL-5007 WARNING: net 'HRDATAM4[31]' does not have a driver in ../../src/soc_cm0.v(57)
HDL-5007 WARNING: net 'apbsubsys_interrupt[27]' does not have a driver in ../../src/soc_cm0.v(79)
HDL-5007 WARNING: net 'RXEV' does not have a driver in ../../src/soc_cm0.v(166)
HDL-5001 WARNING: Contains anonymous inst(s) and/or net(s) that have not been renamed
HDL-1200 : Current top model is soc_top
HDL-1100 : Inferred 0 RAMs.
RUN-1002 : start command "export_db SOC_2_times_elaborate.db"
RUN-1001 : Exported /
RUN-1001 : Exported flow parameters
RUN-1001 : Exported libs
RUN-1001 : Exported entities
RUN-1001 : Exported ports
RUN-1001 : Exported pins
RUN-1001 : Exported instances
RUN-1001 : Exported nets
RUN-1001 : Exported buses
RUN-1001 : Exported models
RUN-1001 : Exported congestions
RUN-1001 : Exported violations
RUN-1001 : Exported IO constraints
RUN-1001 : Exported Inst constraints
RUN-1002 : start command "backup_run_log run.log ../.logs/syn_1/td_20240410_180744.log"
