


ARM Macro Assembler    Page 1 


    1 00000000                 PRESERVE8
    2 00000000                 THUMB
    3 00000000         
    4 00000000                 AREA             RESET, DATA, READONLY
    5 00000000                 EXPORT           __Vectors
    6 00000000         
    7 00000000 20000000 
                       __Vectors
                               DCD              0x20000000  ; Top of Stack
    8 00000004 00000000        DCD              Reset_Handler ; Reset Handler
    9 00000008 00000000        DCD              0           ; NMI Handler
   10 0000000C 00000000        DCD              0           ; Hard Fault Handle
                                                            r
   11 00000010 00000000        DCD              0           ; Reserved
   12 00000014 00000000        DCD              0           ; Reserved
   13 00000018 00000000        DCD              0           ; Reserved
   14 0000001C 00000000        DCD              0           ; Reserved
   15 00000020 00000000        DCD              0           ; Reserved
   16 00000024 00000000        DCD              0           ; Reserved
   17 00000028 00000000        DCD              0           ; Reserved
   18 0000002C 00000000        DCD              0           ; SVCall Handler
   19 00000030 00000000        DCD              0           ; Reserved
   20 00000034 00000000        DCD              0           ; Reserved
   21 00000038 00000000        DCD              0           ; PendSV Handler
   22 0000003C 00000000        DCD              0           ; SysTick Handler
   23 00000040 00000000        DCD              0           ; IRQ0 Handler
   24 00000044         
   25 00000044                 AREA             |.text|, CODE, READONLY
   26 00000000         
   27 00000000         
   28 00000000         ; Reset Handler
   29 00000000         
   30 00000000         Reset_Handler
                               PROC
   31 00000000                 GLOBAL           Reset_Handler
   32 00000000                 ENTRY
   33 00000000         ;Inset a loop algorithm there;
   34 00000000         ****************************
   35 00000000 2104            MOVS             R1,#4
   36 00000002 2000    Clear   MOVS             R0,#0
   37 00000004 1C40    Adder   ADDS             R0,R0,#1
   38 00000006 4288            CMP              R0,R1
   39 00000008 D0FB            BEQ              Clear
   40 0000000A D1FB            BNE              Adder
   41 0000000C         
   42 0000000C         ;****************************;
   43 0000000C                 ENDP
   44 0000000C         
   45 0000000C                 END
Command Line: --debug --xref --diag_suppress=9931 --cpu=Cortex-M0 --apcs=interw
ork --depend=.\objects\main.d -o.\objects\main.o -I.\RTE\_Target_1 -IC:\Users\2
4448\AppData\Local\Arm\Packs\Keil\V2M-MPS2_CMx_BSP\1.8.2\Device\CMSDK_CM0\Inclu
de -ID:\Keil_v5\ARM\CMSIS\Include --predefine="__UVISION_VERSION SETA 528" --pr
edefine="CMSDK_CM0 SETA 1" --list=.\listings\main.lst main.s



ARM Macro Assembler    Page 1 Alphabetic symbol ordering
Relocatable symbols

RESET 00000000

Symbol: RESET
   Definitions
      At line 4 in file main.s
   Uses
      None
Comment: RESET unused
__Vectors 00000000

Symbol: __Vectors
   Definitions
      At line 7 in file main.s
   Uses
      At line 5 in file main.s
Comment: __Vectors used once
2 symbols



ARM Macro Assembler    Page 1 Alphabetic symbol ordering
Relocatable symbols

.text 00000000

Symbol: .text
   Definitions
      At line 25 in file main.s
   Uses
      None
Comment: .text unused
Adder 00000004

Symbol: Adder
   Definitions
      At line 37 in file main.s
   Uses
      At line 40 in file main.s
Comment: Adder used once
Clear 00000002

Symbol: Clear
   Definitions
      At line 36 in file main.s
   Uses
      At line 39 in file main.s
Comment: Clear used once
Reset_Handler 00000000

Symbol: Reset_Handler
   Definitions
      At line 30 in file main.s
   Uses
      At line 8 in file main.s
      At line 31 in file main.s

4 symbols
338 symbols in table
