============================================================
   Tang Dynasty, V5.6.71036
      Copyright (c) 2012-2023 Anlogic Inc.
   Executable = D:/Anlogic/TD5.6.2/bin/td.exe
   Built at =   20:34:38 Mar 21 2023
   Run by =     24448
   Run Date =   Wed Apr 10 18:09:35 2024

   Run on =     CHOCODESKTOP
============================================================
RUN-1002 : start command "open_project SOC_2_times.prj"
RUN-1001 : Print Global Property
RUN-1001 : ---------------------------------------------------------------
RUN-1001 :        Parameters        |  Settings  |  Default Values  |  Note  
RUN-1001 : ---------------------------------------------------------------
RUN-1001 :          message         |  standard  |     standard     |        
RUN-1001 :   mixed_pack_place_flow  |     on     |        on        |        
RUN-1001 :        qor_monitor       |    off     |       off        |        
RUN-1001 :        syn_ip_flow       |    off     |       off        |        
RUN-1001 :          thread          |    auto    |       auto       |        
RUN-1001 : ---------------------------------------------------------------
RUN-1001 : Print Design Property
RUN-1001 : --------------------------------------------------------------
RUN-1001 :        Parameters       |  Settings  |  Default Values  |  Note  
RUN-1001 : --------------------------------------------------------------
RUN-1001 :   default_reg_initial   |    auto    |       auto       |        
RUN-1001 :        infer_add        |     on     |        on        |        
RUN-1001 :        infer_fsm        |    off     |       off        |        
RUN-1001 :        infer_mult       |     on     |        on        |        
RUN-1001 :        infer_ram        |     on     |        on        |        
RUN-1001 :        infer_reg        |     on     |        on        |        
RUN-1001 :   infer_reg_init_value  |     on     |        on        |        
RUN-1001 :        infer_rom        |     on     |        on        |        
RUN-1001 :      infer_shifter      |     on     |        on        |        
RUN-1001 : --------------------------------------------------------------
RUN-1001 : Print Rtl Property
RUN-1001 : --------------------------------------------------------------
RUN-1001 :        Parameters       |  Settings  |  Default Values  |  Note  
RUN-1001 : --------------------------------------------------------------
RUN-1001 :       compress_add      |   ripple   |      ripple      |        
RUN-1001 :        elf_sload        |    off     |       off        |        
RUN-1001 :       fix_undriven      |     0      |        0         |        
RUN-1001 :         flatten         |    off     |       off        |        
RUN-1001 :       gate_sharing      |     on     |        on        |        
RUN-1001 :    hdl_warning_level    |   normal   |      normal      |        
RUN-1001 :   impl_internal_tribuf  |     on     |        on        |        
RUN-1001 :      impl_set_reset     |     on     |        on        |        
RUN-1001 :        infer_gsr        |    off     |       off        |        
RUN-1001 :      keep_hierarchy     |    auto    |       auto       |        
RUN-1001 :        max_fanout       |    9999    |       9999       |        
RUN-1001 :      max_oh2bin_len     |     10     |        10        |        
RUN-1001 :       merge_equal       |     on     |        on        |        
RUN-1001 :       merge_equiv       |     on     |        on        |        
RUN-1001 :        merge_mux        |    off     |       off        |        
RUN-1001 :     min_control_set     |     8      |        8         |        
RUN-1001 :      min_ripple_len     |    auto    |       auto       |        
RUN-1001 :       oh2bin_ratio      |    0.08    |       0.08       |        
RUN-1001 :     opt_adder_fanout    |     on     |        on        |        
RUN-1001 :        opt_arith        |     on     |        on        |        
RUN-1001 :       opt_big_gate      |    off     |       off        |        
RUN-1001 :        opt_const        |     on     |        on        |        
RUN-1001 :      opt_const_mult     |     on     |        on        |        
RUN-1001 :       opt_lessthan      |     on     |        on        |        
RUN-1001 :         opt_mux         |    off     |       off        |        
RUN-1001 :         opt_ram         |    high    |       high       |        
RUN-1001 :      rtl_sim_model      |    off     |       off        |        
RUN-1001 :         seq_syn         |     on     |        on        |        
RUN-1001 : --------------------------------------------------------------
HDL-1007 : analyze verilog file ../../al_ip/pll.v
HDL-1007 : undeclared symbol 'open', assumed default net type 'wire' in ../../al_ip/pll.v(57)
HDL-1007 : analyze verilog file ../../src/soc_top.v
HDL-1007 : analyze verilog file ../../src/soc_cm0.v
HDL-1007 : undeclared symbol 'SWCLKTCK', assumed default net type 'wire' in ../../src/soc_cm0.v(64)
HDL-1007 : undeclared symbol 'HMASTER', assumed default net type 'wire' in ../../src/soc_cm0.v(135)
HDL-1007 : undeclared symbol 'HMASTLOCK', assumed default net type 'wire' in ../../src/soc_cm0.v(136)
HDL-1007 : undeclared symbol 'RXEV', assumed default net type 'wire' in ../../src/soc_cm0.v(166)
HDL-1007 : undeclared symbol 'irq_gpio0', assumed default net type 'wire' in ../../src/soc_cm0.v(413)
HDL-5007 WARNING: block identifier is required on this block in ../../src/soc_cm0.v(418)
HDL-5007 WARNING: identifier 'btn_interrupt' is used before its declaration in ../../src/soc_cm0.v(80)
HDL-1007 : analyze verilog file ../../al_ip/dtcm.v
HDL-1007 : analyze verilog file ../../al_ip/itcm.v
HDL-1007 : analyze verilog file ../../src/bus/cm0_mtx.v
HDL-1007 : analyze verilog file ../../src/bus/cm0_mtx_arb.v
HDL-1007 : analyze verilog file ../../src/bus/cm0_mtx_decS0.v
HDL-1007 : analyze verilog file ../../src/bus/cm0_mtx_default_slave.v
HDL-1007 : analyze verilog file ../../src/bus/cm0_mtx_i.v
HDL-5007 WARNING: macro 'TRN_IDLE' is redefined in ../../src/bus/cm0_mtx_i.v(117)
HDL-5007 WARNING: macro 'TRN_BUSY' is redefined in ../../src/bus/cm0_mtx_i.v(118)
HDL-5007 WARNING: macro 'TRN_NONSEQ' is redefined in ../../src/bus/cm0_mtx_i.v(119)
HDL-5007 WARNING: macro 'TRN_SEQ' is redefined in ../../src/bus/cm0_mtx_i.v(120)
HDL-5007 WARNING: macro 'BUR_SINGLE' is redefined in ../../src/bus/cm0_mtx_i.v(123)
HDL-5007 WARNING: macro 'BUR_INCR' is redefined in ../../src/bus/cm0_mtx_i.v(124)
HDL-5007 WARNING: macro 'BUR_WRAP4' is redefined in ../../src/bus/cm0_mtx_i.v(125)
HDL-5007 WARNING: macro 'BUR_INCR4' is redefined in ../../src/bus/cm0_mtx_i.v(126)
HDL-5007 WARNING: macro 'BUR_WRAP8' is redefined in ../../src/bus/cm0_mtx_i.v(127)
HDL-5007 WARNING: macro 'BUR_INCR8' is redefined in ../../src/bus/cm0_mtx_i.v(128)
HDL-5007 Similar messages will be suppressed.
HDL-1007 : analyze verilog file ../../src/bus/cm0_mtx_lite.v
HDL-1007 : analyze verilog file ../../src/bus/cm0_mtx_o.v
HDL-1007 : analyze verilog file ../../src/core/CORTEXM0INTEGRATION.v
HDL-1007 : analyze verilog file ../../src/core/cortexm0ds_logic.v
HDL-1007 : analyze verilog file ../../src/phr/ahb/tcm/cmsdk_ahb_to_sram.v
HDL-1007 : analyze verilog file ../../src/phr/ahb/gpio/cmsdk_ahb_gpio.v
HDL-1007 : analyze verilog file ../../src/phr/ahb/gpio/cmsdk_ahb_to_iop.v
HDL-1007 : analyze verilog file ../../src/phr/ahb/gpio/cmsdk_iop_gpio.v
HDL-1007 : analyze verilog file ../../src/phr/ahb/apb_subsystem/cmsdk_ahb_to_apb.v
HDL-1007 : analyze verilog file ../../src/phr/ahb/apb_subsystem/cmsdk_apb_slave_mux.v
HDL-1007 : analyze verilog file ../../src/phr/ahb/apb_subsystem/cmsdk_apb_subsystem.v
HDL-1007 : analyze verilog file ../../src/phr/ahb/apb_subsystem/uart/cmsdk_apb_uart.v
HDL-1007 : analyze verilog file ../../src/btn_interupt_generator.v
RUN-1001 : Project manager successfully analyzed 23 source files.
RUN-1002 : start command "import_device eagle_s20.db -package EG4S20BG256"
ARC-1001 : Device Initialization.
ARC-1001 : ------------------------------------------------------------------
ARC-1001 :            OPTION            |          IO          |   SETTING   
ARC-1001 : ------------------------------------------------------------------
ARC-1001 :   cso_b/cclk/mosi/miso/dout  |  T3/R11/T10/P10/S11  |    gpio    
ARC-1001 :             done             |         P13          |    gpio    
ARC-1001 :           program_b          |          T2          |  dedicate  
ARC-1001 :        tdi/tms/tck/tdo       |   C12/A15/C14/E14    |  dedicate  
ARC-1001 : ------------------------------------------------------------------
ARC-1004 : Device setting, marked 5 dedicate IOs in total.
RUN-1002 : start command "import_db ../syn_1/SOC_2_times_gate.db"
RUN-1001 : Importing database generated by Tang Dynasty, V5.6.71036.
RUN-1001 : Database version number 46146.
RUN-1001 : Import flow parameters
RUN-1001 : Import IO constraints
RUN-1001 : Import Inst constraints
RUN-1001 : Import design success TD_VERSION=5.6.71036 , DB_VERSION=46146
RUN-1002 : start command "place"
RUN-1001 : Open license file D:/Anlogic/TD5.6.2/license/Anlogic.lic
RUN-1001 : Print Global Property
RUN-1001 : ---------------------------------------------------------------
RUN-1001 :        Parameters        |  Settings  |  Default Values  |  Note  
RUN-1001 : ---------------------------------------------------------------
RUN-1001 :          message         |  standard  |     standard     |        
RUN-1001 :   mixed_pack_place_flow  |     on     |        on        |        
RUN-1001 :        qor_monitor       |    off     |       off        |        
RUN-1001 :        syn_ip_flow       |    off     |       off        |        
RUN-1001 :          thread          |    auto    |       auto       |        
RUN-1001 : ---------------------------------------------------------------
RUN-1001 : Print Place Property
RUN-1001 : --------------------------------------------------------------
RUN-1001 :        Parameters       |  Settings  |  Default Values  |  Note  
RUN-1001 : --------------------------------------------------------------
RUN-1001 :      detailed_place     |     on     |        on        |        
RUN-1001 :          effort         |   medium   |      medium      |        
RUN-1001 :         fix_hold        |    off     |       off        |        
RUN-1001 :       legalization      |    ori     |       ori        |        
RUN-1001 :      new_spreading      |     on     |        on        |        
RUN-1001 :        opt_timing       |   medium   |      medium      |        
RUN-1001 :   post_clock_route_opt  |    off     |       off        |        
RUN-1001 :       pr_strategy       |     1      |        1         |        
RUN-1001 :        relaxation       |    1.00    |       1.00       |        
RUN-1001 :         retiming        |    off     |       off        |        
RUN-1001 : --------------------------------------------------------------
PHY-3001 : Placer runs in 12 thread(s).
RUN-1002 : start command "legalize_phy_inst"
SYN-1011 : Flatten model soc_top
RUN-1002 : start command "phys_opt -simplify_lut"
SYN-4027 : Net soc_cm0_u0/cm0_u0/u_logic/SCLK is clkc0 of pll pll_u0/pll_inst.
SYN-4019 : Net clk_dup_1 is refclk of pll pll_u0/pll_inst.
SYN-4024 : Net "swclk_dup_1" drives clk pins.
SYN-4025 : Tag rtl::Net clk_dup_1 as clock net
SYN-4025 : Tag rtl::Net soc_cm0_u0/cm0_u0/u_logic/SCLK as clock net
SYN-4025 : Tag rtl::Net swclk_dup_1 as clock net
SYN-4026 : Tagged 3 rtl::Net as clock net
SYN-4015 : Create BUFG instance for clk Net swclk_dup_1 to drive 107 clock pins.
PHY-1001 : Populate physical database on model soc_top.
RUN-1001 : There are total 7966 instances
RUN-0007 : 5911 luts, 1866 seqs, 59 mslices, 43 lslices, 31 pads, 48 brams, 3 dsps
RUN-1001 : There are total 8391 nets
RUN-1001 : 4565 nets have 2 pins
RUN-1001 : 2785 nets have [3 - 5] pins
RUN-1001 : 559 nets have [6 - 10] pins
RUN-1001 : 253 nets have [11 - 20] pins
RUN-1001 : 224 nets have [21 - 99] pins
RUN-1001 : 5 nets have 100+ pins
RUN-1001 : Report Control nets information:
RUN-1001 : DFF Distribution
RUN-1001 : ----------------------------------
RUN-1001 :   CE   |  SSR  |  ASR  |  DFF Count  
RUN-1001 : ----------------------------------
RUN-1001 :   No   |  No   |  No   |     207     
RUN-1001 :   No   |  No   |  Yes  |     554     
RUN-1001 :   No   |  Yes  |  No   |      0      
RUN-1001 :   Yes  |  No   |  No   |     835     
RUN-1001 :   Yes  |  No   |  Yes  |     270     
RUN-1001 :   Yes  |  Yes  |  No   |      0      
RUN-1001 : ----------------------------------
RUN-0007 : Control Group Statistic
RUN-0007 : ---------------------------
RUN-0007 :   #CLK  |  #CE  |  #SSR/ASR  
RUN-0007 : ---------------------------
RUN-0007 :    2    |  55   |     4      
RUN-0007 : ---------------------------
RUN-0007 : Control Set = 60
PHY-3001 : Initial placement ...
PHY-3001 : design contains 7964 instances, 5911 luts, 1866 seqs, 102 slices, 13 macros(102 instances: 59 mslices 43 lslices)
PHY-0007 : Cell area utilization is 31%
PHY-3001 : Global placement ...
PHY-3001 : Initial: Len = 2.06707e+06
PHY-3001 : Clustering ...
PHY-3001 : Level 0 #clusters 7964.
PHY-3001 : Level 1 #clusters 1016.
PHY-3001 : End clustering;  0.078948s wall, 0.046875s user + 0.000000s system = 0.046875s CPU (59.4%)

PHY-3001 : Run with size of 4
PHY-3001 : Cell area utilization is 31%
PHY-3001 : :::0::: Try harder cell spreading with beta_ = 0
PHY-3002 : Step(1): len = 574249, overlap = 324.031
PHY-3002 : Step(2): len = 499437, overlap = 359.656
PHY-3002 : Step(3): len = 347210, overlap = 445.5
PHY-3002 : Step(4): len = 293264, overlap = 502.594
PHY-3002 : Step(5): len = 239835, overlap = 575.438
PHY-3002 : Step(6): len = 206149, overlap = 603.906
PHY-3002 : Step(7): len = 172590, overlap = 639.688
PHY-3002 : Step(8): len = 150690, overlap = 658.5
PHY-3002 : Step(9): len = 130635, overlap = 689.906
PHY-3002 : Step(10): len = 118531, overlap = 707.844
PHY-3002 : Step(11): len = 105436, overlap = 730.844
PHY-3002 : Step(12): len = 95368.1, overlap = 748.344
PHY-3002 : Step(13): len = 80419.9, overlap = 756.844
PHY-3002 : Step(14): len = 73055.5, overlap = 760.469
PHY-3002 : Step(15): len = 64307.2, overlap = 776.156
PHY-3001 : :::1::: Try harder cell spreading with beta_ = 4.36425e-07
PHY-3002 : Step(16): len = 71104.6, overlap = 770.5
PHY-3002 : Step(17): len = 91114.6, overlap = 750.438
PHY-3002 : Step(18): len = 96797, overlap = 731.781
PHY-3002 : Step(19): len = 101201, overlap = 714.844
PHY-3002 : Step(20): len = 99499.7, overlap = 704.562
PHY-3002 : Step(21): len = 101682, overlap = 683.969
PHY-3002 : Step(22): len = 100806, overlap = 676.656
PHY-3002 : Step(23): len = 102469, overlap = 661
PHY-3002 : Step(24): len = 101934, overlap = 651.844
PHY-3002 : Step(25): len = 103988, overlap = 654.094
PHY-3002 : Step(26): len = 103507, overlap = 666.812
PHY-3002 : Step(27): len = 103902, overlap = 670.625
PHY-3002 : Step(28): len = 102826, overlap = 671.75
PHY-3002 : Step(29): len = 102347, overlap = 669.625
PHY-3002 : Step(30): len = 101903, overlap = 665.906
PHY-3001 : :::2::: Try harder cell spreading with beta_ = 8.7285e-07
PHY-3002 : Step(31): len = 114670, overlap = 636.188
PHY-3002 : Step(32): len = 122245, overlap = 616.75
PHY-3002 : Step(33): len = 123346, overlap = 600.875
PHY-3002 : Step(34): len = 123558, overlap = 581.562
PHY-3002 : Step(35): len = 122833, overlap = 574.094
PHY-3002 : Step(36): len = 123031, overlap = 577
PHY-3002 : Step(37): len = 122828, overlap = 574.188
PHY-3001 : :::3::: Try harder cell spreading with beta_ = 1.7457e-06
PHY-3002 : Step(38): len = 137827, overlap = 572.406
PHY-3002 : Step(39): len = 143999, overlap = 574.406
PHY-3002 : Step(40): len = 146808, overlap = 559.625
PHY-3002 : Step(41): len = 147112, overlap = 549.594
PHY-3002 : Step(42): len = 145878, overlap = 555.812
PHY-3001 : :::4::: Try harder cell spreading with beta_ = 3.4914e-06
PHY-3002 : Step(43): len = 162028, overlap = 537.219
PHY-3002 : Step(44): len = 170872, overlap = 526.188
PHY-3002 : Step(45): len = 173921, overlap = 513.875
PHY-3002 : Step(46): len = 174458, overlap = 508.938
PHY-3002 : Step(47): len = 174235, overlap = 512.781
PHY-3002 : Step(48): len = 173648, overlap = 515.875
PHY-3002 : Step(49): len = 171693, overlap = 515.531
PHY-3001 : :::5::: Try harder cell spreading with beta_ = 6.9828e-06
PHY-3002 : Step(50): len = 190967, overlap = 435.781
PHY-3002 : Step(51): len = 204731, overlap = 367.281
PHY-3002 : Step(52): len = 212750, overlap = 322.219
PHY-3002 : Step(53): len = 215598, overlap = 296.219
PHY-3002 : Step(54): len = 215268, overlap = 285.562
PHY-3002 : Step(55): len = 213933, overlap = 282.688
PHY-3002 : Step(56): len = 211778, overlap = 286.031
PHY-3002 : Step(57): len = 210762, overlap = 295.406
PHY-3002 : Step(58): len = 210237, overlap = 305.125
PHY-3001 : :::6::: Try harder cell spreading with beta_ = 1.38501e-05
PHY-3002 : Step(59): len = 233335, overlap = 249.125
PHY-3002 : Step(60): len = 249112, overlap = 209.75
PHY-3002 : Step(61): len = 256133, overlap = 201.625
PHY-3002 : Step(62): len = 257128, overlap = 210.812
PHY-3002 : Step(63): len = 254663, overlap = 209.188
PHY-3002 : Step(64): len = 252721, overlap = 210.844
PHY-3002 : Step(65): len = 251767, overlap = 209.625
PHY-3001 : :::7::: Try harder cell spreading with beta_ = 2.69929e-05
PHY-3002 : Step(66): len = 267612, overlap = 189.031
PHY-3002 : Step(67): len = 285887, overlap = 173.281
PHY-3002 : Step(68): len = 293996, overlap = 157.188
PHY-3002 : Step(69): len = 294289, overlap = 151.031
PHY-3002 : Step(70): len = 292872, overlap = 149.375
PHY-3002 : Step(71): len = 292348, overlap = 152.969
PHY-3002 : Step(72): len = 291395, overlap = 151.938
PHY-3002 : Step(73): len = 290794, overlap = 156.188
PHY-3002 : Step(74): len = 291113, overlap = 158.531
PHY-3001 : :::8::: Try harder cell spreading with beta_ = 5.07945e-05
PHY-3002 : Step(75): len = 302144, overlap = 155.281
PHY-3002 : Step(76): len = 320300, overlap = 133.656
PHY-3002 : Step(77): len = 326721, overlap = 130.25
PHY-3002 : Step(78): len = 326574, overlap = 131.656
PHY-3002 : Step(79): len = 325705, overlap = 129.344
PHY-3002 : Step(80): len = 325616, overlap = 128.719
PHY-3002 : Step(81): len = 325828, overlap = 124.25
PHY-3002 : Step(82): len = 326357, overlap = 124.094
PHY-3001 : :::9::: Try harder cell spreading with beta_ = 9.68576e-05
PHY-3002 : Step(83): len = 334963, overlap = 117.594
PHY-3002 : Step(84): len = 350174, overlap = 109.062
PHY-3002 : Step(85): len = 355186, overlap = 104.312
PHY-3002 : Step(86): len = 355350, overlap = 108.906
PHY-3002 : Step(87): len = 354898, overlap = 109.594
PHY-3002 : Step(88): len = 354768, overlap = 108.469
PHY-3002 : Step(89): len = 355114, overlap = 106.906
PHY-3002 : Step(90): len = 356241, overlap = 104.406
PHY-3002 : Step(91): len = 356877, overlap = 104.469
PHY-3001 : :::10::: Try harder cell spreading with beta_ = 0.00018491
PHY-3002 : Step(92): len = 361942, overlap = 97.75
PHY-3002 : Step(93): len = 373493, overlap = 98
PHY-3002 : Step(94): len = 375989, overlap = 97.9375
PHY-3002 : Step(95): len = 376028, overlap = 95.8125
PHY-3002 : Step(96): len = 377055, overlap = 99.1875
PHY-3002 : Step(97): len = 378259, overlap = 98
PHY-3002 : Step(98): len = 379628, overlap = 97.5
PHY-3001 : :::11::: Try harder cell spreading with beta_ = 0.000327435
PHY-3002 : Step(99): len = 382099, overlap = 95
PHY-3002 : Step(100): len = 386979, overlap = 98.4375
PHY-3002 : Step(101): len = 389421, overlap = 98.5
PHY-3002 : Step(102): len = 392623, overlap = 97
PHY-3002 : Step(103): len = 394302, overlap = 96.6875
PHY-3002 : Step(104): len = 395182, overlap = 96.1875
PHY-3001 : Legalization ...
PHY-3001 : End legalization;  0.013096s wall, 0.000000s user + 0.000000s system = 0.000000s CPU (n/a%)

PHY-3001 : Run with size of 4
PHY-3001 : Cell area utilization is 37%
PHY-3001 : Analyzing congestion ...
RUN-1001 : Generating global routing grids ...
RUN-1001 : Building simple global routing graph ...
PHY-1001 : Generate routing nets ...
PHY-1001 : Reuse net number 0/8391.
PHY-1001 : Global iterations in 12 thread ...
PHY-1002 : len = 548120, over cnt = 1016(2%), over = 6193, worst = 30
PHY-1001 : End global iterations;  0.378370s wall, 0.062500s user + 0.031250s system = 0.093750s CPU (24.8%)

PHY-1001 : Congestion index: top1 = 78.02, top5 = 59.02, top10 = 49.64, top15 = 43.61.
PHY-3001 : End congestion estimation;  0.492584s wall, 0.093750s user + 0.031250s system = 0.125000s CPU (25.4%)

PHY-3001 : Update density targets...
PHY-3001 : Update congestion history...
PHY-3001 : :::0::: Try harder cell spreading with beta_ = 9.52785e-05
PHY-3002 : Step(105): len = 464835, overlap = 2.75
PHY-3002 : Step(106): len = 465896, overlap = 1.4375
PHY-3002 : Step(107): len = 439428, overlap = 2.09375
PHY-3002 : Step(108): len = 427802, overlap = 2.53125
PHY-3002 : Step(109): len = 423844, overlap = 2.46875
PHY-3002 : Step(110): len = 417151, overlap = 2.28125
PHY-3002 : Step(111): len = 415109, overlap = 1.21875
PHY-3002 : Step(112): len = 409787, overlap = 1.5
PHY-3002 : Step(113): len = 405421, overlap = 2
PHY-3002 : Step(114): len = 404658, overlap = 2.40625
PHY-3002 : Step(115): len = 404556, overlap = 2.25
PHY-3001 : Run with size of 2
PHY-3001 : Cell area utilization is 37%
PHY-3001 : Analyzing congestion ...
RUN-1001 : Generating global routing grids ...
PHY-1001 : Generate routing nets ...
PHY-1001 : Reuse net number 57/8391.
PHY-1001 : Global iterations in 12 thread ...
PHY-1002 : len = 507800, over cnt = 1498(4%), over = 5905, worst = 80
PHY-1001 : End global iterations;  0.452089s wall, 0.218750s user + 0.000000s system = 0.218750s CPU (48.4%)

PHY-1001 : Congestion index: top1 = 72.48, top5 = 53.50, top10 = 45.71, top15 = 41.35.
PHY-3001 : End congestion estimation;  0.570599s wall, 0.265625s user + 0.000000s system = 0.265625s CPU (46.6%)

PHY-3001 : Update density targets...
PHY-3001 : Update congestion history...
PHY-3001 : :::0::: Try harder cell spreading with beta_ = 8.75473e-05
PHY-3002 : Step(116): len = 403407, overlap = 30.375
PHY-3002 : Step(117): len = 401370, overlap = 20.25
PHY-3002 : Step(118): len = 396397, overlap = 18.1562
PHY-3002 : Step(119): len = 382635, overlap = 19.5
PHY-3002 : Step(120): len = 379318, overlap = 25.8125
PHY-3002 : Step(121): len = 374520, overlap = 30.25
PHY-3002 : Step(122): len = 368402, overlap = 25.4375
PHY-3002 : Step(123): len = 366061, overlap = 25.5
PHY-3002 : Step(124): len = 364173, overlap = 26.4062
PHY-3002 : Step(125): len = 358947, overlap = 28.9062
PHY-3002 : Step(126): len = 357225, overlap = 30.5312
PHY-3002 : Step(127): len = 355989, overlap = 29
PHY-3001 : :::1::: Try harder cell spreading with beta_ = 0.000175095
PHY-3002 : Step(128): len = 365561, overlap = 24.9688
PHY-3002 : Step(129): len = 369545, overlap = 23.3438
PHY-3002 : Step(130): len = 374835, overlap = 16.4062
PHY-3002 : Step(131): len = 376668, overlap = 12.9062
PHY-3002 : Step(132): len = 377819, overlap = 12.8438
PHY-3002 : Step(133): len = 377660, overlap = 10.9062
PHY-3002 : Step(134): len = 376718, overlap = 11.4688
PHY-3002 : Step(135): len = 376155, overlap = 11.1875
PHY-3001 : :::2::: Try harder cell spreading with beta_ = 0.000350189
PHY-3002 : Step(136): len = 382206, overlap = 11.0938
PHY-3002 : Step(137): len = 385740, overlap = 11.5
PHY-3002 : Step(138): len = 393890, overlap = 8.15625
PHY-3002 : Step(139): len = 394807, overlap = 8.40625
PHY-3002 : Step(140): len = 394999, overlap = 7.125
PHY-3002 : Step(141): len = 395118, overlap = 7.59375
PHY-3002 : Step(142): len = 395410, overlap = 6.46875
PHY-3002 : Step(143): len = 395880, overlap = 5.84375
PHY-3001 : :::3::: Try harder cell spreading with beta_ = 0.000626466
PHY-3002 : Step(144): len = 399290, overlap = 6.21875
PHY-3002 : Step(145): len = 402968, overlap = 6
PHY-3002 : Step(146): len = 408649, overlap = 5.3125
PHY-3002 : Step(147): len = 411265, overlap = 4.90625
PHY-3002 : Step(148): len = 413026, overlap = 4.0625
PHY-3002 : Step(149): len = 414915, overlap = 4.40625
PHY-3002 : Step(150): len = 415434, overlap = 3.625
PHY-3002 : Step(151): len = 415719, overlap = 3.625
PHY-3002 : Step(152): len = 415734, overlap = 4.28125
PHY-3002 : Step(153): len = 415660, overlap = 4.5625
PHY-3002 : Step(154): len = 414770, overlap = 4.5625
PHY-3001 : :::4::: Try harder cell spreading with beta_ = 0.00115715
PHY-3002 : Step(155): len = 417023, overlap = 4.78125
PHY-3002 : Step(156): len = 419007, overlap = 4.46875
PHY-3002 : Step(157): len = 422620, overlap = 4.46875
PHY-3002 : Step(158): len = 424285, overlap = 4.21875
PHY-3002 : Step(159): len = 425707, overlap = 4.25
PHY-3002 : Step(160): len = 427996, overlap = 3.5625
PHY-3002 : Step(161): len = 431240, overlap = 4.125
PHY-3002 : Step(162): len = 433211, overlap = 4.46875
PHY-3002 : Step(163): len = 434116, overlap = 4.53125
PHY-3002 : Step(164): len = 434674, overlap = 4.3125
PHY-3002 : Step(165): len = 435153, overlap = 3.78125
PHY-3002 : Step(166): len = 434930, overlap = 3.96875
PHY-3002 : Step(167): len = 434491, overlap = 3.03125
PHY-3001 : :::5::: Try harder cell spreading with beta_ = 0.00203551
PHY-3002 : Step(168): len = 435254, overlap = 3.34375
PHY-3002 : Step(169): len = 435984, overlap = 3.5625
PHY-3002 : Step(170): len = 437077, overlap = 3.75
OPT-1001 : Start physical optimization ...
OPT-1001 : Total overflow 88.19 peak overflow 1.53
OPT-1001 : Start high-fanout net optimization ...
OPT-1001 : Update timing in global mode
PHY-1001 : Start incremental global routing, caller is place ...
RUN-1001 : Generating global routing grids ...
PHY-1001 : Generate routing nets ...
PHY-1001 : Reuse net number 186/8391.
PHY-1001 : Global iterations in 12 thread ...
PHY-1002 : len = 562216, over cnt = 1434(4%), over = 4300, worst = 28
PHY-1001 : End global iterations;  0.534260s wall, 0.156250s user + 0.015625s system = 0.171875s CPU (32.2%)

PHY-1001 : Congestion index: top1 = 53.02, top5 = 43.46, top10 = 38.89, top15 = 36.00.
PHY-1001 : End incremental global routing;  0.656653s wall, 0.203125s user + 0.015625s system = 0.218750s CPU (33.3%)

RUN-1002 : start command "start_timer -report"
TMR-5001 WARNING: No sdc constraints found while initiating timer.
TMR-2505 : Start building timing graph for model soc_top.
TMR-2506 : Build timing graph completely. Port num: 10, tpin num: 37641, tnet num: 8389, tinst num: 7964, tnode num: 43623, tedge num: 60662.
TMR-2508 : Levelizing timing graph completed, there are 61 levels in total.
TMR-2501 : Timing graph initialized successfully.
OPT-1001 : End timing update;  0.378504s wall, 0.078125s user + 0.000000s system = 0.078125s CPU (20.6%)

OPT-1001 : 0 high-fanout net processed.
OPT-1001 : End high-fanout net optimization;  1.182008s wall, 0.328125s user + 0.015625s system = 0.343750s CPU (29.1%)

OPT-1001 : Current memory(MB): used = 375, reserve = 350, peak = 375.
OPT-1001 : End physical optimization;  1.239789s wall, 0.375000s user + 0.015625s system = 0.390625s CPU (31.5%)

PHY-3001 : Start packing ...
SYN-4007 : Packing 0 MUX to BLE ...
SYN-4008 : Packed 0 MUX and 0 SEQ to BLE.
SYN-4007 : Packing 5911 LUT to BLE ...
SYN-4008 : Packed 5911 LUT and 945 SEQ to BLE.
SYN-4003 : Packing 921 remaining SEQ's ...
SYN-4005 : Packed 893 SEQ with LUT/SLICE
SYN-4006 : 4081 single LUT's are left
SYN-4006 : 28 single SEQ's are left
SYN-4011 : Packing model "soc_top" (AL_USER_NORMAL) with 5939/6128 primitive instances ...
PHY-3001 : End packing;  0.388216s wall, 0.140625s user + 0.000000s system = 0.140625s CPU (36.2%)

PHY-1001 : Populate physical database on model soc_top.
RUN-1001 : There are total 3515 instances
RUN-1001 : 1714 mslices, 1714 lslices, 31 pads, 48 brams, 3 dsps
RUN-1001 : There are total 7656 nets
RUN-1001 : 3499 nets have 2 pins
RUN-1001 : 2974 nets have [3 - 5] pins
RUN-1001 : 665 nets have [6 - 10] pins
RUN-1001 : 281 nets have [11 - 20] pins
RUN-1001 : 234 nets have [21 - 99] pins
RUN-1001 : 3 nets have 100+ pins
PHY-3001 : design contains 3513 instances, 3428 slices, 13 macros(102 instances: 59 mslices 43 lslices)
PHY-3001 : Cell area utilization is 41%
PHY-3001 : After packing: Len = 451455, Over = 29.75
PHY-3001 : Run with size of 2
PHY-3001 : Cell area utilization is 41%
PHY-3001 : Analyzing congestion ...
RUN-1001 : Generating global routing grids ...
PHY-1001 : Generate routing nets ...
PHY-1001 : Reuse net number 3976/7656.
PHY-1001 : Global iterations in 12 thread ...
PHY-1002 : len = 581912, over cnt = 1251(3%), over = 2830, worst = 21
PHY-1002 : len = 593144, over cnt = 818(2%), over = 1425, worst = 12
PHY-1002 : len = 603568, over cnt = 162(0%), over = 249, worst = 8
PHY-1002 : len = 605504, over cnt = 55(0%), over = 82, worst = 8
PHY-1002 : len = 605920, over cnt = 5(0%), over = 6, worst = 2
PHY-1001 : End global iterations;  0.767394s wall, 0.156250s user + 0.015625s system = 0.171875s CPU (22.4%)

PHY-1001 : Congestion index: top1 = 47.61, top5 = 41.10, top10 = 37.21, top15 = 34.81.
PHY-3001 : End congestion estimation;  0.947445s wall, 0.234375s user + 0.015625s system = 0.250000s CPU (26.4%)

PHY-3001 : Update density targets...
PHY-3001 : Update congestion history...
PHY-3001 : :::0::: Try harder cell spreading with beta_ = 4.19137e-05
PHY-3002 : Step(171): len = 433579, overlap = 24.75
PHY-3002 : Step(172): len = 416143, overlap = 46.5
PHY-3002 : Step(173): len = 404299, overlap = 44.75
PHY-3002 : Step(174): len = 399154, overlap = 50.5
PHY-3002 : Step(175): len = 394242, overlap = 53.75
PHY-3002 : Step(176): len = 389575, overlap = 55.75
PHY-3002 : Step(177): len = 386473, overlap = 58.75
PHY-3002 : Step(178): len = 384399, overlap = 60
PHY-3001 : :::1::: Try harder cell spreading with beta_ = 8.38274e-05
PHY-3002 : Step(179): len = 397295, overlap = 46.75
PHY-3002 : Step(180): len = 408445, overlap = 35.5
PHY-3002 : Step(181): len = 410887, overlap = 35.25
PHY-3002 : Step(182): len = 410880, overlap = 35.75
PHY-3002 : Step(183): len = 411092, overlap = 31.5
PHY-3002 : Step(184): len = 411442, overlap = 32.5
PHY-3001 : :::2::: Try harder cell spreading with beta_ = 0.000167655
PHY-3002 : Step(185): len = 424270, overlap = 20.5
PHY-3002 : Step(186): len = 433295, overlap = 19
PHY-3002 : Step(187): len = 433733, overlap = 20.25
PHY-3002 : Step(188): len = 435398, overlap = 15.75
PHY-3002 : Step(189): len = 439607, overlap = 16.5
PHY-3002 : Step(190): len = 441977, overlap = 14.25
PHY-3002 : Step(191): len = 442146, overlap = 15.25
PHY-3002 : Step(192): len = 443084, overlap = 19.25
PHY-3002 : Step(193): len = 444652, overlap = 19.25
PHY-3002 : Step(194): len = 445219, overlap = 20
PHY-3002 : Step(195): len = 445483, overlap = 18.5
PHY-3001 : :::3::: Try harder cell spreading with beta_ = 0.000332617
PHY-3002 : Step(196): len = 450707, overlap = 16.25
PHY-3002 : Step(197): len = 457218, overlap = 14.5
PHY-3002 : Step(198): len = 459170, overlap = 12.5
PHY-3002 : Step(199): len = 460940, overlap = 12
PHY-3002 : Step(200): len = 462746, overlap = 12
PHY-3002 : Step(201): len = 464461, overlap = 12.25
PHY-3002 : Step(202): len = 465579, overlap = 13.5
PHY-3002 : Step(203): len = 465448, overlap = 12.25
PHY-3002 : Step(204): len = 465512, overlap = 11.75
PHY-3002 : Step(205): len = 466193, overlap = 10
PHY-3001 : :::4::: Try harder cell spreading with beta_ = 0.000588241
PHY-3002 : Step(206): len = 469235, overlap = 9.25
PHY-3002 : Step(207): len = 472022, overlap = 9.25
PHY-3002 : Step(208): len = 474213, overlap = 7.5
PHY-3002 : Step(209): len = 476575, overlap = 6.5
PHY-3002 : Step(210): len = 477587, overlap = 5.75
PHY-3001 : :::5::: Try harder cell spreading with beta_ = 0.00117648
PHY-3002 : Step(211): len = 478965, overlap = 6
PHY-3002 : Step(212): len = 483579, overlap = 5.5
PHY-3002 : Step(213): len = 489870, overlap = 6
PHY-3002 : Step(214): len = 488948, overlap = 7
PHY-3002 : Step(215): len = 488377, overlap = 6.75
PHY-3002 : Step(216): len = 487816, overlap = 5.5
PHY-3002 : Step(217): len = 487738, overlap = 5.75
PHY-3002 : Step(218): len = 488148, overlap = 6.75
PHY-3002 : Step(219): len = 488945, overlap = 6.75
PHY-3002 : Step(220): len = 489413, overlap = 6.5
PHY-3002 : Step(221): len = 489492, overlap = 7
PHY-3002 : Step(222): len = 489079, overlap = 5
PHY-3001 : :::6::: Try harder cell spreading with beta_ = 0.00192484
PHY-3002 : Step(223): len = 490450, overlap = 5
PHY-3002 : Step(224): len = 492559, overlap = 4.5
PHY-3002 : Step(225): len = 494120, overlap = 5.75
PHY-3001 : :::7::: Try harder cell spreading with beta_ = 0.00334925
PHY-3002 : Step(226): len = 494906, overlap = 6
PHY-3002 : Step(227): len = 496556, overlap = 6.5
PHY-3002 : Step(228): len = 498399, overlap = 7.5
PHY-3002 : Step(229): len = 501357, overlap = 7.5
PHY-3002 : Step(230): len = 502111, overlap = 7
PHY-3002 : Step(231): len = 502796, overlap = 6.25
PHY-3001 : Legalization ...
PHY-3001 : End legalization;  1.139329s wall, 0.156250s user + 0.234375s system = 0.390625s CPU (34.3%)

PHY-3001 : Trial Legalized: Len = 519643
PHY-3001 : Run with size of 2
PHY-3001 : Cell area utilization is 41%
PHY-3001 : Analyzing congestion ...
RUN-1001 : Generating global routing grids ...
PHY-1001 : Generate routing nets ...
PHY-1001 : Reuse net number 52/7656.
PHY-1001 : Global iterations in 12 thread ...
PHY-1002 : len = 638048, over cnt = 1055(2%), over = 1741, worst = 8
PHY-1002 : len = 643240, over cnt = 621(1%), over = 890, worst = 5
PHY-1002 : len = 648688, over cnt = 251(0%), over = 344, worst = 5
PHY-1002 : len = 650528, over cnt = 107(0%), over = 137, worst = 4
PHY-1002 : len = 652320, over cnt = 0(0%), over = 0, worst = 0
PHY-1001 : End global iterations;  0.933441s wall, 0.312500s user + 0.015625s system = 0.328125s CPU (35.2%)

PHY-1001 : Congestion index: top1 = 50.37, top5 = 43.27, top10 = 39.30, top15 = 36.80.
PHY-3001 : End congestion estimation;  1.114064s wall, 0.359375s user + 0.031250s system = 0.390625s CPU (35.1%)

PHY-3001 : Update density targets...
PHY-3001 : Update congestion history...
PHY-3001 : :::0::: Try harder cell spreading with beta_ = 0.000131164
PHY-3002 : Step(232): len = 481851, overlap = 8.25
PHY-3002 : Step(233): len = 467383, overlap = 10.5
PHY-3002 : Step(234): len = 461059, overlap = 13.75
PHY-3002 : Step(235): len = 457316, overlap = 12.75
PHY-3002 : Step(236): len = 454163, overlap = 11.5
PHY-3002 : Step(237): len = 451834, overlap = 10.75
PHY-3002 : Step(238): len = 450206, overlap = 11.5
PHY-3002 : Step(239): len = 449926, overlap = 13.25
PHY-3002 : Step(240): len = 449252, overlap = 12.25
PHY-3001 : Legalization ...
PHY-3001 : End legalization;  0.010761s wall, 0.000000s user + 0.000000s system = 0.000000s CPU (n/a%)

PHY-3001 : Legalized: Len = 458252, Over = 0
PHY-3001 : Spreading special nets. 6 overflows in 2952 tiles.
PHY-3001 : End spreading;  0.019428s wall, 0.015625s user + 0.000000s system = 0.015625s CPU (80.4%)

PHY-3001 : 8 instances has been re-located, deltaX = 1, deltaY = 7, maxDist = 1.
PHY-3001 : Final: Len = 458360, Over = 0
OPT-1001 : Start physical optimization ...
OPT-1001 : Total overflow 0.00 peak overflow 0.00
OPT-1001 : Start high-fanout net optimization ...
OPT-1001 : Update timing in global mode
PHY-1001 : Start incremental global routing, caller is place ...
RUN-1001 : Generating global routing grids ...
PHY-1001 : Generate routing nets ...
PHY-1001 : Reuse net number 303/7656.
PHY-1001 : Global iterations in 12 thread ...
PHY-1002 : len = 573664, over cnt = 1058(3%), over = 1755, worst = 9
PHY-1002 : len = 578952, over cnt = 608(1%), over = 924, worst = 6
PHY-1002 : len = 587728, over cnt = 83(0%), over = 112, worst = 4
PHY-1002 : len = 588560, over cnt = 11(0%), over = 13, worst = 2
PHY-1002 : len = 588624, over cnt = 0(0%), over = 0, worst = 0
PHY-1001 : End global iterations;  0.929042s wall, 0.296875s user + 0.000000s system = 0.296875s CPU (32.0%)

PHY-1001 : Congestion index: top1 = 50.13, top5 = 41.51, top10 = 37.57, top15 = 35.21.
PHY-1001 : End incremental global routing;  1.082037s wall, 0.343750s user + 0.000000s system = 0.343750s CPU (31.8%)

RUN-1002 : start command "start_timer -report"
TMR-5001 WARNING: No sdc constraints found while initiating timer.
TMR-2505 : Start building timing graph for model soc_top.
TMR-2506 : Build timing graph completely. Port num: 10, tpin num: 36890, tnet num: 7654, tinst num: 3513, tnode num: 41949, tedge num: 61842.
TMR-2508 : Levelizing timing graph completed, there are 59 levels in total.
TMR-2501 : Timing graph initialized successfully.
OPT-1001 : End timing update;  0.606545s wall, 0.187500s user + 0.000000s system = 0.187500s CPU (30.9%)

OPT-1001 : 0 high-fanout net processed.
OPT-1001 : End high-fanout net optimization;  1.858239s wall, 0.578125s user + 0.000000s system = 0.578125s CPU (31.1%)

OPT-1001 : Current memory(MB): used = 408, reserve = 385, peak = 408.
OPT-1001 : Update timing in Manhattan mode
OPT-1001 : End timing update;  0.011466s wall, 0.000000s user + 0.000000s system = 0.000000s CPU (n/a%)

OPT-1001 : Start pin optimization...
OPT-1001 : skip pin optimization...
RUN-1001 : Generating global routing grids ...
PHY-1001 : Generate routing nets ...
PHY-1001 : Reuse net number 7205/7656.
PHY-1001 : Global iterations in 12 thread ...
PHY-1002 : len = 588624, over cnt = 0(0%), over = 0, worst = 0
PHY-1001 : End global iterations;  0.052678s wall, 0.046875s user + 0.000000s system = 0.046875s CPU (89.0%)

PHY-1001 : Congestion index: top1 = 50.13, top5 = 41.51, top10 = 37.57, top15 = 35.21.
OPT-1001 : Update timing in Manhattan mode
OPT-1001 : End timing update;  0.011882s wall, 0.000000s user + 0.000000s system = 0.000000s CPU (n/a%)

RUN-1001 : QoR Analysis:
OPT-0007 :   WNS 2147483647 TNS 0 NUM_FEPS 0
RUN-1001 :   No local congestion issue, and most congested 1% tile average routing util is 49.689655
RUN-1001 :   Top critical paths
OPT-1001 : End physical optimization;  2.153194s wall, 0.703125s user + 0.015625s system = 0.718750s CPU (33.4%)

RUN-1003 : finish command "place" in  13.152579s wall, 3.437500s user + 0.890625s system = 4.328125s CPU (32.9%)

RUN-1004 : used memory is 356 MB, reserved memory is 332 MB, peak memory is 413 MB
RUN-1002 : start command "export_db SOC_2_times_place.db"
RUN-1001 : Exported /
RUN-1001 : Exported flow parameters
RUN-1001 : Exported libs
RUN-1001 : Exported entities
RUN-1001 : Exported ports
RUN-1001 : Exported pins
RUN-1001 : Exported instances
RUN-1001 : Exported nets
RUN-1001 : Exported buses
RUN-1001 : Exported models
RUN-1001 : Exported congestions
RUN-1001 : Exported violations
RUN-1001 : Exported IO constraints
RUN-1001 : Exported Inst constraints
RUN-1003 : finish command "export_db SOC_2_times_place.db" in  1.026688s wall, 0.468750s user + 0.000000s system = 0.468750s CPU (45.7%)

RUN-1004 : used memory is 367 MB, reserved memory is 347 MB, peak memory is 420 MB
RUN-1002 : start command "route"
RUN-1001 : Open license file D:/Anlogic/TD5.6.2/license/Anlogic.lic
RUN-1001 : Print Global Property
RUN-1001 : ---------------------------------------------------------------
RUN-1001 :        Parameters        |  Settings  |  Default Values  |  Note  
RUN-1001 : ---------------------------------------------------------------
RUN-1001 :          message         |  standard  |     standard     |        
RUN-1001 :   mixed_pack_place_flow  |     on     |        on        |        
RUN-1001 :        qor_monitor       |    off     |       off        |        
RUN-1001 :        syn_ip_flow       |    off     |       off        |        
RUN-1001 :          thread          |    auto    |       auto       |        
RUN-1001 : ---------------------------------------------------------------
RUN-1001 : Print Route Property
RUN-1001 : -------------------------------------------------------
RUN-1001 :    Parameters    |  Settings  |  Default Values  |  Note  
RUN-1001 : -------------------------------------------------------
RUN-1001 :      effort      |   medium   |      medium      |        
RUN-1001 :     fix_hold     |    off     |       off        |        
RUN-1001 :    opt_timing    |   medium   |      medium      |        
RUN-1001 :   phy_sim_model  |    off     |       off        |        
RUN-1001 :     priority     |   timing   |      timing      |        
RUN-1001 :     swap_pin     |     on     |        on        |        
RUN-1001 : -------------------------------------------------------
PHY-1001 : Route runs in 12 thread(s)
RUN-1001 : There are total 3515 instances
RUN-1001 : 1714 mslices, 1714 lslices, 31 pads, 48 brams, 3 dsps
RUN-1001 : There are total 7656 nets
RUN-1001 : 3499 nets have 2 pins
RUN-1001 : 2974 nets have [3 - 5] pins
RUN-1001 : 665 nets have [6 - 10] pins
RUN-1001 : 281 nets have [11 - 20] pins
RUN-1001 : 234 nets have [21 - 99] pins
RUN-1001 : 3 nets have 100+ pins
RUN-1002 : start command "start_timer -report"
TMR-5001 WARNING: No sdc constraints found while initiating timer.
TMR-2505 : Start building timing graph for model soc_top.
TMR-2506 : Build timing graph completely. Port num: 10, tpin num: 36890, tnet num: 7654, tinst num: 3513, tnode num: 41949, tedge num: 61842.
TMR-2508 : Levelizing timing graph completed, there are 59 levels in total.
TMR-2501 : Timing graph initialized successfully.
PHY-1001 : 1714 mslices, 1714 lslices, 31 pads, 48 brams, 3 dsps
TMR-2503 : Start to update net delay, extr mode = 3.
TMR-2504 : Update delay of 7654 nets completely.
TMR-2502 : Annotate delay completely, extr mode = 3.
TMR-3002 : No user constraint, initiate default constraint.
TMR-1501 : Assign derive clock DeriveClock to 3002 clock pins, and constraint 5025 relative nodes.
TMR-3003 : Constraints initiated successfully.
TMR-3501 : Forward propagation: start to calculate arrival time...
TMR-3502 : Backward propagation: start to calculate required time...
TMR-3503 : Timing propagation completes.
PHY-1001 : Start global routing, caller is route ...
RUN-1001 : Generating global routing grids ...
PHY-1001 : Generate routing nets ...
PHY-1001 : Global iterations in 12 thread ...
PHY-1002 : len = 570904, over cnt = 1068(3%), over = 1753, worst = 8
PHY-1002 : len = 576088, over cnt = 599(1%), over = 915, worst = 7
PHY-1002 : len = 582656, over cnt = 165(0%), over = 245, worst = 5
PHY-1002 : len = 585456, over cnt = 12(0%), over = 17, worst = 2
PHY-1002 : len = 585608, over cnt = 0(0%), over = 0, worst = 0
PHY-1001 : End global iterations;  0.805321s wall, 0.359375s user + 0.015625s system = 0.375000s CPU (46.6%)

PHY-1001 : Congestion index: top1 = 49.91, top5 = 41.48, top10 = 37.55, top15 = 35.12.
PHY-1001 : End global routing;  0.977015s wall, 0.437500s user + 0.015625s system = 0.453125s CPU (46.4%)

PHY-1001 : Start detail routing ...
PHY-1001 : Current memory(MB): used = 461, reserve = 440, peak = 461.
PHY-1001 : Detailed router is running in normal mode.
PHY-1001 : Generate detailed routing grids ...
PHY-1001 : Generate nets ...
PHY-1001 : net clk_dup_1 will be routed on clock mesh
PHY-1001 : clock net swclk_syn_4 will be merged with clock swclk_dup_1
PHY-1001 : net soc_cm0_u0/cm0_u0/u_logic/SCLK will be routed on clock mesh
PHY-1001 : Current memory(MB): used = 720, reserve = 702, peak = 720.
PHY-1001 : End build detailed router design. 3.225439s wall, 1.171875s user + 0.125000s system = 1.296875s CPU (40.2%)

PHY-1001 : Detail Route ...
PHY-1001 : ===== Detail Route Phase 1 =====
PHY-1001 : Clock net routing.....
PHY-1001 : Routed 0% nets.
PHY-1022 : len = 92232, over cnt = 0(0%), over = 0, worst = 0, crit = 0
PHY-1001 : End initial clock net routed; 0.628633s wall, 0.203125s user + 0.062500s system = 0.265625s CPU (42.3%)

PHY-1001 : Current memory(MB): used = 755, reserve = 738, peak = 755.
PHY-1001 : End phase 1; 0.634086s wall, 0.203125s user + 0.062500s system = 0.265625s CPU (41.9%)

PHY-1001 : ===== Detail Route Phase 2 =====
PHY-1001 : Initial routing.....
PHY-1001 : Routed 37% nets.
PHY-1001 : Routed 43% nets.
PHY-1001 : Routed 53% nets.
PHY-1001 : Routed 69% nets.
PHY-1001 : Routed 98% nets.
PHY-1022 : len = 1.80592e+06, over cnt = 342(0%), over = 343, worst = 2, crit = 0
PHY-1001 : Current memory(MB): used = 760, reserve = 743, peak = 760.
PHY-1001 : End initial routed; 17.702430s wall, 10.921875s user + 0.109375s system = 11.031250s CPU (62.3%)

PHY-1001 : Current memory(MB): used = 760, reserve = 743, peak = 760.
PHY-1001 : End phase 2; 17.702476s wall, 10.921875s user + 0.109375s system = 11.031250s CPU (62.3%)

PHY-1001 : ===== Detail Route Phase 3 =====
PHY-1001 : Ripup-reroute.....
PHY-1001 : ===== DR Iter 1 =====
PHY-1022 : len = 1.79977e+06, over cnt = 81(0%), over = 81, worst = 1, crit = 0
PHY-1001 : End DR Iter 1; 0.308156s wall, 0.156250s user + 0.000000s system = 0.156250s CPU (50.7%)

PHY-1001 : ===== DR Iter 2 =====
PHY-1022 : len = 1.79901e+06, over cnt = 15(0%), over = 15, worst = 1, crit = 0
PHY-1001 : End DR Iter 2; 0.136241s wall, 0.078125s user + 0.000000s system = 0.078125s CPU (57.3%)

PHY-1001 : ===== DR Iter 3 =====
PHY-1022 : len = 1.79858e+06, over cnt = 1(0%), over = 1, worst = 1, crit = 0
PHY-1001 : End DR Iter 3; 0.109434s wall, 0.046875s user + 0.000000s system = 0.046875s CPU (42.8%)

PHY-1001 : ===== DR Iter 4 =====
PHY-1022 : len = 1.7986e+06, over cnt = 0(0%), over = 0, worst = 0, crit = 0
PHY-1001 : End DR Iter 4; 0.068489s wall, 0.015625s user + 0.000000s system = 0.015625s CPU (22.8%)

PHY-1001 : Commit to database.....
PHY-5014 WARNING: Detail route doesn't find pib for pll_u0/pll_inst.fbclk[0]
PHY-1001 : 79 feed throughs used by 60 nets
PHY-1001 : End commit to database; 1.178648s wall, 0.312500s user + 0.000000s system = 0.312500s CPU (26.5%)

PHY-1001 : Current memory(MB): used = 818, reserve = 803, peak = 818.
PHY-1001 : End phase 3; 1.954068s wall, 0.640625s user + 0.000000s system = 0.640625s CPU (32.8%)

PHY-1003 : Routed, final wirelength = 1.7986e+06
PHY-1001 : Current memory(MB): used = 820, reserve = 806, peak = 820.
PHY-1001 : End export database. 0.025724s wall, 0.015625s user + 0.000000s system = 0.015625s CPU (60.7%)

PHY-1001 : End detail routing;  23.790708s wall, 13.000000s user + 0.328125s system = 13.328125s CPU (56.0%)

RUN-1003 : finish command "route" in  25.799581s wall, 13.796875s user + 0.375000s system = 14.171875s CPU (54.9%)

RUN-1004 : used memory is 733 MB, reserved memory is 717 MB, peak memory is 820 MB
RUN-1002 : start command "report_area -io_info -file SOC_2_times_phy.area"
RUN-1001 : standard
***Report Model: soc_top Device: EG4S20BG256***

IO Statistics
#IO                        31
  #input                    8
  #output                   6
  #inout                   17

Utilization Statistics
#lut                     6578   out of  19600   33.56%
#reg                     1866   out of  19600    9.52%
#le                      6606
  #lut only              4740   out of   6606   71.75%
  #reg only                28   out of   6606    0.42%
  #lut&reg               1838   out of   6606   27.82%
#dsp                        3   out of     29   10.34%
#bram                      32   out of     64   50.00%
  #bram9k                  32
  #fifo9k                   0
#bram32k                   16   out of     16  100.00%
#pad                       31   out of    188   16.49%
  #ireg                     6
  #oreg                    18
  #treg                     0
#pll                        1   out of      4   25.00%
#gclk                       1   out of     16    6.25%

Clock Resource Statistics
Index     ClockNet                          Type               DriverType         Driver                   Fanout
#1        soc_cm0_u0/cm0_u0/u_logic/SCLK    GCLK               pll                pll_u0/pll_inst.clkc0    1427
#2        swclk_dup_1                       GCLK               io                 swclk_syn_2.di           74
#3        clk_dup_1                         GeneralRouting     io                 clk_syn_2.di             1


Detailed IO Report

           Name             Direction    Location    IOStandard    DriveStrength    PullType    PackReg  
          btn[3]              INPUT        J13        LVCMOS33          N/A          PULLUP      IREG    
          btn[2]              INPUT        G12        LVCMOS33          N/A          PULLUP      IREG    
          btn[1]              INPUT        H14        LVCMOS33          N/A          PULLUP      IREG    
          btn[0]              INPUT        L12        LVCMOS33          N/A          PULLUP      IREG    
           clk                INPUT        K14        LVCMOS33          N/A          PULLUP      NONE    
          rst_n               INPUT        G11        LVCMOS33          N/A          PULLUP      NONE    
          swclk               INPUT         A8        LVCMOS33          N/A          PULLUP      NONE    
        uart0_rxd             INPUT        F16        LVCMOS33          N/A          PULLUP      IREG    
  btn_interrupt_debug[3]     OUTPUT         R7        LVCMOS33           8            NONE       NONE    
  btn_interrupt_debug[2]     OUTPUT         T7        LVCMOS33           8            NONE       NONE    
  btn_interrupt_debug[1]     OUTPUT         T8        LVCMOS33           8            NONE       NONE    
  btn_interrupt_debug[0]     OUTPUT         T9        LVCMOS33           8            NONE       NONE    
          led_1s             OUTPUT        T13        LVCMOS33           8            NONE       OREG    
        uart0_txd            OUTPUT        E16        LVCMOS33           8            NONE       OREG    
        gpio0[15]             INOUT        H16        LVCMOS33           8            N/A        OREG    
        gpio0[14]             INOUT         F7        LVCMOS33           8            N/A        OREG    
        gpio0[13]             INOUT        P15        LVCMOS33           8            N/A        OREG    
        gpio0[12]             INOUT         F9        LVCMOS33           8            N/A        OREG    
        gpio0[11]             INOUT        N16        LVCMOS33           8            N/A        OREG    
        gpio0[10]             INOUT        J14        LVCMOS33           8            N/A        OREG    
         gpio0[9]             INOUT         L4        LVCMOS33           8            N/A        OREG    
         gpio0[8]             INOUT        C13        LVCMOS33           8            N/A        OREG    
         gpio0[7]             INOUT         F1        LVCMOS33           8            N/A        OREG    
         gpio0[6]             INOUT         N5        LVCMOS33           8           PULLUP      OREG    
         gpio0[5]             INOUT         P4        LVCMOS33           8           PULLUP      OREG    
         gpio0[4]             INOUT         M5        LVCMOS33           8           PULLUP      OREG    
         gpio0[3]             INOUT         N4        LVCMOS33           8           PULLUP      OREG    
         gpio0[2]             INOUT         N3        LVCMOS33           8           PULLUP      OREG    
         gpio0[1]             INOUT         M4        LVCMOS33           8           PULLUP      OREG    
         gpio0[0]             INOUT         M3        LVCMOS33           8           PULLUP      OREG    
          swdio               INOUT         A7        LVCMOS33           8           PULLUP      IREG    

Report Hierarchy Area:
+---------------------------------------------------------------------------------------------------------------+
|Instance                          |Module                 |le     |lut     |ripple  |seq     |bram    |dsp     |
+---------------------------------------------------------------------------------------------------------------+
|top                               |soc_top                |6606   |6476    |102     |1890    |48      |3       |
|  pll_u0                          |pll                    |0      |0       |0       |0       |0       |0       |
|  soc_cm0_u0                      |soc_cm0                |6554   |6442    |93      |1833    |48      |3       |
|    ahb_dtcm                      |cmsdk_ahb_to_sram      |39     |39      |0       |23      |0       |0       |
|    ahb_itcm                      |cmsdk_ahb_to_sram      |116    |116     |0       |46      |0       |0       |
|    btn_interupt_generator_inst   |btn_interupt_generator |49     |27      |9       |33      |0       |0       |
|    cm0_u0                        |CORTEXM0INTEGRATION    |5581   |5512    |65      |1387    |0       |3       |
|      u_logic                     |cortexm0ds_logic       |5581   |5512    |65      |1387    |0       |3       |
|    cmsdk_ahb_gpio_u0             |cmsdk_ahb_gpio         |201    |201     |0       |127     |0       |0       |
|      u_ahb_to_gpio               |cmsdk_ahb_to_iop       |12     |12      |0       |12      |0       |0       |
|      u_iop_gpio                  |cmsdk_iop_gpio         |189    |189     |0       |115     |0       |0       |
|    cmsdk_apb_subsystem_u0        |cmsdk_apb_subsystem    |245    |231     |12      |147     |0       |0       |
|      gen_apb_uart_0$u_apb_uart_0 |cmsdk_apb_uart         |209    |195     |12      |114     |0       |0       |
|      u_ahb_to_apb                |cmsdk_ahb_to_apb       |36     |36      |0       |33      |0       |0       |
|    dtcm_u0                       |dtcm                   |55     |55      |0       |16      |32      |0       |
|    itcm_u0                       |itcm                   |71     |71      |0       |11      |16      |0       |
|    mtx_lite_u0                   |cm0_mtx_lite           |185    |178     |7       |37      |0       |0       |
|      ucm0_mtx                    |cm0_mtx                |185    |178     |7       |37      |0       |0       |
|        u_cm0_mtx_decs0           |cm0_mtx_decS0          |25     |18      |7       |3       |0       |0       |
|        u_cm0_mtx_i_0             |cm0_mtx_i              |156    |156     |0       |30      |0       |0       |
|        u_cm0_mtx_o_2             |cm0_mtx_o              |2      |2       |0       |2       |0       |0       |
|          u_output_arb            |cm0_mtx_arb            |2      |2       |0       |2       |0       |0       |
|        u_cm0_mtx_o_4             |cm0_mtx_o              |2      |2       |0       |2       |0       |0       |
+---------------------------------------------------------------------------------------------------------------+


DataNet Average Fanout:

   Index     Fanout    Nets  
    #1         1       3467  
    #2         2       1866  
    #3         3       569   
    #4         4       539   
    #5        5-10     711   
    #6       11-50     437   
    #7       51-100     30   
    #8        >500      1    
  Average     3.64           

RUN-1002 : start command "export_db SOC_2_times_pr.db"
RUN-1001 : Exported /
RUN-1001 : Exported flow parameters
RUN-1001 : Exported libs
RUN-1001 : Exported entities
RUN-1001 : Exported ports
RUN-1001 : Exported pins
RUN-1001 : Exported instances
RUN-1001 : Exported nets
RUN-1001 : Exported buses
RUN-1001 : Exported models
RUN-1001 : Exported congestions
RUN-1001 : Exported violations
RUN-1001 : Exported IO constraints
RUN-1001 : Exported Inst constraints
RUN-1003 : finish command "export_db SOC_2_times_pr.db" in  1.485882s wall, 0.875000s user + 0.000000s system = 0.875000s CPU (58.9%)

RUN-1004 : used memory is 733 MB, reserved memory is 717 MB, peak memory is 820 MB
RUN-1002 : start command "export_bid SOC_2_times_inst.bid"
PRG-1000 : <!-- HMAC is: ea76553325dc059ef5462b3e373b83d4acf2b60063771cdb83e2bd6220d7b312 -->
RUN-1002 : start command "bitgen -bit SOC_2_times.bit"
BIT-1003 : Start to generate bitstream. 
BIT-1002 : Init instances with 12 threads.
BIT-1002 : Init instances completely, inst num: 3513
BIT-1002 : Init pips with 12 threads.
BIT-1002 : Init pips completely, net num: 7656, pip num: 104489
BIT-1002 : Init feedthrough with 12 threads.
BIT-1002 : Init feedthrough completely, num: 79
BIT-1003 : Multithreading accelaration with 12 threads.
BIT-1003 : Generate bitstream completely, there are 3076 valid insts, and 273928 bits set as '1'.
BIT-1004 : the usercode register value: 00000000110000000000000000000000
BIT-1004 : PLL setting string = 0001
BIT-1004 : Generate bits file SOC_2_times.bit.
RUN-1003 : finish command "bitgen -bit SOC_2_times.bit" in  8.559366s wall, 69.000000s user + 0.281250s system = 69.281250s CPU (809.4%)

RUN-1004 : used memory is 717 MB, reserved memory is 703 MB, peak memory is 908 MB
RUN-1002 : start command "backup_run_log run.log ../.logs/phy_1/td_20240410_180935.log"
