============================================================
   Tang Dynasty, V5.6.71036
      Copyright (c) 2012-2023 Anlogic Inc.
   Executable = D:/Anlogic/TD5.6.2/bin/td.exe
   Built at =   20:34:38 Mar 21 2023
   Run by =     24448
   Run Date =   Mon Mar 18 18:34:49 2024

   Run on =     CHOCODESKTOP
============================================================
RUN-1002 : start command "open_project SOC_2_times.prj"
RUN-1001 : Print Global Property
RUN-1001 : ---------------------------------------------------------------
RUN-1001 :        Parameters        |  Settings  |  Default Values  |  Note  
RUN-1001 : ---------------------------------------------------------------
RUN-1001 :          message         |  standard  |     standard     |        
RUN-1001 :   mixed_pack_place_flow  |     on     |        on        |        
RUN-1001 :        qor_monitor       |    off     |       off        |        
RUN-1001 :        syn_ip_flow       |    off     |       off        |        
RUN-1001 :          thread          |    auto    |       auto       |        
RUN-1001 : ---------------------------------------------------------------
RUN-1001 : Print Design Property
RUN-1001 : --------------------------------------------------------------
RUN-1001 :        Parameters       |  Settings  |  Default Values  |  Note  
RUN-1001 : --------------------------------------------------------------
RUN-1001 :   default_reg_initial   |    auto    |       auto       |        
RUN-1001 :        infer_add        |     on     |        on        |        
RUN-1001 :        infer_fsm        |    off     |       off        |        
RUN-1001 :        infer_mult       |     on     |        on        |        
RUN-1001 :        infer_ram        |     on     |        on        |        
RUN-1001 :        infer_reg        |     on     |        on        |        
RUN-1001 :   infer_reg_init_value  |     on     |        on        |        
RUN-1001 :        infer_rom        |     on     |        on        |        
RUN-1001 :      infer_shifter      |     on     |        on        |        
RUN-1001 : --------------------------------------------------------------
RUN-1001 : Print Rtl Property
RUN-1001 : --------------------------------------------------------------
RUN-1001 :        Parameters       |  Settings  |  Default Values  |  Note  
RUN-1001 : --------------------------------------------------------------
RUN-1001 :       compress_add      |   ripple   |      ripple      |        
RUN-1001 :        elf_sload        |    off     |       off        |        
RUN-1001 :       fix_undriven      |     0      |        0         |        
RUN-1001 :         flatten         |    off     |       off        |        
RUN-1001 :       gate_sharing      |     on     |        on        |        
RUN-1001 :    hdl_warning_level    |   normal   |      normal      |        
RUN-1001 :   impl_internal_tribuf  |     on     |        on        |        
RUN-1001 :      impl_set_reset     |     on     |        on        |        
RUN-1001 :        infer_gsr        |    off     |       off        |        
RUN-1001 :      keep_hierarchy     |    auto    |       auto       |        
RUN-1001 :        max_fanout       |    9999    |       9999       |        
RUN-1001 :      max_oh2bin_len     |     10     |        10        |        
RUN-1001 :       merge_equal       |     on     |        on        |        
RUN-1001 :       merge_equiv       |     on     |        on        |        
RUN-1001 :        merge_mux        |    off     |       off        |        
RUN-1001 :     min_control_set     |     8      |        8         |        
RUN-1001 :      min_ripple_len     |    auto    |       auto       |        
RUN-1001 :       oh2bin_ratio      |    0.08    |       0.08       |        
RUN-1001 :     opt_adder_fanout    |     on     |        on        |        
RUN-1001 :        opt_arith        |     on     |        on        |        
RUN-1001 :       opt_big_gate      |    off     |       off        |        
RUN-1001 :        opt_const        |     on     |        on        |        
RUN-1001 :      opt_const_mult     |     on     |        on        |        
RUN-1001 :       opt_lessthan      |     on     |        on        |        
RUN-1001 :         opt_mux         |    off     |       off        |        
RUN-1001 :         opt_ram         |    high    |       high       |        
RUN-1001 :      rtl_sim_model      |    off     |       off        |        
RUN-1001 :         seq_syn         |     on     |        on        |        
RUN-1001 : --------------------------------------------------------------
HDL-1007 : analyze verilog file ../../al_ip/pll.v
HDL-1007 : undeclared symbol 'open', assumed default net type 'wire' in ../../al_ip/pll.v(57)
HDL-1007 : analyze verilog file ../../src/soc_top.v
HDL-1007 : analyze verilog file ../../src/soc_cm0.v
HDL-1007 : undeclared symbol 'SWCLKTCK', assumed default net type 'wire' in ../../src/soc_cm0.v(56)
HDL-1007 : undeclared symbol 'HMASTER', assumed default net type 'wire' in ../../src/soc_cm0.v(128)
HDL-1007 : undeclared symbol 'HMASTLOCK', assumed default net type 'wire' in ../../src/soc_cm0.v(129)
HDL-1007 : undeclared symbol 'RXEV', assumed default net type 'wire' in ../../src/soc_cm0.v(159)
HDL-1007 : analyze verilog file ../../al_ip/dtcm.v
HDL-1007 : analyze verilog file ../../al_ip/itcm.v
HDL-1007 : analyze verilog file ../../src/bus/cm0_mtx.v
HDL-1007 : analyze verilog file ../../src/bus/cm0_mtx_arb.v
HDL-1007 : analyze verilog file ../../src/bus/cm0_mtx_decS0.v
HDL-1007 : analyze verilog file ../../src/bus/cm0_mtx_default_slave.v
HDL-1007 : analyze verilog file ../../src/bus/cm0_mtx_i.v
HDL-5007 WARNING: macro 'TRN_IDLE' is redefined in ../../src/bus/cm0_mtx_i.v(117)
HDL-5007 WARNING: macro 'TRN_BUSY' is redefined in ../../src/bus/cm0_mtx_i.v(118)
HDL-5007 WARNING: macro 'TRN_NONSEQ' is redefined in ../../src/bus/cm0_mtx_i.v(119)
HDL-5007 WARNING: macro 'TRN_SEQ' is redefined in ../../src/bus/cm0_mtx_i.v(120)
HDL-5007 WARNING: macro 'BUR_SINGLE' is redefined in ../../src/bus/cm0_mtx_i.v(123)
HDL-5007 WARNING: macro 'BUR_INCR' is redefined in ../../src/bus/cm0_mtx_i.v(124)
HDL-5007 WARNING: macro 'BUR_WRAP4' is redefined in ../../src/bus/cm0_mtx_i.v(125)
HDL-5007 WARNING: macro 'BUR_INCR4' is redefined in ../../src/bus/cm0_mtx_i.v(126)
HDL-5007 WARNING: macro 'BUR_WRAP8' is redefined in ../../src/bus/cm0_mtx_i.v(127)
HDL-5007 WARNING: macro 'BUR_INCR8' is redefined in ../../src/bus/cm0_mtx_i.v(128)
HDL-5007 Similar messages will be suppressed.
HDL-1007 : analyze verilog file ../../src/bus/cm0_mtx_lite.v
HDL-1007 : analyze verilog file ../../src/bus/cm0_mtx_o.v
HDL-1007 : analyze verilog file ../../src/core/CORTEXM0INTEGRATION.v
HDL-1007 : analyze verilog file ../../src/core/cortexm0ds_logic.v
HDL-1007 : analyze verilog file ../../src/phr/ahb/tcm/cmsdk_ahb_to_sram.v
RUN-1001 : Project manager successfully analyzed 15 source files.
RUN-1002 : start command "import_device eagle_s20.db -package EG4S20BG256"
ARC-1001 : Device Initialization.
ARC-1001 : ------------------------------------------------------------------
ARC-1001 :            OPTION            |          IO          |   SETTING   
ARC-1001 : ------------------------------------------------------------------
ARC-1001 :   cso_b/cclk/mosi/miso/dout  |  T3/R11/T10/P10/S11  |    gpio    
ARC-1001 :             done             |         P13          |    gpio    
ARC-1001 :           program_b          |          T2          |  dedicate  
ARC-1001 :        tdi/tms/tck/tdo       |   C12/A15/C14/E14    |  dedicate  
ARC-1001 : ------------------------------------------------------------------
ARC-1004 : Device setting, marked 5 dedicate IOs in total.
RUN-1002 : start command "import_db ../syn_1/SOC_2_times_gate.db"
RUN-1001 : Importing database generated by Tang Dynasty, V5.6.71036.
RUN-1001 : Database version number 46146.
RUN-1001 : Import flow parameters
RUN-1001 : Import IO constraints
RUN-1001 : Import Inst constraints
RUN-1001 : Import design success TD_VERSION=5.6.71036 , DB_VERSION=46146
RUN-1002 : start command "place"
RUN-1001 : Open license file D:/Anlogic/TD5.6.2/license/Anlogic.lic
RUN-1001 : Print Global Property
RUN-1001 : ---------------------------------------------------------------
RUN-1001 :        Parameters        |  Settings  |  Default Values  |  Note  
RUN-1001 : ---------------------------------------------------------------
RUN-1001 :          message         |  standard  |     standard     |        
RUN-1001 :   mixed_pack_place_flow  |     on     |        on        |        
RUN-1001 :        qor_monitor       |    off     |       off        |        
RUN-1001 :        syn_ip_flow       |    off     |       off        |        
RUN-1001 :          thread          |    auto    |       auto       |        
RUN-1001 : ---------------------------------------------------------------
RUN-1001 : Print Place Property
RUN-1001 : --------------------------------------------------------------
RUN-1001 :        Parameters       |  Settings  |  Default Values  |  Note  
RUN-1001 : --------------------------------------------------------------
RUN-1001 :      detailed_place     |     on     |        on        |        
RUN-1001 :          effort         |   medium   |      medium      |        
RUN-1001 :         fix_hold        |    off     |       off        |        
RUN-1001 :       legalization      |    ori     |       ori        |        
RUN-1001 :      new_spreading      |     on     |        on        |        
RUN-1001 :        opt_timing       |   medium   |      medium      |        
RUN-1001 :   post_clock_route_opt  |    off     |       off        |        
RUN-1001 :       pr_strategy       |     1      |        1         |        
RUN-1001 :        relaxation       |    1.00    |       1.00       |        
RUN-1001 :         retiming        |    off     |       off        |        
RUN-1001 : --------------------------------------------------------------
PHY-3001 : Placer runs in 12 thread(s).
RUN-1002 : start command "legalize_phy_inst"
SYN-1011 : Flatten model soc_top
RUN-1002 : start command "phys_opt -simplify_lut"
SYN-4027 : Net soc_cm0_u0/cm0_u0/u_logic/SCLK is clkc0 of pll pll_u0/pll_inst.
SYN-4019 : Net clk_dup_1 is refclk of pll pll_u0/pll_inst.
SYN-4024 : Net "swclk_dup_1" drives clk pins.
SYN-4025 : Tag rtl::Net clk_dup_1 as clock net
SYN-4025 : Tag rtl::Net soc_cm0_u0/cm0_u0/u_logic/SCLK as clock net
SYN-4025 : Tag rtl::Net swclk_dup_1 as clock net
SYN-4026 : Tagged 3 rtl::Net as clock net
SYN-4015 : Create BUFG instance for clk Net swclk_dup_1 to drive 107 clock pins.
PHY-1001 : Populate physical database on model soc_top.
RUN-1001 : There are total 6908 instances
RUN-0007 : 5269 luts, 1497 seqs, 47 mslices, 34 lslices, 5 pads, 48 brams, 3 dsps
RUN-1001 : There are total 7266 nets
RUN-1001 : 3875 nets have 2 pins
RUN-1001 : 2456 nets have [3 - 5] pins
RUN-1001 : 530 nets have [6 - 10] pins
RUN-1001 : 202 nets have [11 - 20] pins
RUN-1001 : 199 nets have [21 - 99] pins
RUN-1001 : 4 nets have 100+ pins
RUN-1001 : Report Control nets information:
RUN-1001 : DFF Distribution
RUN-1001 : ----------------------------------
RUN-1001 :   CE   |  SSR  |  ASR  |  DFF Count  
RUN-1001 : ----------------------------------
RUN-1001 :   No   |  No   |  No   |     207     
RUN-1001 :   No   |  No   |  Yes  |     304     
RUN-1001 :   No   |  Yes  |  No   |      0      
RUN-1001 :   Yes  |  No   |  No   |     835     
RUN-1001 :   Yes  |  No   |  Yes  |     151     
RUN-1001 :   Yes  |  Yes  |  No   |      0      
RUN-1001 : ----------------------------------
RUN-0007 : Control Group Statistic
RUN-0007 : ---------------------------
RUN-0007 :   #CLK  |  #CE  |  #SSR/ASR  
RUN-0007 : ---------------------------
RUN-0007 :    2    |  46   |     4      
RUN-0007 : ---------------------------
RUN-0007 : Control Set = 51
PHY-3001 : Initial placement ...
PHY-3001 : design contains 6906 instances, 5269 luts, 1497 seqs, 81 slices, 10 macros(81 instances: 47 mslices 34 lslices)
PHY-0007 : Cell area utilization is 27%
PHY-3001 : Global placement ...
PHY-3001 : Initial: Len = 1.87749e+06
PHY-3001 : Clustering ...
PHY-3001 : Level 0 #clusters 6906.
PHY-3001 : End clustering;  0.000009s wall, 0.000000s user + 0.000000s system = 0.000000s CPU (n/a%)

PHY-3001 : Run with size of 4
PHY-3001 : Cell area utilization is 27%
PHY-3001 : :::0::: Try harder cell spreading with beta_ = 0
PHY-3002 : Step(1): len = 1.41224e+06, overlap = 150.75
PHY-3002 : Step(2): len = 1.09875e+06, overlap = 165.531
PHY-3002 : Step(3): len = 689127, overlap = 235.094
PHY-3002 : Step(4): len = 545310, overlap = 303.969
PHY-3002 : Step(5): len = 438655, overlap = 343.875
PHY-3002 : Step(6): len = 379844, overlap = 372.844
PHY-3002 : Step(7): len = 318434, overlap = 393.062
PHY-3002 : Step(8): len = 289709, overlap = 410.125
PHY-3002 : Step(9): len = 249259, overlap = 425.812
PHY-3002 : Step(10): len = 233213, overlap = 437.531
PHY-3002 : Step(11): len = 215346, overlap = 438.562
PHY-3002 : Step(12): len = 207836, overlap = 444.406
PHY-3002 : Step(13): len = 197753, overlap = 445.531
PHY-3001 : :::1::: Try harder cell spreading with beta_ = 2.37741e-06
PHY-3002 : Step(14): len = 209887, overlap = 448.688
PHY-3002 : Step(15): len = 215228, overlap = 448.875
PHY-3002 : Step(16): len = 207640, overlap = 444.562
PHY-3002 : Step(17): len = 209616, overlap = 444.438
PHY-3002 : Step(18): len = 211993, overlap = 437.031
PHY-3002 : Step(19): len = 210182, overlap = 432.156
PHY-3002 : Step(20): len = 206092, overlap = 425.625
PHY-3002 : Step(21): len = 203920, overlap = 422.812
PHY-3002 : Step(22): len = 200118, overlap = 420.281
PHY-3002 : Step(23): len = 200849, overlap = 418.5
PHY-3002 : Step(24): len = 197734, overlap = 418.188
PHY-3002 : Step(25): len = 195711, overlap = 414.969
PHY-3002 : Step(26): len = 194342, overlap = 405.75
PHY-3002 : Step(27): len = 189193, overlap = 400.719
PHY-3002 : Step(28): len = 186803, overlap = 398.5
PHY-3002 : Step(29): len = 185140, overlap = 390.156
PHY-3002 : Step(30): len = 182217, overlap = 382.125
PHY-3002 : Step(31): len = 179708, overlap = 384.281
PHY-3002 : Step(32): len = 179157, overlap = 385.75
PHY-3002 : Step(33): len = 176077, overlap = 382.5
PHY-3002 : Step(34): len = 175770, overlap = 378.219
PHY-3002 : Step(35): len = 174868, overlap = 377.719
PHY-3002 : Step(36): len = 172329, overlap = 378.062
PHY-3002 : Step(37): len = 171473, overlap = 383.875
PHY-3002 : Step(38): len = 171054, overlap = 387.906
PHY-3001 : :::2::: Try harder cell spreading with beta_ = 4.75483e-06
PHY-3002 : Step(39): len = 173155, overlap = 380.75
PHY-3002 : Step(40): len = 174776, overlap = 382.938
PHY-3002 : Step(41): len = 180140, overlap = 385.5
PHY-3002 : Step(42): len = 184970, overlap = 391.969
PHY-3002 : Step(43): len = 191109, overlap = 386.75
PHY-3002 : Step(44): len = 198779, overlap = 349.062
PHY-3002 : Step(45): len = 203529, overlap = 319.812
PHY-3002 : Step(46): len = 204351, overlap = 313.969
PHY-3002 : Step(47): len = 205286, overlap = 318.125
PHY-3002 : Step(48): len = 206557, overlap = 311.812
PHY-3002 : Step(49): len = 204887, overlap = 307.906
PHY-3002 : Step(50): len = 205257, overlap = 300.938
PHY-3002 : Step(51): len = 204894, overlap = 298.688
PHY-3002 : Step(52): len = 205406, overlap = 292.688
PHY-3002 : Step(53): len = 205250, overlap = 290.75
PHY-3001 : :::3::: Try harder cell spreading with beta_ = 9.50966e-06
PHY-3002 : Step(54): len = 208771, overlap = 289.656
PHY-3002 : Step(55): len = 209883, overlap = 289.719
PHY-3002 : Step(56): len = 212619, overlap = 285.562
PHY-3002 : Step(57): len = 214678, overlap = 284.531
PHY-3002 : Step(58): len = 221448, overlap = 264.594
PHY-3002 : Step(59): len = 225649, overlap = 261.594
PHY-3002 : Step(60): len = 229445, overlap = 258.844
PHY-3002 : Step(61): len = 234471, overlap = 246.688
PHY-3002 : Step(62): len = 237562, overlap = 241.25
PHY-3002 : Step(63): len = 238633, overlap = 238.094
PHY-3002 : Step(64): len = 239586, overlap = 249.375
PHY-3002 : Step(65): len = 239990, overlap = 240.438
PHY-3002 : Step(66): len = 241135, overlap = 244.594
PHY-3002 : Step(67): len = 241801, overlap = 242.281
PHY-3002 : Step(68): len = 241081, overlap = 230.812
PHY-3002 : Step(69): len = 240988, overlap = 230.875
PHY-3002 : Step(70): len = 241554, overlap = 218.969
PHY-3001 : :::4::: Try harder cell spreading with beta_ = 1.90193e-05
PHY-3002 : Step(71): len = 244833, overlap = 216.438
PHY-3002 : Step(72): len = 245787, overlap = 215.5
PHY-3002 : Step(73): len = 247789, overlap = 207.031
PHY-3002 : Step(74): len = 250743, overlap = 186.688
PHY-3002 : Step(75): len = 257793, overlap = 164.188
PHY-3002 : Step(76): len = 264208, overlap = 144.344
PHY-3002 : Step(77): len = 268301, overlap = 145.812
PHY-3002 : Step(78): len = 270462, overlap = 153.75
PHY-3002 : Step(79): len = 272780, overlap = 146
PHY-3002 : Step(80): len = 275972, overlap = 160.156
PHY-3002 : Step(81): len = 276509, overlap = 147.844
PHY-3002 : Step(82): len = 276862, overlap = 152.312
PHY-3002 : Step(83): len = 277127, overlap = 151.281
PHY-3001 : :::5::: Try harder cell spreading with beta_ = 3.52308e-05
PHY-3002 : Step(84): len = 279560, overlap = 139.438
PHY-3002 : Step(85): len = 281976, overlap = 138.688
PHY-3002 : Step(86): len = 285884, overlap = 144
PHY-3002 : Step(87): len = 292398, overlap = 119.781
PHY-3002 : Step(88): len = 297220, overlap = 116.406
PHY-3002 : Step(89): len = 303185, overlap = 107.969
PHY-3002 : Step(90): len = 305862, overlap = 116.469
PHY-3002 : Step(91): len = 306562, overlap = 122.312
PHY-3002 : Step(92): len = 307693, overlap = 116.125
PHY-3002 : Step(93): len = 310158, overlap = 119.844
PHY-3002 : Step(94): len = 310622, overlap = 121.031
PHY-3002 : Step(95): len = 311226, overlap = 129.75
PHY-3002 : Step(96): len = 311793, overlap = 124.938
PHY-3002 : Step(97): len = 312324, overlap = 122.094
PHY-3002 : Step(98): len = 312590, overlap = 121.312
PHY-3001 : :::6::: Try harder cell spreading with beta_ = 6.17937e-05
PHY-3002 : Step(99): len = 313277, overlap = 120.656
PHY-3002 : Step(100): len = 314140, overlap = 119.781
PHY-3002 : Step(101): len = 315381, overlap = 117.344
PHY-3002 : Step(102): len = 318480, overlap = 108.062
PHY-3002 : Step(103): len = 330414, overlap = 97.9375
PHY-3002 : Step(104): len = 333069, overlap = 85.1875
PHY-3002 : Step(105): len = 334248, overlap = 85
PHY-3002 : Step(106): len = 335068, overlap = 93.8438
PHY-3002 : Step(107): len = 335014, overlap = 91.4375
PHY-3002 : Step(108): len = 335074, overlap = 91.4688
PHY-3002 : Step(109): len = 335580, overlap = 96.125
PHY-3001 : Legalization ...
PHY-3001 : End legalization;  0.027274s wall, 0.015625s user + 0.000000s system = 0.015625s CPU (57.3%)

PHY-3001 : Run with size of 4
PHY-3001 : Cell area utilization is 33%
PHY-3001 : Analyzing congestion ...
RUN-1001 : Generating global routing grids ...
RUN-1001 : Building simple global routing graph ...
PHY-1001 : Generate routing nets ...
PHY-1001 : Reuse net number 0/7266.
PHY-1001 : Global iterations in 12 thread ...
PHY-1002 : len = 441112, over cnt = 1591(4%), over = 6874, worst = 40
PHY-1001 : End global iterations;  0.442702s wall, 0.062500s user + 0.000000s system = 0.062500s CPU (14.1%)

PHY-1001 : Congestion index: top1 = 89.66, top5 = 66.43, top10 = 55.99, top15 = 49.97.
PHY-3001 : End congestion estimation;  0.569245s wall, 0.093750s user + 0.000000s system = 0.093750s CPU (16.5%)

PHY-3001 : Update density targets...
PHY-3001 : Update congestion history...
PHY-3001 : :::0::: Try harder cell spreading with beta_ = 4.62477e-06
PHY-3002 : Step(110): len = 325470, overlap = 71.1875
PHY-3002 : Step(111): len = 312873, overlap = 108.844
PHY-3002 : Step(112): len = 297079, overlap = 139.938
PHY-3002 : Step(113): len = 271816, overlap = 151.594
PHY-3002 : Step(114): len = 258748, overlap = 158.75
PHY-3002 : Step(115): len = 256751, overlap = 166.656
PHY-3002 : Step(116): len = 251628, overlap = 178.656
PHY-3002 : Step(117): len = 246803, overlap = 189.562
PHY-3002 : Step(118): len = 240680, overlap = 196.719
PHY-3002 : Step(119): len = 237356, overlap = 197.156
PHY-3002 : Step(120): len = 234875, overlap = 203.438
PHY-3001 : :::1::: Try harder cell spreading with beta_ = 9.24955e-06
PHY-3002 : Step(121): len = 250811, overlap = 178.969
PHY-3002 : Step(122): len = 262454, overlap = 161.469
PHY-3002 : Step(123): len = 268547, overlap = 141.625
PHY-3002 : Step(124): len = 269115, overlap = 127.812
PHY-3002 : Step(125): len = 269851, overlap = 124.938
PHY-3002 : Step(126): len = 268292, overlap = 120.969
PHY-3002 : Step(127): len = 267566, overlap = 117.594
PHY-3002 : Step(128): len = 267770, overlap = 118.219
PHY-3001 : :::2::: Try harder cell spreading with beta_ = 1.84991e-05
PHY-3002 : Step(129): len = 287339, overlap = 90.0312
PHY-3002 : Step(130): len = 307446, overlap = 69.5625
PHY-3002 : Step(131): len = 315258, overlap = 61
PHY-3002 : Step(132): len = 309176, overlap = 60.9062
PHY-3002 : Step(133): len = 305319, overlap = 59.7812
PHY-3002 : Step(134): len = 305026, overlap = 59.625
PHY-3002 : Step(135): len = 301915, overlap = 64.875
PHY-3002 : Step(136): len = 302533, overlap = 65.3125
PHY-3002 : Step(137): len = 303241, overlap = 66.7188
PHY-3001 : :::3::: Try harder cell spreading with beta_ = 3.69982e-05
PHY-3002 : Step(138): len = 323943, overlap = 43.5938
PHY-3002 : Step(139): len = 340548, overlap = 37.0625
PHY-3002 : Step(140): len = 349223, overlap = 34.2188
PHY-3002 : Step(141): len = 345313, overlap = 34.875
PHY-3002 : Step(142): len = 338468, overlap = 36.8438
PHY-3002 : Step(143): len = 337778, overlap = 38.0312
PHY-3002 : Step(144): len = 336794, overlap = 35.4688
PHY-3002 : Step(145): len = 338076, overlap = 34.6875
PHY-3002 : Step(146): len = 340863, overlap = 33.6562
PHY-3001 : :::4::: Try harder cell spreading with beta_ = 7.39964e-05
PHY-3002 : Step(147): len = 362696, overlap = 20.5938
PHY-3002 : Step(148): len = 371956, overlap = 17.5
PHY-3002 : Step(149): len = 378543, overlap = 14.4375
PHY-3002 : Step(150): len = 379182, overlap = 11.1562
PHY-3002 : Step(151): len = 380604, overlap = 10.7188
PHY-3002 : Step(152): len = 379804, overlap = 11.625
PHY-3002 : Step(153): len = 380062, overlap = 12.6875
PHY-3002 : Step(154): len = 381177, overlap = 11.9062
PHY-3002 : Step(155): len = 379001, overlap = 9.15625
PHY-3002 : Step(156): len = 377935, overlap = 8.6875
PHY-3002 : Step(157): len = 376905, overlap = 11.125
PHY-3001 : :::5::: Try harder cell spreading with beta_ = 0.000147993
PHY-3002 : Step(158): len = 392009, overlap = 7.90625
PHY-3002 : Step(159): len = 399034, overlap = 7.4375
PHY-3002 : Step(160): len = 404128, overlap = 6.90625
PHY-3002 : Step(161): len = 399463, overlap = 8.6875
PHY-3002 : Step(162): len = 399436, overlap = 8.75
PHY-3002 : Step(163): len = 399854, overlap = 8.75
PHY-3002 : Step(164): len = 401643, overlap = 7.96875
PHY-3002 : Step(165): len = 403621, overlap = 7.3125
PHY-3002 : Step(166): len = 406002, overlap = 5.6875
PHY-3002 : Step(167): len = 408178, overlap = 4.4375
PHY-3002 : Step(168): len = 408038, overlap = 2.875
PHY-3002 : Step(169): len = 408410, overlap = 3.5
PHY-3002 : Step(170): len = 409165, overlap = 5
PHY-3001 : :::6::: Try harder cell spreading with beta_ = 0.000295985
PHY-3002 : Step(171): len = 417443, overlap = 3.125
PHY-3002 : Step(172): len = 422588, overlap = 2.0625
PHY-3002 : Step(173): len = 426556, overlap = 1.8125
PHY-3001 : Run with size of 2
PHY-3001 : Cell area utilization is 33%
PHY-3001 : Analyzing congestion ...
RUN-1001 : Generating global routing grids ...
PHY-1001 : Generate routing nets ...
PHY-1001 : Reuse net number 8/7266.
PHY-1001 : Global iterations in 12 thread ...
PHY-1002 : len = 525368, over cnt = 1209(3%), over = 4627, worst = 60
PHY-1001 : End global iterations;  0.385809s wall, 0.109375s user + 0.015625s system = 0.125000s CPU (32.4%)

PHY-1001 : Congestion index: top1 = 70.34, top5 = 49.42, top10 = 42.34, top15 = 38.25.
PHY-3001 : End congestion estimation;  0.508433s wall, 0.156250s user + 0.015625s system = 0.171875s CPU (33.8%)

PHY-3001 : Update density targets...
PHY-3001 : Update congestion history...
PHY-3001 : :::0::: Try harder cell spreading with beta_ = 0.000115388
PHY-3002 : Step(174): len = 422527, overlap = 27.0312
PHY-3002 : Step(175): len = 419699, overlap = 19
PHY-3002 : Step(176): len = 407284, overlap = 15.375
PHY-3002 : Step(177): len = 391956, overlap = 18.125
PHY-3002 : Step(178): len = 383820, overlap = 21.5625
PHY-3002 : Step(179): len = 374854, overlap = 19.5625
PHY-3002 : Step(180): len = 366252, overlap = 20.1875
PHY-3002 : Step(181): len = 360207, overlap = 23.9375
PHY-3002 : Step(182): len = 358258, overlap = 26.6875
PHY-3002 : Step(183): len = 355086, overlap = 24.5312
PHY-3002 : Step(184): len = 353168, overlap = 26
PHY-3002 : Step(185): len = 352006, overlap = 25.5312
PHY-3002 : Step(186): len = 350622, overlap = 25.0625
PHY-3002 : Step(187): len = 349811, overlap = 24.25
PHY-3002 : Step(188): len = 348258, overlap = 24.25
PHY-3002 : Step(189): len = 346514, overlap = 22.8438
PHY-3002 : Step(190): len = 346367, overlap = 21.9688
PHY-3002 : Step(191): len = 344843, overlap = 22.125
PHY-3001 : :::1::: Try harder cell spreading with beta_ = 0.000230776
PHY-3002 : Step(192): len = 352624, overlap = 15.75
PHY-3002 : Step(193): len = 359932, overlap = 13.5938
PHY-3002 : Step(194): len = 367826, overlap = 13.2812
PHY-3002 : Step(195): len = 370825, overlap = 10.875
PHY-3002 : Step(196): len = 370777, overlap = 10.4062
PHY-3002 : Step(197): len = 370650, overlap = 10.9375
PHY-3002 : Step(198): len = 370547, overlap = 10.8438
PHY-3001 : :::2::: Try harder cell spreading with beta_ = 0.000453266
PHY-3002 : Step(199): len = 375644, overlap = 8.59375
PHY-3002 : Step(200): len = 382007, overlap = 7
PHY-3002 : Step(201): len = 388311, overlap = 7.40625
PHY-3002 : Step(202): len = 392457, overlap = 6.375
PHY-3002 : Step(203): len = 394731, overlap = 5.71875
PHY-3002 : Step(204): len = 395500, overlap = 5.34375
PHY-3002 : Step(205): len = 395814, overlap = 5.875
PHY-3002 : Step(206): len = 395497, overlap = 4.8125
PHY-3002 : Step(207): len = 394397, overlap = 4.65625
PHY-3002 : Step(208): len = 393735, overlap = 4.59375
PHY-3002 : Step(209): len = 393034, overlap = 5.34375
PHY-3001 : :::3::: Try harder cell spreading with beta_ = 0.000846639
PHY-3002 : Step(210): len = 395618, overlap = 4.96875
PHY-3002 : Step(211): len = 398776, overlap = 4.78125
PHY-3002 : Step(212): len = 401834, overlap = 4.6875
PHY-3002 : Step(213): len = 407071, overlap = 5.1875
PHY-3002 : Step(214): len = 409781, overlap = 5
PHY-3002 : Step(215): len = 412150, overlap = 6.125
PHY-3002 : Step(216): len = 414020, overlap = 5.75
PHY-3002 : Step(217): len = 414750, overlap = 5.625
PHY-3002 : Step(218): len = 415128, overlap = 4.5
PHY-3002 : Step(219): len = 415115, overlap = 4.25
PHY-3002 : Step(220): len = 414457, overlap = 3.9375
PHY-3002 : Step(221): len = 414003, overlap = 3.71875
PHY-3002 : Step(222): len = 413768, overlap = 3.34375
PHY-3001 : :::4::: Try harder cell spreading with beta_ = 0.0015198
PHY-3002 : Step(223): len = 415525, overlap = 3.59375
PHY-3002 : Step(224): len = 418831, overlap = 3.53125
PHY-3002 : Step(225): len = 421420, overlap = 3.625
PHY-3002 : Step(226): len = 425189, overlap = 2.9375
PHY-3002 : Step(227): len = 426328, overlap = 2.8125
PHY-3002 : Step(228): len = 427244, overlap = 2.4375
PHY-3002 : Step(229): len = 428694, overlap = 2.875
OPT-1001 : Start physical optimization ...
OPT-1001 : Total overflow 75.03 peak overflow 1.06
OPT-1001 : Start high-fanout net optimization ...
OPT-1001 : Update timing in global mode
PHY-1001 : Start incremental global routing, caller is place ...
RUN-1001 : Generating global routing grids ...
PHY-1001 : Generate routing nets ...
PHY-1001 : Reuse net number 119/7266.
PHY-1001 : Global iterations in 12 thread ...
PHY-1002 : len = 552656, over cnt = 1195(3%), over = 3435, worst = 20
PHY-1001 : End global iterations;  0.475502s wall, 0.140625s user + 0.000000s system = 0.140625s CPU (29.6%)

PHY-1001 : Congestion index: top1 = 50.19, top5 = 40.99, top10 = 36.92, top15 = 34.42.
PHY-1001 : End incremental global routing;  0.608094s wall, 0.171875s user + 0.000000s system = 0.171875s CPU (28.3%)

RUN-1002 : start command "start_timer -report"
TMR-5001 WARNING: No sdc constraints found while initiating timer.
TMR-2505 : Start building timing graph for model soc_top.
TMR-2506 : Build timing graph completely. Port num: 5, tpin num: 32579, tnet num: 7264, tinst num: 6906, tnode num: 37247, tedge num: 52638.
TMR-2508 : Levelizing timing graph completed, there are 63 levels in total.
TMR-2501 : Timing graph initialized successfully.
OPT-1001 : End timing update;  0.289564s wall, 0.000000s user + 0.000000s system = 0.000000s CPU (n/a%)

OPT-1001 : 0 high-fanout net processed.
OPT-1001 : End high-fanout net optimization;  1.046193s wall, 0.187500s user + 0.000000s system = 0.187500s CPU (17.9%)

OPT-1001 : Current memory(MB): used = 338, reserve = 315, peak = 338.
OPT-1001 : End physical optimization;  1.098956s wall, 0.203125s user + 0.000000s system = 0.203125s CPU (18.5%)

PHY-3001 : Start packing ...
SYN-4007 : Packing 0 MUX to BLE ...
SYN-4008 : Packed 0 MUX and 0 SEQ to BLE.
SYN-4007 : Packing 5269 LUT to BLE ...
SYN-4008 : Packed 5269 LUT and 670 SEQ to BLE.
SYN-4003 : Packing 827 remaining SEQ's ...
SYN-4005 : Packed 806 SEQ with LUT/SLICE
SYN-4006 : 3797 single LUT's are left
SYN-4006 : 21 single SEQ's are left
SYN-4011 : Packing model "soc_top" (AL_USER_NORMAL) with 5290/5432 primitive instances ...
PHY-3001 : End packing;  0.349163s wall, 0.031250s user + 0.000000s system = 0.031250s CPU (8.9%)

PHY-1001 : Populate physical database on model soc_top.
RUN-1001 : There are total 3086 instances
RUN-1001 : 1513 mslices, 1512 lslices, 5 pads, 48 brams, 3 dsps
RUN-1001 : There are total 6796 nets
RUN-1001 : 3229 nets have 2 pins
RUN-1001 : 2492 nets have [3 - 5] pins
RUN-1001 : 642 nets have [6 - 10] pins
RUN-1001 : 229 nets have [11 - 20] pins
RUN-1001 : 201 nets have [21 - 99] pins
RUN-1001 : 3 nets have 100+ pins
PHY-3001 : design contains 3084 instances, 3025 slices, 10 macros(81 instances: 47 mslices 34 lslices)
PHY-3001 : Cell area utilization is 37%
PHY-3001 : After packing: Len = 442983, Over = 21
PHY-3001 : Run with size of 2
PHY-3001 : Cell area utilization is 37%
PHY-3001 : Analyzing congestion ...
RUN-1001 : Generating global routing grids ...
PHY-1001 : Generate routing nets ...
PHY-1001 : Reuse net number 3492/6796.
PHY-1001 : Global iterations in 12 thread ...
PHY-1002 : len = 570024, over cnt = 965(2%), over = 2206, worst = 20
PHY-1002 : len = 578016, over cnt = 543(1%), over = 1003, worst = 20
PHY-1002 : len = 584648, over cnt = 176(0%), over = 290, worst = 12
PHY-1002 : len = 586288, over cnt = 52(0%), over = 65, worst = 4
PHY-1002 : len = 586640, over cnt = 0(0%), over = 0, worst = 0
PHY-1001 : End global iterations;  0.730971s wall, 0.125000s user + 0.000000s system = 0.125000s CPU (17.1%)

PHY-1001 : Congestion index: top1 = 45.26, top5 = 39.02, top10 = 35.48, top15 = 33.28.
PHY-3001 : End congestion estimation;  0.907506s wall, 0.156250s user + 0.015625s system = 0.171875s CPU (18.9%)

PHY-3001 : Update density targets...
PHY-3001 : Update congestion history...
PHY-3001 : :::0::: Try harder cell spreading with beta_ = 4.93431e-05
PHY-3002 : Step(230): len = 424682, overlap = 22.75
PHY-3002 : Step(231): len = 407844, overlap = 36.25
PHY-3002 : Step(232): len = 397508, overlap = 42.75
PHY-3002 : Step(233): len = 393250, overlap = 45.5
PHY-3002 : Step(234): len = 387404, overlap = 41.75
PHY-3002 : Step(235): len = 383992, overlap = 44.25
PHY-3002 : Step(236): len = 378901, overlap = 50.5
PHY-3002 : Step(237): len = 375693, overlap = 53
PHY-3002 : Step(238): len = 373139, overlap = 53.75
PHY-3002 : Step(239): len = 370841, overlap = 55
PHY-3002 : Step(240): len = 369104, overlap = 60.25
PHY-3001 : :::1::: Try harder cell spreading with beta_ = 9.86863e-05
PHY-3002 : Step(241): len = 382134, overlap = 42.75
PHY-3002 : Step(242): len = 394139, overlap = 31.75
PHY-3002 : Step(243): len = 394269, overlap = 27
PHY-3002 : Step(244): len = 395351, overlap = 28
PHY-3002 : Step(245): len = 396976, overlap = 27.25
PHY-3002 : Step(246): len = 399787, overlap = 25.75
PHY-3002 : Step(247): len = 401124, overlap = 26
PHY-3002 : Step(248): len = 402856, overlap = 24.25
PHY-3001 : :::2::: Try harder cell spreading with beta_ = 0.000197373
PHY-3002 : Step(249): len = 413875, overlap = 20.25
PHY-3002 : Step(250): len = 424571, overlap = 18.5
PHY-3002 : Step(251): len = 424394, overlap = 17.25
PHY-3002 : Step(252): len = 425711, overlap = 14
PHY-3002 : Step(253): len = 431191, overlap = 11.75
PHY-3002 : Step(254): len = 435461, overlap = 12.75
PHY-3002 : Step(255): len = 439047, overlap = 12
PHY-3002 : Step(256): len = 439597, overlap = 12.5
PHY-3002 : Step(257): len = 439519, overlap = 12.5
PHY-3002 : Step(258): len = 440101, overlap = 12.25
PHY-3002 : Step(259): len = 440740, overlap = 14.25
PHY-3001 : :::3::: Try harder cell spreading with beta_ = 0.000372377
PHY-3002 : Step(260): len = 445651, overlap = 12.5
PHY-3002 : Step(261): len = 452210, overlap = 13
PHY-3002 : Step(262): len = 457250, overlap = 10.5
PHY-3002 : Step(263): len = 459222, overlap = 10
PHY-3002 : Step(264): len = 460073, overlap = 9.25
PHY-3002 : Step(265): len = 460824, overlap = 8.75
PHY-3002 : Step(266): len = 461973, overlap = 7.75
PHY-3002 : Step(267): len = 462224, overlap = 7.5
PHY-3002 : Step(268): len = 462223, overlap = 6.75
PHY-3002 : Step(269): len = 462430, overlap = 6.5
PHY-3001 : :::4::: Try harder cell spreading with beta_ = 0.000727398
PHY-3002 : Step(270): len = 466410, overlap = 7
PHY-3002 : Step(271): len = 469921, overlap = 6.75
PHY-3002 : Step(272): len = 471710, overlap = 6.5
PHY-3002 : Step(273): len = 472172, overlap = 7.5
PHY-3002 : Step(274): len = 472396, overlap = 7.75
PHY-3001 : :::5::: Try harder cell spreading with beta_ = 0.00137136
PHY-3002 : Step(275): len = 474499, overlap = 7.25
PHY-3002 : Step(276): len = 476166, overlap = 5.75
PHY-3002 : Step(277): len = 478912, overlap = 6.25
PHY-3002 : Step(278): len = 480058, overlap = 6
PHY-3002 : Step(279): len = 480034, overlap = 6.25
PHY-3002 : Step(280): len = 479777, overlap = 6
PHY-3002 : Step(281): len = 479019, overlap = 5
PHY-3001 : Legalization ...
PHY-3001 : End legalization;  1.172749s wall, 0.015625s user + 0.156250s system = 0.171875s CPU (14.7%)

PHY-3001 : Trial Legalized: Len = 492045
PHY-3001 : Run with size of 2
PHY-3001 : Cell area utilization is 37%
PHY-3001 : Analyzing congestion ...
RUN-1001 : Generating global routing grids ...
PHY-1001 : Generate routing nets ...
PHY-1001 : Reuse net number 76/6796.
PHY-1001 : Global iterations in 12 thread ...
PHY-1002 : len = 609408, over cnt = 765(2%), over = 1184, worst = 6
PHY-1002 : len = 613648, over cnt = 327(0%), over = 441, worst = 6
PHY-1002 : len = 615760, over cnt = 117(0%), over = 152, worst = 4
PHY-1002 : len = 616656, over cnt = 30(0%), over = 41, worst = 3
PHY-1002 : len = 617328, over cnt = 0(0%), over = 0, worst = 0
PHY-1001 : End global iterations;  0.846224s wall, 0.234375s user + 0.000000s system = 0.234375s CPU (27.7%)

PHY-1001 : Congestion index: top1 = 45.65, top5 = 40.12, top10 = 36.80, top15 = 34.49.
PHY-3001 : End congestion estimation;  1.038115s wall, 0.234375s user + 0.000000s system = 0.234375s CPU (22.6%)

PHY-3001 : Update density targets...
PHY-3001 : Update congestion history...
PHY-3001 : :::0::: Try harder cell spreading with beta_ = 0.000122817
PHY-3002 : Step(282): len = 464735, overlap = 3.25
PHY-3002 : Step(283): len = 453083, overlap = 11.25
PHY-3002 : Step(284): len = 446248, overlap = 9.5
PHY-3002 : Step(285): len = 440463, overlap = 10.5
PHY-3002 : Step(286): len = 436593, overlap = 14.25
PHY-3002 : Step(287): len = 434570, overlap = 14.5
PHY-3002 : Step(288): len = 432828, overlap = 13.75
PHY-3002 : Step(289): len = 432766, overlap = 13.5
PHY-3002 : Step(290): len = 432505, overlap = 14.5
PHY-3001 : :::1::: Try harder cell spreading with beta_ = 0.00024395
PHY-3002 : Step(291): len = 442177, overlap = 12.75
PHY-3002 : Step(292): len = 449036, overlap = 11.5
PHY-3002 : Step(293): len = 448733, overlap = 9
PHY-3002 : Step(294): len = 449080, overlap = 8.25
PHY-3002 : Step(295): len = 450311, overlap = 10.75
PHY-3001 : :::2::: Try harder cell spreading with beta_ = 0.000466098
PHY-3002 : Step(296): len = 457108, overlap = 10.25
PHY-3002 : Step(297): len = 462855, overlap = 9.75
PHY-3002 : Step(298): len = 466716, overlap = 8
PHY-3002 : Step(299): len = 466033, overlap = 5.5
PHY-3002 : Step(300): len = 465380, overlap = 6.5
PHY-3002 : Step(301): len = 465106, overlap = 6.25
PHY-3001 : Legalization ...
PHY-3001 : End legalization;  0.009394s wall, 0.000000s user + 0.000000s system = 0.000000s CPU (n/a%)

PHY-3001 : Legalized: Len = 471502, Over = 0
PHY-3001 : Spreading special nets. 8 overflows in 2952 tiles.
PHY-3001 : End spreading;  0.017497s wall, 0.000000s user + 0.000000s system = 0.000000s CPU (n/a%)

PHY-3001 : 10 instances has been re-located, deltaX = 1, deltaY = 6, maxDist = 1.
PHY-3001 : Final: Len = 471538, Over = 0
OPT-1001 : Start physical optimization ...
OPT-1001 : Total overflow 0.00 peak overflow 0.00
OPT-1001 : Start high-fanout net optimization ...
OPT-1001 : Update timing in global mode
PHY-1001 : Start incremental global routing, caller is place ...
RUN-1001 : Generating global routing grids ...
PHY-1001 : Generate routing nets ...
PHY-1001 : Reuse net number 905/6796.
PHY-1001 : Global iterations in 12 thread ...
PHY-1002 : len = 594032, over cnt = 769(2%), over = 1151, worst = 7
PHY-1002 : len = 597224, over cnt = 396(1%), over = 555, worst = 5
PHY-1002 : len = 600840, over cnt = 138(0%), over = 190, worst = 4
PHY-1002 : len = 601560, over cnt = 83(0%), over = 109, worst = 3
PHY-1002 : len = 602512, over cnt = 0(0%), over = 0, worst = 0
PHY-1001 : End global iterations;  0.813928s wall, 0.218750s user + 0.000000s system = 0.218750s CPU (26.9%)

PHY-1001 : Congestion index: top1 = 43.32, top5 = 37.14, top10 = 33.99, top15 = 32.00.
PHY-1001 : End incremental global routing;  0.979053s wall, 0.250000s user + 0.000000s system = 0.250000s CPU (25.5%)

RUN-1002 : start command "start_timer -report"
TMR-5001 WARNING: No sdc constraints found while initiating timer.
TMR-2505 : Start building timing graph for model soc_top.
TMR-2506 : Build timing graph completely. Port num: 5, tpin num: 32177, tnet num: 6794, tinst num: 3084, tnode num: 36215, tedge num: 53807.
TMR-2508 : Levelizing timing graph completed, there are 63 levels in total.
TMR-2501 : Timing graph initialized successfully.
OPT-1001 : End timing update;  0.476630s wall, 0.062500s user + 0.000000s system = 0.062500s CPU (13.1%)

OPT-1001 : 0 high-fanout net processed.
OPT-1001 : End high-fanout net optimization;  1.624076s wall, 0.359375s user + 0.000000s system = 0.359375s CPU (22.1%)

OPT-1001 : Current memory(MB): used = 370, reserve = 347, peak = 370.
OPT-1001 : Update timing in Manhattan mode
OPT-1001 : End timing update;  0.011433s wall, 0.000000s user + 0.000000s system = 0.000000s CPU (n/a%)

OPT-1001 : Start pin optimization...
OPT-1001 : skip pin optimization...
RUN-1001 : Generating global routing grids ...
PHY-1001 : Generate routing nets ...
PHY-1001 : Reuse net number 6427/6796.
PHY-1001 : Global iterations in 12 thread ...
PHY-1002 : len = 602512, over cnt = 0(0%), over = 0, worst = 0
PHY-1001 : End global iterations;  0.071503s wall, 0.031250s user + 0.000000s system = 0.031250s CPU (43.7%)

PHY-1001 : Congestion index: top1 = 43.32, top5 = 37.14, top10 = 33.99, top15 = 32.00.
OPT-1001 : Update timing in Manhattan mode
OPT-1001 : End timing update;  0.013042s wall, 0.000000s user + 0.000000s system = 0.000000s CPU (n/a%)

RUN-1001 : QoR Analysis:
OPT-0007 :   WNS 2147483647 TNS 0 NUM_FEPS 0
RUN-1001 :   No local congestion issue, and most congested 1% tile average routing util is 42.931034
RUN-1001 :   Top critical paths
OPT-1001 : End physical optimization;  1.953478s wall, 0.406250s user + 0.000000s system = 0.406250s CPU (20.8%)

RUN-1003 : finish command "place" in  16.397639s wall, 3.531250s user + 0.656250s system = 4.187500s CPU (25.5%)

RUN-1004 : used memory is 327 MB, reserved memory is 303 MB, peak memory is 375 MB
RUN-1002 : start command "export_db SOC_2_times_place.db"
RUN-1001 : Exported /
RUN-1001 : Exported flow parameters
RUN-1001 : Exported libs
RUN-1001 : Exported entities
RUN-1001 : Exported ports
RUN-1001 : Exported pins
RUN-1001 : Exported instances
RUN-1001 : Exported nets
RUN-1001 : Exported buses
RUN-1001 : Exported models
RUN-1001 : Exported congestions
RUN-1001 : Exported violations
RUN-1001 : Exported IO constraints
RUN-1001 : Exported Inst constraints
RUN-1002 : start command "route"
RUN-1001 : Open license file D:/Anlogic/TD5.6.2/license/Anlogic.lic
RUN-1001 : Print Global Property
RUN-1001 : ---------------------------------------------------------------
RUN-1001 :        Parameters        |  Settings  |  Default Values  |  Note  
RUN-1001 : ---------------------------------------------------------------
RUN-1001 :          message         |  standard  |     standard     |        
RUN-1001 :   mixed_pack_place_flow  |     on     |        on        |        
RUN-1001 :        qor_monitor       |    off     |       off        |        
RUN-1001 :        syn_ip_flow       |    off     |       off        |        
RUN-1001 :          thread          |    auto    |       auto       |        
RUN-1001 : ---------------------------------------------------------------
RUN-1001 : Print Route Property
RUN-1001 : -------------------------------------------------------
RUN-1001 :    Parameters    |  Settings  |  Default Values  |  Note  
RUN-1001 : -------------------------------------------------------
RUN-1001 :      effort      |   medium   |      medium      |        
RUN-1001 :     fix_hold     |    off     |       off        |        
RUN-1001 :    opt_timing    |   medium   |      medium      |        
RUN-1001 :   phy_sim_model  |    off     |       off        |        
RUN-1001 :     priority     |   timing   |      timing      |        
RUN-1001 :     swap_pin     |     on     |        on        |        
RUN-1001 : -------------------------------------------------------
PHY-1001 : Route runs in 12 thread(s)
RUN-1001 : There are total 3086 instances
RUN-1001 : 1513 mslices, 1512 lslices, 5 pads, 48 brams, 3 dsps
RUN-1001 : There are total 6796 nets
RUN-1001 : 3229 nets have 2 pins
RUN-1001 : 2492 nets have [3 - 5] pins
RUN-1001 : 642 nets have [6 - 10] pins
RUN-1001 : 229 nets have [11 - 20] pins
RUN-1001 : 201 nets have [21 - 99] pins
RUN-1001 : 3 nets have 100+ pins
RUN-1002 : start command "start_timer -report"
TMR-5001 WARNING: No sdc constraints found while initiating timer.
TMR-2505 : Start building timing graph for model soc_top.
TMR-2506 : Build timing graph completely. Port num: 5, tpin num: 32177, tnet num: 6794, tinst num: 3084, tnode num: 36215, tedge num: 53807.
TMR-2508 : Levelizing timing graph completed, there are 63 levels in total.
TMR-2501 : Timing graph initialized successfully.
PHY-1001 : 1513 mslices, 1512 lslices, 5 pads, 48 brams, 3 dsps
TMR-2503 : Start to update net delay, extr mode = 3.
TMR-2504 : Update delay of 6794 nets completely.
TMR-2502 : Annotate delay completely, extr mode = 3.
TMR-3002 : No user constraint, initiate default constraint.
TMR-1501 : Assign derive clock DeriveClock to 2458 clock pins, and constraint 4036 relative nodes.
TMR-3003 : Constraints initiated successfully.
TMR-3501 : Forward propagation: start to calculate arrival time...
TMR-3502 : Backward propagation: start to calculate required time...
TMR-3503 : Timing propagation completes.
PHY-1001 : Start global routing, caller is route ...
RUN-1001 : Generating global routing grids ...
PHY-1001 : Generate routing nets ...
PHY-1001 : Global iterations in 12 thread ...
PHY-1002 : len = 586280, over cnt = 755(2%), over = 1173, worst = 8
PHY-1002 : len = 590112, over cnt = 380(1%), over = 541, worst = 5
PHY-1002 : len = 593912, over cnt = 114(0%), over = 167, worst = 4
PHY-1002 : len = 595264, over cnt = 2(0%), over = 7, worst = 4
PHY-1002 : len = 595328, over cnt = 0(0%), over = 0, worst = 0
PHY-1001 : End global iterations;  0.734173s wall, 0.203125s user + 0.000000s system = 0.203125s CPU (27.7%)

PHY-1001 : Congestion index: top1 = 43.19, top5 = 36.78, top10 = 33.59, top15 = 31.63.
PHY-1001 : End global routing;  0.909767s wall, 0.218750s user + 0.000000s system = 0.218750s CPU (24.0%)

PHY-1001 : Start detail routing ...
PHY-1001 : Current memory(MB): used = 417, reserve = 396, peak = 417.
PHY-1001 : Detailed router is running in normal mode.
PHY-1001 : Generate detailed routing grids ...
PHY-1001 : Generate nets ...
PHY-1001 : net clk_dup_1 will be routed on clock mesh
PHY-1001 : clock net swclk_syn_4 will be merged with clock swclk_dup_1
PHY-1001 : net soc_cm0_u0/cm0_u0/u_logic/SCLK will be routed on clock mesh
PHY-1001 : Current memory(MB): used = 674, reserve = 657, peak = 674.
PHY-1001 : End build detailed router design. 3.261191s wall, 0.437500s user + 0.000000s system = 0.437500s CPU (13.4%)

PHY-1001 : Detail Route ...
PHY-1001 : ===== Detail Route Phase 1 =====
PHY-1001 : Clock net routing.....
PHY-1001 : Routed 0% nets.
PHY-1022 : len = 70912, over cnt = 0(0%), over = 0, worst = 0, crit = 0
PHY-1001 : End initial clock net routed; 0.684769s wall, 0.046875s user + 0.000000s system = 0.046875s CPU (6.8%)

PHY-1001 : Current memory(MB): used = 707, reserve = 691, peak = 707.
PHY-1001 : End phase 1; 0.690648s wall, 0.046875s user + 0.000000s system = 0.046875s CPU (6.8%)

PHY-1001 : ===== Detail Route Phase 2 =====
PHY-1001 : Initial routing.....
PHY-1001 : Routed 36% nets.
PHY-1001 : Routed 44% nets.
PHY-1001 : Routed 53% nets.
PHY-1001 : Routed 68% nets.
PHY-1001 : Routed 98% nets.
PHY-1022 : len = 1.81398e+06, over cnt = 313(0%), over = 313, worst = 1, crit = 0
PHY-1001 : Current memory(MB): used = 713, reserve = 697, peak = 713.
PHY-1001 : End initial routed; 23.644765s wall, 9.375000s user + 0.140625s system = 9.515625s CPU (40.2%)

PHY-1001 : Current memory(MB): used = 713, reserve = 697, peak = 713.
PHY-1001 : End phase 2; 23.644810s wall, 9.375000s user + 0.140625s system = 9.515625s CPU (40.2%)

PHY-1001 : ===== Detail Route Phase 3 =====
PHY-1001 : Ripup-reroute.....
PHY-1001 : ===== DR Iter 1 =====
PHY-1022 : len = 1.8092e+06, over cnt = 53(0%), over = 53, worst = 1, crit = 0
PHY-1001 : End DR Iter 1; 0.264536s wall, 0.093750s user + 0.015625s system = 0.109375s CPU (41.3%)

PHY-1001 : ===== DR Iter 2 =====
PHY-1022 : len = 1.80822e+06, over cnt = 22(0%), over = 22, worst = 1, crit = 0
PHY-1001 : End DR Iter 2; 0.095680s wall, 0.015625s user + 0.000000s system = 0.015625s CPU (16.3%)

PHY-1001 : ===== DR Iter 3 =====
PHY-1022 : len = 1.80725e+06, over cnt = 1(0%), over = 1, worst = 1, crit = 0
PHY-1001 : End DR Iter 3; 0.120254s wall, 0.031250s user + 0.000000s system = 0.031250s CPU (26.0%)

PHY-1001 : ===== DR Iter 4 =====
PHY-1022 : len = 1.80726e+06, over cnt = 0(0%), over = 0, worst = 0, crit = 0
PHY-1001 : End DR Iter 4; 0.082988s wall, 0.000000s user + 0.000000s system = 0.000000s CPU (n/a%)

PHY-1001 : Commit to database.....
PHY-5014 WARNING: Detail route doesn't find pib for pll_u0/pll_inst.fbclk[0]
PHY-1001 : 41 feed throughs used by 35 nets
PHY-1001 : End commit to database; 1.174108s wall, 0.187500s user + 0.000000s system = 0.187500s CPU (16.0%)

PHY-1001 : Current memory(MB): used = 768, reserve = 753, peak = 768.
PHY-1001 : End phase 3; 1.899927s wall, 0.343750s user + 0.015625s system = 0.359375s CPU (18.9%)

PHY-1003 : Routed, final wirelength = 1.80726e+06
PHY-1001 : Current memory(MB): used = 769, reserve = 755, peak = 769.
PHY-1001 : End export database. 0.025688s wall, 0.000000s user + 0.000000s system = 0.000000s CPU (n/a%)

PHY-1001 : End detail routing;  29.756776s wall, 10.265625s user + 0.156250s system = 10.421875s CPU (35.0%)

RUN-1003 : finish command "route" in  31.481496s wall, 10.578125s user + 0.171875s system = 10.750000s CPU (34.1%)

RUN-1004 : used memory is 725 MB, reserved memory is 712 MB, peak memory is 770 MB
RUN-1002 : start command "report_area -io_info -file SOC_2_times_phy.area"
RUN-1001 : standard
***Report Model: soc_top Device: EG4S20BG256***

IO Statistics
#IO                         5
  #input                    3
  #output                   1
  #inout                    1

Utilization Statistics
#lut                     5773   out of  19600   29.45%
#reg                     1497   out of  19600    7.64%
#le                      5794
  #lut only              4297   out of   5794   74.16%
  #reg only                21   out of   5794    0.36%
  #lut&reg               1476   out of   5794   25.47%
#dsp                        3   out of     29   10.34%
#bram                      32   out of     64   50.00%
  #bram9k                  32
  #fifo9k                   0
#bram32k                   16   out of     16  100.00%
#pad                        5   out of    188    2.66%
  #ireg                     1
  #oreg                     1
  #treg                     0
#pll                        1   out of      4   25.00%
#gclk                       1   out of     16    6.25%

Clock Resource Statistics
Index     ClockNet                          Type               DriverType         Driver                   Fanout
#1        soc_cm0_u0/cm0_u0/u_logic/SCLK    GCLK               pll                pll_u0/pll_inst.clkc0    1148
#2        swclk_dup_1                       GCLK               io                 swclk_syn_2.di           81
#3        clk_dup_1                         GeneralRouting     io                 clk_syn_2.di             1


Detailed IO Report

   Name     Direction    Location    IOStandard    DriveStrength    PullType    PackReg  
   clk        INPUT        K14        LVCMOS33          N/A          PULLUP      NONE    
  rst_n       INPUT        G11        LVCMOS33          N/A          PULLUP      NONE    
  swclk       INPUT         A8        LVCMOS33          N/A          PULLUP      NONE    
  led_1s     OUTPUT        T13        LVCMOS33           8            NONE       OREG    
  swdio       INOUT         A7        LVCMOS33           8           PULLUP      IREG    

Report Hierarchy Area:
+--------------------------------------------------------------------------------------------------+
|Instance                |Module              |le     |lut     |ripple  |seq     |bram    |dsp     |
+--------------------------------------------------------------------------------------------------+
|top                     |soc_top             |5794   |5692    |81      |1499    |48      |3       |
|  pll_u0                |pll                 |0      |0       |0       |0       |0       |0       |
|  soc_cm0_u0            |soc_cm0             |5741   |5653    |72      |1464    |48      |3       |
|    ahb_dtcm            |cmsdk_ahb_to_sram   |51     |51      |0       |25      |0       |0       |
|    ahb_itcm            |cmsdk_ahb_to_sram   |113    |113     |0       |41      |0       |0       |
|    cm0_u0              |CORTEXM0INTEGRATION |5274   |5193    |65      |1348    |0       |3       |
|      u_logic           |cortexm0ds_logic    |5274   |5193    |65      |1348    |0       |3       |
|    dtcm_u0             |dtcm                |58     |58      |0       |11      |32      |0       |
|    itcm_u0             |itcm                |72     |72      |0       |11      |16      |0       |
|    mtx_lite_u0         |cm0_mtx_lite        |163    |156     |7       |27      |0       |0       |
|      ucm0_mtx          |cm0_mtx             |163    |156     |7       |27      |0       |0       |
|        u_cm0_mtx_decs0 |cm0_mtx_decS0       |14     |7       |7       |0       |0       |0       |
|        u_cm0_mtx_i_0   |cm0_mtx_i           |141    |141     |0       |22      |0       |0       |
|        u_cm0_mtx_o_2   |cm0_mtx_o           |4      |4       |0       |3       |0       |0       |
|          u_output_arb  |cm0_mtx_arb         |2      |2       |0       |1       |0       |0       |
|        u_cm0_mtx_o_3   |cm0_mtx_o           |2      |2       |0       |1       |0       |0       |
|        u_cm0_mtx_o_4   |cm0_mtx_o           |2      |2       |0       |1       |0       |0       |
+--------------------------------------------------------------------------------------------------+


DataNet Average Fanout:

   Index     Fanout     Nets  
    #1          1       3223  
    #2          2       1629  
    #3          3       417   
    #4          4       446   
    #5        5-10      680   
    #6        11-50     367   
    #7       51-100      23   
    #8       101-500     1    
  Average     3.56            

RUN-1002 : start command "export_db SOC_2_times_pr.db"
RUN-1001 : Exported /
RUN-1001 : Exported flow parameters
RUN-1001 : Exported libs
RUN-1001 : Exported entities
RUN-1001 : Exported ports
RUN-1001 : Exported pins
RUN-1001 : Exported instances
RUN-1001 : Exported nets
RUN-1001 : Exported buses
RUN-1001 : Exported models
RUN-1001 : Exported congestions
RUN-1001 : Exported violations
RUN-1001 : Exported IO constraints
RUN-1001 : Exported Inst constraints
RUN-1003 : finish command "export_db SOC_2_times_pr.db" in  1.114342s wall, 0.312500s user + 0.000000s system = 0.312500s CPU (28.0%)

RUN-1004 : used memory is 726 MB, reserved memory is 713 MB, peak memory is 777 MB
RUN-1002 : start command "export_bid SOC_2_times_inst.bid"
PRG-1000 : <!-- HMAC is: ea76553325dc059ef5462b3e373b83d4acf2b60063771cdb83e2bd6220d7b312 -->
RUN-1002 : start command "bitgen -bit SOC_2_times.bit"
BIT-1003 : Start to generate bitstream. 
BIT-1002 : Init instances with 12 threads.
BIT-1002 : Init instances completely, inst num: 3084
BIT-1002 : Init pips with 12 threads.
BIT-1002 : Init pips completely, net num: 6796, pip num: 96569
BIT-1002 : Init feedthrough with 12 threads.
BIT-1002 : Init feedthrough completely, num: 41
BIT-1003 : Multithreading accelaration with 12 threads.
BIT-1003 : Generate bitstream completely, there are 3071 valid insts, and 250633 bits set as '1'.
BIT-1004 : the usercode register value: 00000000110000000000000000000000
BIT-1004 : PLL setting string = 0001
BIT-1004 : Generate bits file SOC_2_times.bit.
RUN-1003 : finish command "bitgen -bit SOC_2_times.bit" in  8.360448s wall, 63.843750s user + 0.125000s system = 63.968750s CPU (765.1%)

RUN-1004 : used memory is 753 MB, reserved memory is 738 MB, peak memory is 888 MB
RUN-1002 : start command "backup_run_log run.log ../.logs/phy_1/td_20240318_183449.log"
