============================================================
   Tang Dynasty, V5.6.71036
      Copyright (c) 2012-2023 Anlogic Inc.
   Executable = D:/Anlogic/TD5.6.2/bin/td.exe
   Built at =   20:34:38 Mar 21 2023
   Run by =     24448
   Run Date =   Mon Mar 18 14:43:18 2024

   Run on =     CHOCODESKTOP
============================================================
RUN-1002 : start command "open_project SOC_2_times.prj"
RUN-1001 : Print Global Property
RUN-1001 : ---------------------------------------------------------------
RUN-1001 :        Parameters        |  Settings  |  Default Values  |  Note  
RUN-1001 : ---------------------------------------------------------------
RUN-1001 :          message         |  standard  |     standard     |        
RUN-1001 :   mixed_pack_place_flow  |     on     |        on        |        
RUN-1001 :        qor_monitor       |    off     |       off        |        
RUN-1001 :        syn_ip_flow       |    off     |       off        |        
RUN-1001 :          thread          |    auto    |       auto       |        
RUN-1001 : ---------------------------------------------------------------
RUN-1001 : Print Design Property
RUN-1001 : --------------------------------------------------------------
RUN-1001 :        Parameters       |  Settings  |  Default Values  |  Note  
RUN-1001 : --------------------------------------------------------------
RUN-1001 :   default_reg_initial   |    auto    |       auto       |        
RUN-1001 :        infer_add        |     on     |        on        |        
RUN-1001 :        infer_fsm        |    off     |       off        |        
RUN-1001 :        infer_mult       |     on     |        on        |        
RUN-1001 :        infer_ram        |     on     |        on        |        
RUN-1001 :        infer_reg        |     on     |        on        |        
RUN-1001 :   infer_reg_init_value  |     on     |        on        |        
RUN-1001 :        infer_rom        |     on     |        on        |        
RUN-1001 :      infer_shifter      |     on     |        on        |        
RUN-1001 : --------------------------------------------------------------
RUN-1001 : Print Rtl Property
RUN-1001 : --------------------------------------------------------------
RUN-1001 :        Parameters       |  Settings  |  Default Values  |  Note  
RUN-1001 : --------------------------------------------------------------
RUN-1001 :       compress_add      |   ripple   |      ripple      |        
RUN-1001 :        elf_sload        |    off     |       off        |        
RUN-1001 :       fix_undriven      |     0      |        0         |        
RUN-1001 :         flatten         |    off     |       off        |        
RUN-1001 :       gate_sharing      |     on     |        on        |        
RUN-1001 :    hdl_warning_level    |   normal   |      normal      |        
RUN-1001 :   impl_internal_tribuf  |     on     |        on        |        
RUN-1001 :      impl_set_reset     |     on     |        on        |        
RUN-1001 :        infer_gsr        |    off     |       off        |        
RUN-1001 :      keep_hierarchy     |    auto    |       auto       |        
RUN-1001 :        max_fanout       |    9999    |       9999       |        
RUN-1001 :      max_oh2bin_len     |     10     |        10        |        
RUN-1001 :       merge_equal       |     on     |        on        |        
RUN-1001 :       merge_equiv       |     on     |        on        |        
RUN-1001 :        merge_mux        |    off     |       off        |        
RUN-1001 :     min_control_set     |     8      |        8         |        
RUN-1001 :      min_ripple_len     |    auto    |       auto       |        
RUN-1001 :       oh2bin_ratio      |    0.08    |       0.08       |        
RUN-1001 :     opt_adder_fanout    |     on     |        on        |        
RUN-1001 :        opt_arith        |     on     |        on        |        
RUN-1001 :       opt_big_gate      |    off     |       off        |        
RUN-1001 :        opt_const        |     on     |        on        |        
RUN-1001 :      opt_const_mult     |     on     |        on        |        
RUN-1001 :       opt_lessthan      |     on     |        on        |        
RUN-1001 :         opt_mux         |    off     |       off        |        
RUN-1001 :         opt_ram         |    high    |       high       |        
RUN-1001 :      rtl_sim_model      |    off     |       off        |        
RUN-1001 :         seq_syn         |     on     |        on        |        
RUN-1001 : --------------------------------------------------------------
HDL-1007 : analyze verilog file ../../al_ip/pll.v
HDL-1007 : undeclared symbol 'open', assumed default net type 'wire' in ../../al_ip/pll.v(57)
HDL-1007 : analyze verilog file ../../src/soc_top.v
HDL-1007 : undeclared symbol 'soc_clk', assumed default net type 'wire' in ../../src/soc_top.v(19)
HDL-1007 : analyze verilog file ../../src/soc_cm0.v
HDL-1007 : undeclared symbol 'SWCLKTCK', assumed default net type 'wire' in ../../src/soc_cm0.v(56)
HDL-1007 : undeclared symbol 'HMASTER', assumed default net type 'wire' in ../../src/soc_cm0.v(128)
HDL-1007 : undeclared symbol 'HMASTLOCK', assumed default net type 'wire' in ../../src/soc_cm0.v(129)
HDL-1007 : undeclared symbol 'RXEV', assumed default net type 'wire' in ../../src/soc_cm0.v(159)
HDL-1007 : analyze verilog file ../../al_ip/dtcm.v
HDL-1007 : analyze verilog file ../../al_ip/itcm.v
HDL-1007 : analyze verilog file ../../src/bus/cm0_mtx.v
HDL-1007 : analyze verilog file ../../src/bus/cm0_mtx_arb.v
HDL-1007 : analyze verilog file ../../src/bus/cm0_mtx_decS0.v
HDL-1007 : analyze verilog file ../../src/bus/cm0_mtx_default_slave.v
HDL-1007 : analyze verilog file ../../src/bus/cm0_mtx_i.v
HDL-5007 WARNING: macro 'TRN_IDLE' is redefined in ../../src/bus/cm0_mtx_i.v(117)
HDL-5007 WARNING: macro 'TRN_BUSY' is redefined in ../../src/bus/cm0_mtx_i.v(118)
HDL-5007 WARNING: macro 'TRN_NONSEQ' is redefined in ../../src/bus/cm0_mtx_i.v(119)
HDL-5007 WARNING: macro 'TRN_SEQ' is redefined in ../../src/bus/cm0_mtx_i.v(120)
HDL-5007 WARNING: macro 'BUR_SINGLE' is redefined in ../../src/bus/cm0_mtx_i.v(123)
HDL-5007 WARNING: macro 'BUR_INCR' is redefined in ../../src/bus/cm0_mtx_i.v(124)
HDL-5007 WARNING: macro 'BUR_WRAP4' is redefined in ../../src/bus/cm0_mtx_i.v(125)
HDL-5007 WARNING: macro 'BUR_INCR4' is redefined in ../../src/bus/cm0_mtx_i.v(126)
HDL-5007 WARNING: macro 'BUR_WRAP8' is redefined in ../../src/bus/cm0_mtx_i.v(127)
HDL-5007 WARNING: macro 'BUR_INCR8' is redefined in ../../src/bus/cm0_mtx_i.v(128)
HDL-5007 Similar messages will be suppressed.
HDL-1007 : analyze verilog file ../../src/bus/cm0_mtx_lite.v
HDL-1007 : analyze verilog file ../../src/bus/cm0_mtx_o.v
HDL-1007 : analyze verilog file ../../src/core/CORTEXM0INTEGRATION.v
HDL-1007 : analyze verilog file ../../src/core/cortexm0ds_logic.v
HDL-1007 : analyze verilog file ../../src/phr/ahb/tcm/cmsdk_ahb_to_sram.v
RUN-1001 : Project manager successfully analyzed 15 source files.
RUN-1002 : start command "import_device eagle_s20.db -package EG4S20BG256"
ARC-1001 : Device Initialization.
ARC-1001 : ------------------------------------------------------------------
ARC-1001 :            OPTION            |          IO          |   SETTING   
ARC-1001 : ------------------------------------------------------------------
ARC-1001 :   cso_b/cclk/mosi/miso/dout  |  T3/R11/T10/P10/S11  |    gpio    
ARC-1001 :             done             |         P13          |    gpio    
ARC-1001 :           program_b          |          T2          |  dedicate  
ARC-1001 :        tdi/tms/tck/tdo       |   C12/A15/C14/E14    |  dedicate  
ARC-1001 : ------------------------------------------------------------------
ARC-1004 : Device setting, marked 5 dedicate IOs in total.
RUN-1002 : start command "import_db ../syn_1/SOC_2_times_gate.db"
RUN-1001 : Importing database generated by Tang Dynasty, V5.6.71036.
RUN-1001 : Database version number 46146.
RUN-1001 : Import flow parameters
RUN-1001 : Import IO constraints
RUN-1001 : Import Inst constraints
RUN-1001 : Import design success TD_VERSION=5.6.71036 , DB_VERSION=46146
RUN-1002 : start command "place"
RUN-1001 : Open license file D:/Anlogic/TD5.6.2/license/Anlogic.lic
RUN-1001 : Print Global Property
RUN-1001 : ---------------------------------------------------------------
RUN-1001 :        Parameters        |  Settings  |  Default Values  |  Note  
RUN-1001 : ---------------------------------------------------------------
RUN-1001 :          message         |  standard  |     standard     |        
RUN-1001 :   mixed_pack_place_flow  |     on     |        on        |        
RUN-1001 :        qor_monitor       |    off     |       off        |        
RUN-1001 :        syn_ip_flow       |    off     |       off        |        
RUN-1001 :          thread          |    auto    |       auto       |        
RUN-1001 : ---------------------------------------------------------------
RUN-1001 : Print Place Property
RUN-1001 : --------------------------------------------------------------
RUN-1001 :        Parameters       |  Settings  |  Default Values  |  Note  
RUN-1001 : --------------------------------------------------------------
RUN-1001 :      detailed_place     |     on     |        on        |        
RUN-1001 :          effort         |   medium   |      medium      |        
RUN-1001 :         fix_hold        |    off     |       off        |        
RUN-1001 :       legalization      |    ori     |       ori        |        
RUN-1001 :      new_spreading      |     on     |        on        |        
RUN-1001 :        opt_timing       |   medium   |      medium      |        
RUN-1001 :   post_clock_route_opt  |    off     |       off        |        
RUN-1001 :       pr_strategy       |     1      |        1         |        
RUN-1001 :        relaxation       |    1.00    |       1.00       |        
RUN-1001 :         retiming        |    off     |       off        |        
RUN-1001 : --------------------------------------------------------------
PHY-3001 : Placer runs in 12 thread(s).
RUN-1002 : start command "legalize_phy_inst"
SYN-1011 : Flatten model soc_top
RUN-1002 : start command "phys_opt -simplify_lut"
SYN-4027 : Net soc_cm0_u0/cm0_u0/u_logic/SCLK is clkc0 of pll pll_u0/pll_inst.
SYN-4019 : Net clk_dup_1 is refclk of pll pll_u0/pll_inst.
SYN-4024 : Net "swclk_dup_1" drives clk pins.
SYN-4025 : Tag rtl::Net clk_dup_1 as clock net
SYN-4025 : Tag rtl::Net soc_cm0_u0/cm0_u0/u_logic/SCLK as clock net
SYN-4025 : Tag rtl::Net swclk_dup_1 as clock net
SYN-4026 : Tagged 3 rtl::Net as clock net
SYN-4015 : Create BUFG instance for clk Net swclk_dup_1 to drive 107 clock pins.
PHY-1001 : Populate physical database on model soc_top.
RUN-1001 : There are total 6938 instances
RUN-0007 : 5341 luts, 1464 seqs, 47 mslices, 25 lslices, 5 pads, 48 brams, 3 dsps
RUN-1001 : There are total 7265 nets
RUN-1001 : 3835 nets have 2 pins
RUN-1001 : 2461 nets have [3 - 5] pins
RUN-1001 : 547 nets have [6 - 10] pins
RUN-1001 : 223 nets have [11 - 20] pins
RUN-1001 : 195 nets have [21 - 99] pins
RUN-1001 : 4 nets have 100+ pins
RUN-1001 : Report Control nets information:
RUN-1001 : DFF Distribution
RUN-1001 : ----------------------------------
RUN-1001 :   CE   |  SSR  |  ASR  |  DFF Count  
RUN-1001 : ----------------------------------
RUN-1001 :   No   |  No   |  No   |     207     
RUN-1001 :   No   |  No   |  Yes  |     271     
RUN-1001 :   No   |  Yes  |  No   |      0      
RUN-1001 :   Yes  |  No   |  No   |     835     
RUN-1001 :   Yes  |  No   |  Yes  |     151     
RUN-1001 :   Yes  |  Yes  |  No   |      0      
RUN-1001 : ----------------------------------
RUN-0007 : Control Group Statistic
RUN-0007 : ---------------------------
RUN-0007 :   #CLK  |  #CE  |  #SSR/ASR  
RUN-0007 : ---------------------------
RUN-0007 :    2    |  46   |     4      
RUN-0007 : ---------------------------
RUN-0007 : Control Set = 51
PHY-3001 : Initial placement ...
PHY-3001 : design contains 6936 instances, 5341 luts, 1464 seqs, 72 slices, 9 macros(72 instances: 47 mslices 25 lslices)
PHY-0007 : Cell area utilization is 27%
PHY-3001 : Global placement ...
PHY-3001 : Initial: Len = 1.8772e+06
PHY-3001 : Clustering ...
PHY-3001 : Level 0 #clusters 6936.
PHY-3001 : End clustering;  0.000010s wall, 0.000000s user + 0.000000s system = 0.000000s CPU (n/a%)

PHY-3001 : Run with size of 4
PHY-3001 : Cell area utilization is 27%
PHY-3001 : :::0::: Try harder cell spreading with beta_ = 0
PHY-3002 : Step(1): len = 1.43716e+06, overlap = 151.375
PHY-3002 : Step(2): len = 1.09974e+06, overlap = 162.344
PHY-3002 : Step(3): len = 695210, overlap = 231
PHY-3002 : Step(4): len = 551324, overlap = 300.125
PHY-3002 : Step(5): len = 440197, overlap = 343.094
PHY-3002 : Step(6): len = 383273, overlap = 372.719
PHY-3002 : Step(7): len = 308839, overlap = 393.969
PHY-3002 : Step(8): len = 286690, overlap = 406.094
PHY-3002 : Step(9): len = 252403, overlap = 414.469
PHY-3002 : Step(10): len = 243064, overlap = 421.281
PHY-3002 : Step(11): len = 223547, overlap = 426.781
PHY-3002 : Step(12): len = 215116, overlap = 430.188
PHY-3002 : Step(13): len = 205802, overlap = 432.344
PHY-3001 : :::1::: Try harder cell spreading with beta_ = 2.44518e-06
PHY-3002 : Step(14): len = 211393, overlap = 436.938
PHY-3002 : Step(15): len = 221636, overlap = 436.812
PHY-3002 : Step(16): len = 216197, overlap = 429.562
PHY-3002 : Step(17): len = 219145, overlap = 422.25
PHY-3002 : Step(18): len = 221077, overlap = 408.812
PHY-3002 : Step(19): len = 216953, overlap = 410.312
PHY-3002 : Step(20): len = 216994, overlap = 407.594
PHY-3002 : Step(21): len = 207209, overlap = 402.781
PHY-3002 : Step(22): len = 204372, overlap = 402.344
PHY-3002 : Step(23): len = 205376, overlap = 400.125
PHY-3002 : Step(24): len = 201058, overlap = 399.375
PHY-3002 : Step(25): len = 197405, overlap = 409.469
PHY-3002 : Step(26): len = 196427, overlap = 414.094
PHY-3002 : Step(27): len = 193115, overlap = 402.969
PHY-3002 : Step(28): len = 191005, overlap = 395.469
PHY-3002 : Step(29): len = 187034, overlap = 386.094
PHY-3002 : Step(30): len = 185440, overlap = 386.531
PHY-3002 : Step(31): len = 184880, overlap = 385.75
PHY-3002 : Step(32): len = 183058, overlap = 383.156
PHY-3002 : Step(33): len = 179107, overlap = 386.094
PHY-3002 : Step(34): len = 176136, overlap = 387.062
PHY-3002 : Step(35): len = 174458, overlap = 390.094
PHY-3002 : Step(36): len = 174071, overlap = 394.062
PHY-3002 : Step(37): len = 172903, overlap = 390.438
PHY-3002 : Step(38): len = 172724, overlap = 390.812
PHY-3002 : Step(39): len = 170419, overlap = 392.281
PHY-3002 : Step(40): len = 169840, overlap = 393.5
PHY-3002 : Step(41): len = 169516, overlap = 395.062
PHY-3001 : :::2::: Try harder cell spreading with beta_ = 4.89037e-06
PHY-3002 : Step(42): len = 171612, overlap = 396.594
PHY-3002 : Step(43): len = 172170, overlap = 396.719
PHY-3002 : Step(44): len = 173937, overlap = 397.531
PHY-3002 : Step(45): len = 175455, overlap = 396.594
PHY-3002 : Step(46): len = 179934, overlap = 393.25
PHY-3002 : Step(47): len = 183810, overlap = 381.156
PHY-3002 : Step(48): len = 190550, overlap = 372.531
PHY-3002 : Step(49): len = 196042, overlap = 361.188
PHY-3002 : Step(50): len = 198565, overlap = 356.031
PHY-3002 : Step(51): len = 200462, overlap = 343.969
PHY-3002 : Step(52): len = 201243, overlap = 338.969
PHY-3002 : Step(53): len = 200460, overlap = 338.25
PHY-3002 : Step(54): len = 200844, overlap = 340.406
PHY-3002 : Step(55): len = 200269, overlap = 340.406
PHY-3002 : Step(56): len = 200563, overlap = 342.125
PHY-3002 : Step(57): len = 201142, overlap = 340.375
PHY-3001 : :::3::: Try harder cell spreading with beta_ = 9.73422e-06
PHY-3002 : Step(58): len = 203422, overlap = 342.656
PHY-3002 : Step(59): len = 205938, overlap = 337.031
PHY-3002 : Step(60): len = 209512, overlap = 326.719
PHY-3002 : Step(61): len = 214202, overlap = 314.844
PHY-3002 : Step(62): len = 221209, overlap = 303.781
PHY-3002 : Step(63): len = 227777, overlap = 292.5
PHY-3002 : Step(64): len = 231698, overlap = 278.5
PHY-3002 : Step(65): len = 235636, overlap = 270.062
PHY-3002 : Step(66): len = 238666, overlap = 265.875
PHY-3002 : Step(67): len = 241846, overlap = 262.219
PHY-3002 : Step(68): len = 245150, overlap = 254.656
PHY-3002 : Step(69): len = 245234, overlap = 248.312
PHY-3002 : Step(70): len = 245418, overlap = 242.312
PHY-3002 : Step(71): len = 245245, overlap = 234.062
PHY-3002 : Step(72): len = 244813, overlap = 224.531
PHY-3002 : Step(73): len = 245015, overlap = 217.469
PHY-3002 : Step(74): len = 245114, overlap = 212.5
PHY-3001 : :::4::: Try harder cell spreading with beta_ = 1.94684e-05
PHY-3002 : Step(75): len = 247631, overlap = 213.125
PHY-3002 : Step(76): len = 249038, overlap = 211.344
PHY-3002 : Step(77): len = 251734, overlap = 197.531
PHY-3002 : Step(78): len = 253408, overlap = 193.062
PHY-3002 : Step(79): len = 255879, overlap = 191.312
PHY-3002 : Step(80): len = 260712, overlap = 178.188
PHY-3002 : Step(81): len = 264124, overlap = 179.531
PHY-3002 : Step(82): len = 268688, overlap = 163.781
PHY-3002 : Step(83): len = 270397, overlap = 164.031
PHY-3002 : Step(84): len = 273508, overlap = 162.094
PHY-3002 : Step(85): len = 278684, overlap = 150.719
PHY-3002 : Step(86): len = 283519, overlap = 153.844
PHY-3002 : Step(87): len = 288186, overlap = 151.938
PHY-3002 : Step(88): len = 289730, overlap = 151
PHY-3002 : Step(89): len = 290769, overlap = 153.438
PHY-3002 : Step(90): len = 292127, overlap = 149.531
PHY-3002 : Step(91): len = 292698, overlap = 147.531
PHY-3001 : :::5::: Try harder cell spreading with beta_ = 3.89369e-05
PHY-3002 : Step(92): len = 294199, overlap = 147.406
PHY-3002 : Step(93): len = 294546, overlap = 147.469
PHY-3002 : Step(94): len = 294767, overlap = 147.406
PHY-3002 : Step(95): len = 295347, overlap = 146.812
PHY-3002 : Step(96): len = 299037, overlap = 136.031
PHY-3002 : Step(97): len = 299994, overlap = 135.156
PHY-3002 : Step(98): len = 300297, overlap = 139.5
PHY-3002 : Step(99): len = 301525, overlap = 140.531
PHY-3002 : Step(100): len = 302448, overlap = 139.844
PHY-3002 : Step(101): len = 303052, overlap = 137.656
PHY-3002 : Step(102): len = 303378, overlap = 137.562
PHY-3002 : Step(103): len = 303705, overlap = 135.094
PHY-3001 : Legalization ...
PHY-3001 : End legalization;  0.015061s wall, 0.000000s user + 0.000000s system = 0.000000s CPU (n/a%)

PHY-3001 : Run with size of 4
PHY-3001 : Cell area utilization is 34%
PHY-3001 : Analyzing congestion ...
RUN-1001 : Generating global routing grids ...
RUN-1001 : Building simple global routing graph ...
PHY-1001 : Generate routing nets ...
PHY-1001 : Reuse net number 0/7265.
PHY-1001 : Global iterations in 12 thread ...
PHY-1002 : len = 412728, over cnt = 1593(4%), over = 7572, worst = 54
PHY-1001 : End global iterations;  0.410525s wall, 0.031250s user + 0.000000s system = 0.031250s CPU (7.6%)

PHY-1001 : Congestion index: top1 = 102.69, top5 = 73.18, top10 = 61.26, top15 = 54.09.
PHY-3001 : End congestion estimation;  0.520291s wall, 0.031250s user + 0.015625s system = 0.046875s CPU (9.0%)

PHY-3001 : Update density targets...
PHY-3001 : Update congestion history...
PHY-3001 : :::0::: Try harder cell spreading with beta_ = 2.62228e-06
PHY-3002 : Step(104): len = 306703, overlap = 127.656
PHY-3002 : Step(105): len = 301834, overlap = 163.281
PHY-3002 : Step(106): len = 282235, overlap = 195.344
PHY-3002 : Step(107): len = 261807, overlap = 214.688
PHY-3002 : Step(108): len = 250680, overlap = 231.844
PHY-3002 : Step(109): len = 245690, overlap = 249.406
PHY-3002 : Step(110): len = 237404, overlap = 284.75
PHY-3002 : Step(111): len = 230444, overlap = 307.938
PHY-3002 : Step(112): len = 224970, overlap = 334.531
PHY-3002 : Step(113): len = 218371, overlap = 342.438
PHY-3002 : Step(114): len = 216916, overlap = 344.188
PHY-3002 : Step(115): len = 215936, overlap = 344.062
PHY-3001 : :::1::: Try harder cell spreading with beta_ = 5.24456e-06
PHY-3002 : Step(116): len = 228559, overlap = 325.25
PHY-3002 : Step(117): len = 232006, overlap = 321.531
PHY-3002 : Step(118): len = 236525, overlap = 309.188
PHY-3002 : Step(119): len = 241386, overlap = 277.312
PHY-3002 : Step(120): len = 242774, overlap = 267.781
PHY-3002 : Step(121): len = 243451, overlap = 255.906
PHY-3002 : Step(122): len = 244205, overlap = 252.312
PHY-3002 : Step(123): len = 244078, overlap = 246.844
PHY-3001 : :::2::: Try harder cell spreading with beta_ = 1.04891e-05
PHY-3002 : Step(124): len = 263068, overlap = 201.656
PHY-3002 : Step(125): len = 279446, overlap = 177.781
PHY-3002 : Step(126): len = 291811, overlap = 148.156
PHY-3002 : Step(127): len = 289583, overlap = 133.375
PHY-3002 : Step(128): len = 289938, overlap = 127.406
PHY-3002 : Step(129): len = 288994, overlap = 123.812
PHY-3002 : Step(130): len = 286296, overlap = 122.719
PHY-3002 : Step(131): len = 286507, overlap = 115.75
PHY-3002 : Step(132): len = 287432, overlap = 113.906
PHY-3001 : :::3::: Try harder cell spreading with beta_ = 2.09782e-05
PHY-3002 : Step(133): len = 304546, overlap = 87.75
PHY-3002 : Step(134): len = 318255, overlap = 70.1875
PHY-3002 : Step(135): len = 331151, overlap = 48
PHY-3002 : Step(136): len = 330554, overlap = 44.9062
PHY-3002 : Step(137): len = 330872, overlap = 46.0938
PHY-3002 : Step(138): len = 327769, overlap = 43.2812
PHY-3002 : Step(139): len = 326211, overlap = 45.1875
PHY-3002 : Step(140): len = 326986, overlap = 48.3125
PHY-3002 : Step(141): len = 327345, overlap = 50.25
PHY-3001 : :::4::: Try harder cell spreading with beta_ = 4.19565e-05
PHY-3002 : Step(142): len = 346284, overlap = 45.4062
PHY-3002 : Step(143): len = 356186, overlap = 46.375
PHY-3002 : Step(144): len = 366306, overlap = 41.0938
PHY-3002 : Step(145): len = 364879, overlap = 36.7812
PHY-3002 : Step(146): len = 364628, overlap = 38.1875
PHY-3002 : Step(147): len = 360929, overlap = 42.4688
PHY-3002 : Step(148): len = 361792, overlap = 44.6562
PHY-3002 : Step(149): len = 364228, overlap = 44.4375
PHY-3002 : Step(150): len = 366761, overlap = 36.75
PHY-3002 : Step(151): len = 366756, overlap = 33
PHY-3002 : Step(152): len = 367217, overlap = 33.9688
PHY-3002 : Step(153): len = 366216, overlap = 36.625
PHY-3002 : Step(154): len = 366348, overlap = 34.2188
PHY-3002 : Step(155): len = 366261, overlap = 32.875
PHY-3001 : :::5::: Try harder cell spreading with beta_ = 8.39129e-05
PHY-3002 : Step(156): len = 381134, overlap = 24.625
PHY-3002 : Step(157): len = 388310, overlap = 24.7188
PHY-3002 : Step(158): len = 397770, overlap = 21.5
PHY-3002 : Step(159): len = 393314, overlap = 19.5938
PHY-3002 : Step(160): len = 392561, overlap = 18.125
PHY-3002 : Step(161): len = 391849, overlap = 17.8438
PHY-3001 : :::6::: Try harder cell spreading with beta_ = 0.000156146
PHY-3002 : Step(162): len = 404268, overlap = 13.9375
PHY-3002 : Step(163): len = 411863, overlap = 13.125
PHY-3002 : Step(164): len = 426973, overlap = 7.5625
PHY-3002 : Step(165): len = 426835, overlap = 5.9375
PHY-3002 : Step(166): len = 427182, overlap = 5.9375
PHY-3002 : Step(167): len = 429017, overlap = 4.5
PHY-3002 : Step(168): len = 428160, overlap = 3.875
PHY-3002 : Step(169): len = 428635, overlap = 4.375
PHY-3002 : Step(170): len = 428840, overlap = 4.4375
PHY-3001 : :::7::: Try harder cell spreading with beta_ = 0.000312291
PHY-3002 : Step(171): len = 435731, overlap = 4.4375
PHY-3002 : Step(172): len = 440486, overlap = 3.625
PHY-3002 : Step(173): len = 445430, overlap = 1.875
PHY-3002 : Step(174): len = 448452, overlap = 2.125
PHY-3002 : Step(175): len = 453049, overlap = 2.875
PHY-3002 : Step(176): len = 454869, overlap = 1.5625
PHY-3002 : Step(177): len = 451929, overlap = 1.5
PHY-3002 : Step(178): len = 450295, overlap = 1.375
PHY-3002 : Step(179): len = 450056, overlap = 1.375
PHY-3001 : Run with size of 2
PHY-3001 : Cell area utilization is 34%
PHY-3001 : Analyzing congestion ...
RUN-1001 : Generating global routing grids ...
PHY-1001 : Generate routing nets ...
PHY-1001 : Reuse net number 9/7265.
PHY-1001 : Global iterations in 12 thread ...
PHY-1002 : len = 553184, over cnt = 1220(3%), over = 4363, worst = 71
PHY-1001 : End global iterations;  0.405418s wall, 0.062500s user + 0.000000s system = 0.062500s CPU (15.4%)

PHY-1001 : Congestion index: top1 = 68.64, top5 = 48.65, top10 = 41.73, top15 = 37.81.
PHY-3001 : End congestion estimation;  0.527926s wall, 0.109375s user + 0.000000s system = 0.109375s CPU (20.7%)

PHY-3001 : Update density targets...
PHY-3001 : Update congestion history...
PHY-3001 : :::0::: Try harder cell spreading with beta_ = 0.000121967
PHY-3002 : Step(180): len = 449309, overlap = 9.34375
PHY-3002 : Step(181): len = 448447, overlap = 5.65625
PHY-3002 : Step(182): len = 432085, overlap = 14.375
PHY-3002 : Step(183): len = 415406, overlap = 18.375
PHY-3002 : Step(184): len = 402773, overlap = 19.2812
PHY-3002 : Step(185): len = 392978, overlap = 18.2812
PHY-3002 : Step(186): len = 386049, overlap = 22.0938
PHY-3002 : Step(187): len = 380073, overlap = 25.3438
PHY-3002 : Step(188): len = 377864, overlap = 26.5625
PHY-3002 : Step(189): len = 375612, overlap = 25.7812
PHY-3002 : Step(190): len = 374019, overlap = 25.5312
PHY-3002 : Step(191): len = 373250, overlap = 23.8125
PHY-3002 : Step(192): len = 371588, overlap = 21.4062
PHY-3002 : Step(193): len = 368314, overlap = 21.2812
PHY-3002 : Step(194): len = 367294, overlap = 20.25
PHY-3002 : Step(195): len = 365360, overlap = 22.8438
PHY-3002 : Step(196): len = 365236, overlap = 23.8125
PHY-3002 : Step(197): len = 364249, overlap = 25.7188
PHY-3001 : :::1::: Try harder cell spreading with beta_ = 0.000243934
PHY-3002 : Step(198): len = 372847, overlap = 23.25
PHY-3002 : Step(199): len = 378616, overlap = 21.375
PHY-3002 : Step(200): len = 386919, overlap = 19.5
PHY-3002 : Step(201): len = 389226, overlap = 16.7188
PHY-3002 : Step(202): len = 390399, overlap = 14
PHY-3002 : Step(203): len = 391074, overlap = 10.9062
PHY-3002 : Step(204): len = 391260, overlap = 11.1562
PHY-3002 : Step(205): len = 391013, overlap = 10.25
PHY-3001 : :::2::: Try harder cell spreading with beta_ = 0.000487869
PHY-3002 : Step(206): len = 395260, overlap = 9.53125
PHY-3002 : Step(207): len = 402096, overlap = 9.46875
PHY-3002 : Step(208): len = 408960, overlap = 7.65625
PHY-3002 : Step(209): len = 412418, overlap = 6.78125
PHY-3002 : Step(210): len = 415006, overlap = 5.625
PHY-3002 : Step(211): len = 416097, overlap = 3.84375
PHY-3002 : Step(212): len = 415322, overlap = 5.125
PHY-3002 : Step(213): len = 414971, overlap = 5.6875
PHY-3002 : Step(214): len = 414792, overlap = 5.5
PHY-3001 : :::3::: Try harder cell spreading with beta_ = 0.000915315
PHY-3002 : Step(215): len = 417239, overlap = 4.15625
PHY-3002 : Step(216): len = 420536, overlap = 3.09375
PHY-3002 : Step(217): len = 425992, overlap = 2.59375
PHY-3002 : Step(218): len = 429592, overlap = 2.0625
PHY-3002 : Step(219): len = 432164, overlap = 2.03125
PHY-3002 : Step(220): len = 434188, overlap = 2.21875
PHY-3002 : Step(221): len = 435652, overlap = 2.84375
PHY-3002 : Step(222): len = 435725, overlap = 3.8125
PHY-3002 : Step(223): len = 435914, overlap = 2.5625
PHY-3002 : Step(224): len = 436623, overlap = 4.3125
PHY-3002 : Step(225): len = 436773, overlap = 1.46875
PHY-3002 : Step(226): len = 436784, overlap = 1.5
PHY-3002 : Step(227): len = 436785, overlap = 1.0625
PHY-3001 : :::4::: Try harder cell spreading with beta_ = 0.00175678
PHY-3002 : Step(228): len = 438179, overlap = 1.5
PHY-3002 : Step(229): len = 440513, overlap = 1.75
PHY-3002 : Step(230): len = 443074, overlap = 1.5625
OPT-1001 : Start physical optimization ...
OPT-1001 : Total overflow 80.22 peak overflow 1.56
OPT-1001 : Start high-fanout net optimization ...
OPT-1001 : Update timing in global mode
PHY-1001 : Start incremental global routing, caller is place ...
RUN-1001 : Generating global routing grids ...
PHY-1001 : Generate routing nets ...
PHY-1001 : Reuse net number 56/7265.
PHY-1001 : Global iterations in 12 thread ...
PHY-1002 : len = 567624, over cnt = 1169(3%), over = 3415, worst = 24
PHY-1001 : End global iterations;  0.441851s wall, 0.171875s user + 0.000000s system = 0.171875s CPU (38.9%)

PHY-1001 : Congestion index: top1 = 49.42, top5 = 41.08, top10 = 36.97, top15 = 34.35.
PHY-1001 : End incremental global routing;  0.559355s wall, 0.187500s user + 0.000000s system = 0.187500s CPU (33.5%)

RUN-1002 : start command "start_timer -report"
TMR-5001 WARNING: No sdc constraints found while initiating timer.
TMR-2505 : Start building timing graph for model soc_top.
TMR-2506 : Build timing graph completely. Port num: 5, tpin num: 32709, tnet num: 7263, tinst num: 6936, tnode num: 37274, tedge num: 52781.
TMR-2508 : Levelizing timing graph completed, there are 61 levels in total.
TMR-2501 : Timing graph initialized successfully.
OPT-1001 : End timing update;  0.270649s wall, 0.015625s user + 0.015625s system = 0.031250s CPU (11.5%)

OPT-1001 : 0 high-fanout net processed.
OPT-1001 : End high-fanout net optimization;  0.971144s wall, 0.234375s user + 0.015625s system = 0.250000s CPU (25.7%)

OPT-1001 : Current memory(MB): used = 335, reserve = 313, peak = 335.
OPT-1001 : End physical optimization;  1.023473s wall, 0.234375s user + 0.015625s system = 0.250000s CPU (24.4%)

PHY-3001 : Start packing ...
SYN-4007 : Packing 0 MUX to BLE ...
SYN-4008 : Packed 0 MUX and 0 SEQ to BLE.
SYN-4007 : Packing 5341 LUT to BLE ...
SYN-4008 : Packed 5341 LUT and 656 SEQ to BLE.
SYN-4003 : Packing 808 remaining SEQ's ...
SYN-4005 : Packed 785 SEQ with LUT/SLICE
SYN-4006 : 3901 single LUT's are left
SYN-4006 : 23 single SEQ's are left
SYN-4011 : Packing model "soc_top" (AL_USER_NORMAL) with 5364/5497 primitive instances ...
PHY-3001 : End packing;  0.349371s wall, 0.000000s user + 0.000000s system = 0.000000s CPU (n/a%)

PHY-1001 : Populate physical database on model soc_top.
RUN-1001 : There are total 3107 instances
RUN-1001 : 1523 mslices, 1523 lslices, 5 pads, 48 brams, 3 dsps
RUN-1001 : There are total 6814 nets
RUN-1001 : 3177 nets have 2 pins
RUN-1001 : 2550 nets have [3 - 5] pins
RUN-1001 : 639 nets have [6 - 10] pins
RUN-1001 : 244 nets have [11 - 20] pins
RUN-1001 : 201 nets have [21 - 99] pins
RUN-1001 : 3 nets have 100+ pins
PHY-3001 : design contains 3105 instances, 3046 slices, 9 macros(72 instances: 47 mslices 25 lslices)
PHY-3001 : Cell area utilization is 37%
PHY-3001 : After packing: Len = 461529, Over = 19
PHY-3001 : Run with size of 2
PHY-3001 : Cell area utilization is 37%
PHY-3001 : Analyzing congestion ...
RUN-1001 : Generating global routing grids ...
PHY-1001 : Generate routing nets ...
PHY-1001 : Reuse net number 3489/6814.
PHY-1001 : Global iterations in 12 thread ...
PHY-1002 : len = 589608, over cnt = 976(2%), over = 2078, worst = 14
PHY-1002 : len = 596712, over cnt = 501(1%), over = 950, worst = 13
PHY-1002 : len = 603352, over cnt = 128(0%), over = 213, worst = 6
PHY-1002 : len = 604608, over cnt = 61(0%), over = 92, worst = 4
PHY-1002 : len = 605272, over cnt = 0(0%), over = 0, worst = 0
PHY-1001 : End global iterations;  0.656210s wall, 0.062500s user + 0.000000s system = 0.062500s CPU (9.5%)

PHY-1001 : Congestion index: top1 = 44.59, top5 = 38.77, top10 = 35.65, top15 = 33.53.
PHY-3001 : End congestion estimation;  0.816765s wall, 0.093750s user + 0.000000s system = 0.093750s CPU (11.5%)

PHY-3001 : Update density targets...
PHY-3001 : Update congestion history...
PHY-3001 : :::0::: Try harder cell spreading with beta_ = 5.11832e-05
PHY-3002 : Step(231): len = 441556, overlap = 20
PHY-3002 : Step(232): len = 422509, overlap = 37.5
PHY-3002 : Step(233): len = 413884, overlap = 39.25
PHY-3002 : Step(234): len = 409724, overlap = 38
PHY-3002 : Step(235): len = 405310, overlap = 41
PHY-3002 : Step(236): len = 401509, overlap = 47
PHY-3002 : Step(237): len = 396495, overlap = 44.75
PHY-3002 : Step(238): len = 393161, overlap = 45.75
PHY-3002 : Step(239): len = 390058, overlap = 47
PHY-3002 : Step(240): len = 388410, overlap = 50.75
PHY-3002 : Step(241): len = 386560, overlap = 52.5
PHY-3001 : :::1::: Try harder cell spreading with beta_ = 0.000102366
PHY-3002 : Step(242): len = 401963, overlap = 39.25
PHY-3002 : Step(243): len = 415090, overlap = 30.5
PHY-3002 : Step(244): len = 415054, overlap = 26.25
PHY-3002 : Step(245): len = 416399, overlap = 26.25
PHY-3002 : Step(246): len = 418995, overlap = 26.25
PHY-3002 : Step(247): len = 421524, overlap = 26
PHY-3002 : Step(248): len = 422042, overlap = 26.75
PHY-3002 : Step(249): len = 422168, overlap = 25.25
PHY-3001 : :::2::: Try harder cell spreading with beta_ = 0.000204733
PHY-3002 : Step(250): len = 433697, overlap = 23
PHY-3002 : Step(251): len = 445061, overlap = 21
PHY-3002 : Step(252): len = 445049, overlap = 17.25
PHY-3002 : Step(253): len = 445872, overlap = 19.5
PHY-3002 : Step(254): len = 451079, overlap = 19.25
PHY-3002 : Step(255): len = 456110, overlap = 15.75
PHY-3002 : Step(256): len = 459088, overlap = 13.5
PHY-3002 : Step(257): len = 458940, overlap = 13.75
PHY-3002 : Step(258): len = 458861, overlap = 12.25
PHY-3002 : Step(259): len = 459156, overlap = 13.25
PHY-3001 : :::3::: Try harder cell spreading with beta_ = 0.000384231
PHY-3002 : Step(260): len = 465377, overlap = 10.5
PHY-3002 : Step(261): len = 470620, overlap = 11.5
PHY-3002 : Step(262): len = 473354, overlap = 9.25
PHY-3002 : Step(263): len = 474734, overlap = 7.75
PHY-3002 : Step(264): len = 476671, overlap = 8.75
PHY-3002 : Step(265): len = 478038, overlap = 7.25
PHY-3002 : Step(266): len = 478417, overlap = 6.25
PHY-3002 : Step(267): len = 479008, overlap = 8
PHY-3002 : Step(268): len = 479311, overlap = 6.75
PHY-3001 : :::4::: Try harder cell spreading with beta_ = 0.000768463
PHY-3002 : Step(269): len = 482267, overlap = 6.25
PHY-3002 : Step(270): len = 486457, overlap = 6.5
PHY-3002 : Step(271): len = 488314, overlap = 6
PHY-3002 : Step(272): len = 488265, overlap = 6
PHY-3002 : Step(273): len = 488251, overlap = 5.25
PHY-3001 : Legalization ...
PHY-3001 : End legalization;  1.086786s wall, 0.015625s user + 0.000000s system = 0.015625s CPU (1.4%)

PHY-3001 : Trial Legalized: Len = 503540
PHY-3001 : Run with size of 2
PHY-3001 : Cell area utilization is 37%
PHY-3001 : Analyzing congestion ...
RUN-1001 : Generating global routing grids ...
PHY-1001 : Generate routing nets ...
PHY-1001 : Reuse net number 90/6814.
PHY-1001 : Global iterations in 12 thread ...
PHY-1002 : len = 618104, over cnt = 797(2%), over = 1228, worst = 6
PHY-1002 : len = 622048, over cnt = 416(1%), over = 561, worst = 5
PHY-1002 : len = 625680, over cnt = 166(0%), over = 196, worst = 4
PHY-1002 : len = 627040, over cnt = 33(0%), over = 41, worst = 3
PHY-1002 : len = 627520, over cnt = 0(0%), over = 0, worst = 0
PHY-1001 : End global iterations;  0.776666s wall, 0.093750s user + 0.000000s system = 0.093750s CPU (12.1%)

PHY-1001 : Congestion index: top1 = 46.29, top5 = 40.11, top10 = 36.71, top15 = 34.41.
PHY-3001 : End congestion estimation;  0.944333s wall, 0.125000s user + 0.000000s system = 0.125000s CPU (13.2%)

PHY-3001 : Update density targets...
PHY-3001 : Update congestion history...
PHY-3001 : :::0::: Try harder cell spreading with beta_ = 0.000115964
PHY-3002 : Step(274): len = 476967, overlap = 4.75
PHY-3002 : Step(275): len = 464681, overlap = 10.5
PHY-3002 : Step(276): len = 456945, overlap = 10.75
PHY-3002 : Step(277): len = 452197, overlap = 11.25
PHY-3002 : Step(278): len = 449100, overlap = 12.75
PHY-3002 : Step(279): len = 448327, overlap = 12.5
PHY-3002 : Step(280): len = 447556, overlap = 14.25
PHY-3001 : :::1::: Try harder cell spreading with beta_ = 0.000231928
PHY-3002 : Step(281): len = 456994, overlap = 12.25
PHY-3002 : Step(282): len = 464855, overlap = 12.5
PHY-3002 : Step(283): len = 464479, overlap = 9.75
PHY-3002 : Step(284): len = 463970, overlap = 11.25
PHY-3002 : Step(285): len = 463930, overlap = 11.5
PHY-3001 : Legalization ...
PHY-3001 : End legalization;  0.009716s wall, 0.000000s user + 0.000000s system = 0.000000s CPU (n/a%)

PHY-3001 : Legalized: Len = 471895, Over = 0
PHY-3001 : Spreading special nets. 6 overflows in 2952 tiles.
PHY-3001 : End spreading;  0.016795s wall, 0.015625s user + 0.000000s system = 0.015625s CPU (93.0%)

PHY-3001 : 7 instances has been re-located, deltaX = 0, deltaY = 7, maxDist = 1.
PHY-3001 : Final: Len = 471977, Over = 0
OPT-1001 : Start physical optimization ...
OPT-1001 : Total overflow 0.00 peak overflow 0.00
OPT-1001 : Start high-fanout net optimization ...
OPT-1001 : Update timing in global mode
PHY-1001 : Start incremental global routing, caller is place ...
RUN-1001 : Generating global routing grids ...
PHY-1001 : Generate routing nets ...
PHY-1001 : Reuse net number 565/6814.
PHY-1001 : Global iterations in 12 thread ...
PHY-1002 : len = 587568, over cnt = 805(2%), over = 1238, worst = 7
PHY-1002 : len = 592312, over cnt = 364(1%), over = 471, worst = 5
PHY-1002 : len = 595344, over cnt = 153(0%), over = 196, worst = 4
PHY-1002 : len = 596536, over cnt = 40(0%), over = 47, worst = 3
PHY-1002 : len = 597176, over cnt = 0(0%), over = 0, worst = 0
PHY-1001 : End global iterations;  0.795009s wall, 0.140625s user + 0.000000s system = 0.140625s CPU (17.7%)

PHY-1001 : Congestion index: top1 = 43.62, top5 = 37.31, top10 = 34.17, top15 = 32.21.
PHY-1001 : End incremental global routing;  0.949033s wall, 0.171875s user + 0.000000s system = 0.171875s CPU (18.1%)

RUN-1002 : start command "start_timer -report"
TMR-5001 WARNING: No sdc constraints found while initiating timer.
TMR-2505 : Start building timing graph for model soc_top.
TMR-2506 : Build timing graph completely. Port num: 5, tpin num: 32430, tnet num: 6812, tinst num: 3105, tnode num: 36415, tedge num: 54139.
TMR-2508 : Levelizing timing graph completed, there are 59 levels in total.
TMR-2501 : Timing graph initialized successfully.
OPT-1001 : End timing update;  0.463679s wall, 0.062500s user + 0.000000s system = 0.062500s CPU (13.5%)

OPT-1001 : 0 high-fanout net processed.
OPT-1001 : End high-fanout net optimization;  1.562912s wall, 0.250000s user + 0.000000s system = 0.250000s CPU (16.0%)

OPT-1001 : Current memory(MB): used = 365, reserve = 344, peak = 365.
OPT-1001 : Update timing in Manhattan mode
OPT-1001 : End timing update;  0.010231s wall, 0.000000s user + 0.000000s system = 0.000000s CPU (n/a%)

OPT-1001 : Start pin optimization...
OPT-1001 : skip pin optimization...
RUN-1001 : Generating global routing grids ...
PHY-1001 : Generate routing nets ...
PHY-1001 : Reuse net number 6443/6814.
PHY-1001 : Global iterations in 12 thread ...
PHY-1002 : len = 597176, over cnt = 0(0%), over = 0, worst = 0
PHY-1001 : End global iterations;  0.057323s wall, 0.000000s user + 0.000000s system = 0.000000s CPU (n/a%)

PHY-1001 : Congestion index: top1 = 43.62, top5 = 37.31, top10 = 34.17, top15 = 32.21.
OPT-1001 : Update timing in Manhattan mode
OPT-1001 : End timing update;  0.010327s wall, 0.000000s user + 0.000000s system = 0.000000s CPU (n/a%)

RUN-1001 : QoR Analysis:
OPT-0007 :   WNS 2147483647 TNS 0 NUM_FEPS 0
RUN-1001 :   No local congestion issue, and most congested 1% tile average routing util is 43.206897
RUN-1001 :   Top critical paths
OPT-1001 : End physical optimization;  1.837707s wall, 0.250000s user + 0.000000s system = 0.250000s CPU (13.6%)

RUN-1003 : finish command "place" in  13.945879s wall, 3.109375s user + 0.671875s system = 3.781250s CPU (27.1%)

RUN-1004 : used memory is 319 MB, reserved memory is 304 MB, peak memory is 371 MB
RUN-1002 : start command "export_db SOC_2_times_place.db"
RUN-1001 : Exported /
RUN-1001 : Exported flow parameters
RUN-1001 : Exported libs
RUN-1001 : Exported entities
RUN-1001 : Exported ports
RUN-1001 : Exported pins
RUN-1001 : Exported instances
RUN-1001 : Exported nets
RUN-1001 : Exported buses
RUN-1001 : Exported models
RUN-1001 : Exported congestions
RUN-1001 : Exported violations
RUN-1001 : Exported IO constraints
RUN-1001 : Exported Inst constraints
RUN-1002 : start command "route"
RUN-1001 : Open license file D:/Anlogic/TD5.6.2/license/Anlogic.lic
RUN-1001 : Print Global Property
RUN-1001 : ---------------------------------------------------------------
RUN-1001 :        Parameters        |  Settings  |  Default Values  |  Note  
RUN-1001 : ---------------------------------------------------------------
RUN-1001 :          message         |  standard  |     standard     |        
RUN-1001 :   mixed_pack_place_flow  |     on     |        on        |        
RUN-1001 :        qor_monitor       |    off     |       off        |        
RUN-1001 :        syn_ip_flow       |    off     |       off        |        
RUN-1001 :          thread          |    auto    |       auto       |        
RUN-1001 : ---------------------------------------------------------------
RUN-1001 : Print Route Property
RUN-1001 : -------------------------------------------------------
RUN-1001 :    Parameters    |  Settings  |  Default Values  |  Note  
RUN-1001 : -------------------------------------------------------
RUN-1001 :      effort      |   medium   |      medium      |        
RUN-1001 :     fix_hold     |    off     |       off        |        
RUN-1001 :    opt_timing    |   medium   |      medium      |        
RUN-1001 :   phy_sim_model  |    off     |       off        |        
RUN-1001 :     priority     |   timing   |      timing      |        
RUN-1001 :     swap_pin     |     on     |        on        |        
RUN-1001 : -------------------------------------------------------
PHY-1001 : Route runs in 12 thread(s)
RUN-1001 : There are total 3107 instances
RUN-1001 : 1523 mslices, 1523 lslices, 5 pads, 48 brams, 3 dsps
RUN-1001 : There are total 6814 nets
RUN-1001 : 3177 nets have 2 pins
RUN-1001 : 2550 nets have [3 - 5] pins
RUN-1001 : 639 nets have [6 - 10] pins
RUN-1001 : 244 nets have [11 - 20] pins
RUN-1001 : 201 nets have [21 - 99] pins
RUN-1001 : 3 nets have 100+ pins
RUN-1002 : start command "start_timer -report"
TMR-5001 WARNING: No sdc constraints found while initiating timer.
TMR-2505 : Start building timing graph for model soc_top.
TMR-2506 : Build timing graph completely. Port num: 5, tpin num: 32430, tnet num: 6812, tinst num: 3105, tnode num: 36415, tedge num: 54139.
TMR-2508 : Levelizing timing graph completed, there are 59 levels in total.
TMR-2501 : Timing graph initialized successfully.
PHY-1001 : 1523 mslices, 1523 lslices, 5 pads, 48 brams, 3 dsps
TMR-2503 : Start to update net delay, extr mode = 3.
TMR-2504 : Update delay of 6812 nets completely.
TMR-2502 : Annotate delay completely, extr mode = 3.
TMR-3002 : No user constraint, initiate default constraint.
TMR-1501 : Assign derive clock DeriveClock to 2450 clock pins, and constraint 3983 relative nodes.
TMR-3003 : Constraints initiated successfully.
TMR-3501 : Forward propagation: start to calculate arrival time...
TMR-3502 : Backward propagation: start to calculate required time...
TMR-3503 : Timing propagation completes.
PHY-1001 : Start global routing, caller is route ...
RUN-1001 : Generating global routing grids ...
PHY-1001 : Generate routing nets ...
PHY-1001 : Global iterations in 12 thread ...
PHY-1002 : len = 583888, over cnt = 809(2%), over = 1262, worst = 8
PHY-1002 : len = 588808, over cnt = 412(1%), over = 540, worst = 5
PHY-1002 : len = 592360, over cnt = 152(0%), over = 200, worst = 4
PHY-1002 : len = 594128, over cnt = 0(0%), over = 0, worst = 0
PHY-1001 : End global iterations;  0.649068s wall, 0.125000s user + 0.000000s system = 0.125000s CPU (19.3%)

PHY-1001 : Congestion index: top1 = 43.86, top5 = 37.31, top10 = 34.07, top15 = 32.09.
PHY-1001 : End global routing;  0.797396s wall, 0.140625s user + 0.000000s system = 0.140625s CPU (17.6%)

PHY-1001 : Start detail routing ...
PHY-1001 : Current memory(MB): used = 416, reserve = 395, peak = 416.
PHY-1001 : Detailed router is running in normal mode.
PHY-1001 : Generate detailed routing grids ...
PHY-1001 : Generate nets ...
PHY-1001 : net clk_dup_1 will be routed on clock mesh
PHY-1001 : clock net swclk_syn_4 will be merged with clock swclk_dup_1
PHY-1001 : net soc_cm0_u0/cm0_u0/u_logic/SCLK will be routed on clock mesh
PHY-1001 : Current memory(MB): used = 673, reserve = 656, peak = 673.
PHY-1001 : End build detailed router design. 3.138421s wall, 0.390625s user + 0.000000s system = 0.390625s CPU (12.4%)

PHY-1001 : Detail Route ...
PHY-1001 : ===== Detail Route Phase 1 =====
PHY-1001 : Clock net routing.....
PHY-1001 : Routed 0% nets.
PHY-1022 : len = 71704, over cnt = 0(0%), over = 0, worst = 0, crit = 0
PHY-1001 : End initial clock net routed; 0.594412s wall, 0.062500s user + 0.000000s system = 0.062500s CPU (10.5%)

PHY-1001 : Current memory(MB): used = 706, reserve = 691, peak = 706.
PHY-1001 : End phase 1; 0.599513s wall, 0.062500s user + 0.000000s system = 0.062500s CPU (10.4%)

PHY-1001 : ===== Detail Route Phase 2 =====
PHY-1001 : Initial routing.....
PHY-1001 : Routed 36% nets.
PHY-1001 : Routed 42% nets.
PHY-1001 : Routed 52% nets.
PHY-1001 : Routed 68% nets.
PHY-1001 : Routed 98% nets.
PHY-1022 : len = 1.75333e+06, over cnt = 408(0%), over = 409, worst = 2, crit = 0
PHY-1001 : Current memory(MB): used = 712, reserve = 696, peak = 712.
PHY-1001 : End initial routed; 20.640609s wall, 6.625000s user + 0.078125s system = 6.703125s CPU (32.5%)

PHY-1001 : Current memory(MB): used = 712, reserve = 696, peak = 712.
PHY-1001 : End phase 2; 20.640643s wall, 6.625000s user + 0.078125s system = 6.703125s CPU (32.5%)

PHY-1001 : ===== Detail Route Phase 3 =====
PHY-1001 : Ripup-reroute.....
PHY-1001 : ===== DR Iter 1 =====
PHY-1022 : len = 1.7477e+06, over cnt = 63(0%), over = 63, worst = 1, crit = 0
PHY-1001 : End DR Iter 1; 0.378445s wall, 0.093750s user + 0.000000s system = 0.093750s CPU (24.8%)

PHY-1001 : ===== DR Iter 2 =====
PHY-1022 : len = 1.7473e+06, over cnt = 22(0%), over = 22, worst = 1, crit = 0
PHY-1001 : End DR Iter 2; 0.164956s wall, 0.015625s user + 0.000000s system = 0.015625s CPU (9.5%)

PHY-1001 : ===== DR Iter 3 =====
PHY-1022 : len = 1.74684e+06, over cnt = 3(0%), over = 3, worst = 1, crit = 0
PHY-1001 : End DR Iter 3; 0.103334s wall, 0.015625s user + 0.000000s system = 0.015625s CPU (15.1%)

PHY-1001 : ===== DR Iter 4 =====
PHY-1022 : len = 1.74678e+06, over cnt = 0(0%), over = 0, worst = 0, crit = 0
PHY-1001 : End DR Iter 4; 0.077067s wall, 0.000000s user + 0.000000s system = 0.000000s CPU (n/a%)

PHY-1001 : Commit to database.....
PHY-5014 WARNING: Detail route doesn't find pib for pll_u0/pll_inst.fbclk[0]
PHY-1001 : 46 feed throughs used by 42 nets
PHY-1001 : End commit to database; 1.136785s wall, 0.140625s user + 0.000000s system = 0.140625s CPU (12.4%)

PHY-1001 : Current memory(MB): used = 766, reserve = 752, peak = 766.
PHY-1001 : End phase 3; 2.012346s wall, 0.265625s user + 0.000000s system = 0.265625s CPU (13.2%)

PHY-1003 : Routed, final wirelength = 1.74678e+06
PHY-1001 : Current memory(MB): used = 769, reserve = 754, peak = 769.
PHY-1001 : End export database. 0.023847s wall, 0.000000s user + 0.000000s system = 0.000000s CPU (n/a%)

PHY-1001 : End detail routing;  26.628292s wall, 7.343750s user + 0.078125s system = 7.421875s CPU (27.9%)

RUN-1003 : finish command "route" in  28.190039s wall, 7.546875s user + 0.078125s system = 7.625000s CPU (27.0%)

RUN-1004 : used memory is 686 MB, reserved memory is 673 MB, peak memory is 769 MB
RUN-1002 : start command "report_area -io_info -file SOC_2_times_phy.area"
RUN-1001 : standard
***Report Model: soc_top Device: EG4S20BG256***

IO Statistics
#IO                         5
  #input                    3
  #output                   1
  #inout                    1

Utilization Statistics
#lut                     5837   out of  19600   29.78%
#reg                     1464   out of  19600    7.47%
#le                      5860
  #lut only              4396   out of   5860   75.02%
  #reg only                23   out of   5860    0.39%
  #lut&reg               1441   out of   5860   24.59%
#dsp                        3   out of     29   10.34%
#bram                      32   out of     64   50.00%
  #bram9k                  32
  #fifo9k                   0
#bram32k                   16   out of     16  100.00%
#pad                        5   out of    188    2.66%
  #ireg                     1
  #oreg                     0
  #treg                     0
#pll                        1   out of      4   25.00%
#gclk                       1   out of     16    6.25%

Clock Resource Statistics
Index     ClockNet                          Type               DriverType         Driver                   Fanout
#1        soc_cm0_u0/cm0_u0/u_logic/SCLK    GCLK               pll                pll_u0/pll_inst.clkc0    1140
#2        swclk_dup_1                       GCLK               io                 swclk_syn_2.di           85
#3        clk_dup_1                         GeneralRouting     io                 clk_syn_2.di             1


Detailed IO Report

   Name     Direction    Location    IOStandard    DriveStrength    PullType    PackReg  
   clk        INPUT        K14        LVCMOS33          N/A          PULLUP      NONE    
  rst_n       INPUT        G11        LVCMOS33          N/A          PULLUP      NONE    
  swclk       INPUT         A8        LVCMOS33          N/A          PULLUP      NONE    
  led_1s     OUTPUT        T13        LVCMOS33           8            NONE       NONE    
  swdio       INOUT         A7        LVCMOS33           8           PULLUP      IREG    

Report Hierarchy Area:
+--------------------------------------------------------------------------------------------------------------+
|Instance                          |Module                |le     |lut     |ripple  |seq     |bram    |dsp     |
+--------------------------------------------------------------------------------------------------------------+
|top                               |soc_top               |5860   |5765    |72      |1465    |48      |3       |
|  pll_u0                          |pll                   |0      |0       |0       |0       |0       |0       |
|  soc_cm0_u0                      |soc_cm0               |5858   |5763    |72      |1463    |48      |3       |
|    ahb_dtcm                      |cmsdk_ahb_to_sram     |49     |49      |0       |24      |0       |0       |
|    ahb_itcm                      |cmsdk_ahb_to_sram     |108    |107     |0       |35      |0       |0       |
|    cm0_u0                        |CORTEXM0INTEGRATION   |5408   |5321    |65      |1351    |0       |3       |
|      u_logic                     |cortexm0ds_logic      |5408   |5321    |65      |1351    |0       |3       |
|    dtcm_u0                       |dtcm                  |47     |47      |0       |11      |32      |0       |
|    itcm_u0                       |itcm                  |56     |56      |0       |6       |16      |0       |
|    mtx_lite_u0                   |cm0_mtx_lite          |180    |173     |7       |32      |0       |0       |
|      ucm0_mtx                    |cm0_mtx               |180    |173     |7       |32      |0       |0       |
|        u_cm0_mtx_decs0           |cm0_mtx_decS0         |24     |17      |7       |3       |0       |0       |
|          u_cm0_mtx_default_slave |cm0_mtx_default_slave |2      |2       |0       |1       |0       |0       |
|        u_cm0_mtx_i_0             |cm0_mtx_i             |148    |148     |0       |26      |0       |0       |
|        u_cm0_mtx_o_2             |cm0_mtx_o             |2      |2       |0       |1       |0       |0       |
|          u_output_arb            |cm0_mtx_arb           |2      |2       |0       |1       |0       |0       |
|        u_cm0_mtx_o_3             |cm0_mtx_o             |4      |4       |0       |1       |0       |0       |
|          u_output_arb            |cm0_mtx_arb           |4      |4       |0       |1       |0       |0       |
|        u_cm0_mtx_o_4             |cm0_mtx_o             |2      |2       |0       |1       |0       |0       |
|          u_output_arb            |cm0_mtx_arb           |2      |2       |0       |1       |0       |0       |
+--------------------------------------------------------------------------------------------------------------+


DataNet Average Fanout:

   Index     Fanout     Nets  
    #1          1       3171  
    #2          2       1599  
    #3          3       504   
    #4          4       447   
    #5        5-10      676   
    #6        11-50     383   
    #7       51-100      23   
    #8       101-500     1    
  Average     3.58            

RUN-1002 : start command "export_db SOC_2_times_pr.db"
RUN-1001 : Exported /
RUN-1001 : Exported flow parameters
RUN-1001 : Exported libs
RUN-1001 : Exported entities
RUN-1001 : Exported ports
RUN-1001 : Exported pins
RUN-1001 : Exported instances
RUN-1001 : Exported nets
RUN-1001 : Exported buses
RUN-1001 : Exported models
RUN-1001 : Exported congestions
RUN-1001 : Exported violations
RUN-1001 : Exported IO constraints
RUN-1001 : Exported Inst constraints
RUN-1003 : finish command "export_db SOC_2_times_pr.db" in  1.113275s wall, 0.250000s user + 0.000000s system = 0.250000s CPU (22.5%)

RUN-1004 : used memory is 687 MB, reserved memory is 674 MB, peak memory is 769 MB
RUN-1002 : start command "export_bid SOC_2_times_inst.bid"
PRG-1000 : <!-- HMAC is: ea76553325dc059ef5462b3e373b83d4acf2b60063771cdb83e2bd6220d7b312 -->
RUN-1002 : start command "bitgen -bit SOC_2_times.bit"
BIT-1003 : Start to generate bitstream. 
BIT-1002 : Init instances with 12 threads.
BIT-1002 : Init instances completely, inst num: 3105
BIT-1002 : Init pips with 12 threads.
BIT-1002 : Init pips completely, net num: 6814, pip num: 95938
BIT-1002 : Init feedthrough with 12 threads.
BIT-1002 : Init feedthrough completely, num: 46
BIT-1003 : Multithreading accelaration with 12 threads.
BIT-1003 : Generate bitstream completely, there are 2952 valid insts, and 250332 bits set as '1'.
BIT-1004 : the usercode register value: 00000000110000000000000000000000
BIT-1004 : PLL setting string = 0001
BIT-1004 : Generate bits file SOC_2_times.bit.
RUN-1003 : finish command "bitgen -bit SOC_2_times.bit" in  8.088802s wall, 59.671875s user + 0.109375s system = 59.781250s CPU (739.1%)

RUN-1004 : used memory is 696 MB, reserved memory is 694 MB, peak memory is 863 MB
RUN-1002 : start command "backup_run_log run.log ../.logs/phy_1/td_20240318_144318.log"
