============================================================
   Tang Dynasty, V5.6.71036
      Copyright (c) 2012-2023 Anlogic Inc.
   Executable = D:/Anlogic/TD5.6.2/bin/td.exe
   Built at =   20:34:38 Mar 21 2023
   Run by =     24448
   Run Date =   Thu Mar 21 12:48:09 2024

   Run on =     CHOCODESKTOP
============================================================
RUN-1001 : open_run phy_1.
RUN-1002 : start command "import_db E:/Jichuang_Project/Hardware/SOC_2_times/SOC_2_times_Runs/phy_1/SOC_2_times_pr.db"
RUN-1001 : Importing database generated by Tang Dynasty, V5.6.71036.
RUN-1001 : Database version number 46146.
RUN-1001 : Import flow parameters
PHY-1001 : Generate detailed routing grids ...
PHY-1001 : Generate nets ...
PHY-1001 : net clk_dup_1 will be routed on clock mesh
PHY-1001 : clock net swclk_syn_4 will be merged with clock swclk_dup_1
PHY-1001 : net soc_cm0_u0/cm0_u0/u_logic/SCLK will be routed on clock mesh
PHY-1001 : eco open net = 0
PHY-5014 WARNING: Detail route doesn't find pib for pll_u0/pll_inst.fbclk[0]
PHY-1001 : 53 feed throughs used by 42 nets
RUN-1001 : Import IO constraints
RUN-1001 : Import Inst constraints
RUN-1001 : Import design success TD_VERSION=5.6.71036 , DB_VERSION=46146
RUN-1003 : finish command "import_db E:/Jichuang_Project/Hardware/SOC_2_times/SOC_2_times_Runs/phy_1/SOC_2_times_pr.db" in  7.024127s wall, 1.906250s user + 0.062500s system = 1.968750s CPU (28.0%)

RUN-1004 : used memory is 671 MB, reserved memory is 643 MB, peak memory is 712 MB
RUN-1001 : reset_run syn_1 phy_1.
RUN-6001 WARNING: Failed to reset phy_1: some files can't be removed in E:/Jichuang_Project/Hardware/SOC_2_times/SOC_2_times_Runs/phy_1
RUN-1001 : launch_runs syn_1 phy_1  -jobs 6.
RUN-1001 : syn_1: run complete.
RUN-1001 : phy_1: run complete.
RUN-1001 : open_run phy_1.
RUN-1002 : start command "import_db E:/Jichuang_Project/Hardware/SOC_2_times/SOC_2_times_Runs/phy_1/SOC_2_times_pr.db"
RUN-1001 : Importing database generated by Tang Dynasty, V5.6.71036.
RUN-1001 : Database version number 46146.
RUN-1001 : Import flow parameters
PHY-1001 : Generate detailed routing grids ...
PHY-1001 : Generate nets ...
PHY-1001 : net clk_dup_1 will be routed on clock mesh
PHY-1001 : clock net swclk_syn_4 will be merged with clock swclk_dup_1
PHY-1001 : net soc_cm0_u0/cm0_u0/u_logic/SCLK will be routed on clock mesh
PHY-1001 : eco open net = 0
PHY-5014 WARNING: Detail route doesn't find pib for pll_u0/pll_inst.fbclk[0]
PHY-1001 : 53 feed throughs used by 42 nets
RUN-1001 : Import IO constraints
RUN-1001 : Import Inst constraints
RUN-1001 : Import design success TD_VERSION=5.6.71036 , DB_VERSION=46146
RUN-1003 : finish command "import_db E:/Jichuang_Project/Hardware/SOC_2_times/SOC_2_times_Runs/phy_1/SOC_2_times_pr.db" in  4.299838s wall, 0.812500s user + 0.125000s system = 0.937500s CPU (21.8%)

RUN-1004 : used memory is 689 MB, reserved memory is 663 MB, peak memory is 730 MB
