============================================================
   Tang Dynasty, V5.6.71036
      Copyright (c) 2012-2023 Anlogic Inc.
   Executable = D:/Anlogic/TD5.6.2/bin/td.exe
   Built at =   20:34:38 Mar 21 2023
   Run by =     24448
   Run Date =   Tue Mar 19 01:11:09 2024

   Run on =     CHOCODESKTOP
============================================================
RUN-1001 : open_run phy_1.
RUN-1002 : start command "import_db E:/VivadoProject/jichuang/SOC_2_times/SOC_2_times_Runs/phy_1/SOC_2_times_pr.db"
RUN-1001 : Importing database generated by Tang Dynasty, V5.6.71036.
RUN-1001 : Database version number 46146.
RUN-1001 : Import flow parameters
PHY-1001 : Generate detailed routing grids ...
PHY-1001 : Generate nets ...
PHY-1001 : net clk_dup_1 will be routed on clock mesh
PHY-1001 : clock net swclk_syn_4 will be merged with clock swclk_dup_1
PHY-1001 : net soc_cm0_u0/cm0_u0/u_logic/SCLK will be routed on clock mesh
PHY-1001 : eco open net = 0
PHY-5014 WARNING: Detail route doesn't find pib for pll_u0/pll_inst.fbclk[0]
PHY-1001 : 50 feed throughs used by 43 nets
RUN-1001 : Import IO constraints
RUN-1001 : Import Inst constraints
RUN-1001 : Import design success TD_VERSION=5.6.71036 , DB_VERSION=46146
RUN-1003 : finish command "import_db E:/VivadoProject/jichuang/SOC_2_times/SOC_2_times_Runs/phy_1/SOC_2_times_pr.db" in  6.228596s wall, 2.421875s user + 0.140625s system = 2.562500s CPU (41.1%)

RUN-1004 : used memory is 653 MB, reserved memory is 626 MB, peak memory is 693 MB
RUN-1002 : start command "download -bit SOC_2_times_Runs\phy_1\SOC_2_times.bit -mode jtag -spd 7 -sec 64 -cable 0"
PRG-2014 : Chip validation success: EAGLE_S20_BG256
RUN-1002 : start command "bit_to_vec -chip EAGLE_S20_BG256 -m jtag_burst -freq 4 -bit SOC_2_times_Runs/phy_1/SOC_2_times.bit"
RUN-1002 : start command "program -cable 0 -mode svf -spd 7 -p"
RUN-1003 : finish command "program -cable 0 -mode svf -spd 7 -p" in  7.374773s wall, 0.046875s user + 0.062500s system = 0.109375s CPU (1.5%)

RUN-1004 : used memory is 720 MB, reserved memory is 669 MB, peak memory is 737 MB
RUN-1003 : finish command "download -bit SOC_2_times_Runs\phy_1\SOC_2_times.bit -mode jtag -spd 7 -sec 64 -cable 0" in  7.602132s wall, 0.046875s user + 0.078125s system = 0.125000s CPU (1.6%)

RUN-1004 : used memory is 720 MB, reserved memory is 669 MB, peak memory is 737 MB
GUI-1001 : Downloading succeeded!
RUN-1002 : start command "download -mode erase_spi -spd 1 -chip EAGLE_S20_BG256 -cable 0"
PRG-2014 : Chip validation success: EAGLE_S20_BG256
PRG-1001 : SPI Flash ID is:  68
PRG-2019 : Erase flash successfully.
RUN-1003 : finish command "download -mode erase_spi -spd 1 -chip EAGLE_S20_BG256 -cable 0" in  2.684673s wall, 0.171875s user + 0.000000s system = 0.171875s CPU (6.4%)

RUN-1004 : used memory is 717 MB, reserved memory is 666 MB, peak memory is 737 MB
GUI-1001 : Erase flash success!
HDL-1007 : analyze verilog file src/soc_top.v
HDL-8007 ERROR: syntax error near 'non-printable character with the hex value '0xef'' in src/soc_top.v(41)
HDL-8007 ERROR: ignore module module due to previous errors in src/soc_top.v(1)
HDL-1007 : Verilog file 'src/soc_top.v' ignored due to errors
HDL-1007 : analyze verilog file src/soc_top.v
HDL-8007 ERROR: cannot find port 'uart0_rxd' on this module in src/soc_top.v(43)
HDL-8007 ERROR: cannot find port 'uart0_txd' on this module in src/soc_top.v(44)
HDL-1007 : analyze verilog file src/soc_cm0.v
HDL-1007 : undeclared symbol 'SWCLKTCK', assumed default net type 'wire' in src/soc_cm0.v(60)
HDL-1007 : undeclared symbol 'HMASTER', assumed default net type 'wire' in src/soc_cm0.v(132)
HDL-1007 : undeclared symbol 'HMASTLOCK', assumed default net type 'wire' in src/soc_cm0.v(133)
HDL-1007 : undeclared symbol 'RXEV', assumed default net type 'wire' in src/soc_cm0.v(163)
HDL-1007 : undeclared symbol 'irq_gpio0', assumed default net type 'wire' in src/soc_cm0.v(410)
HDL-5007 WARNING: block identifier is required on this block in src/soc_cm0.v(415)
RUN-1001 : reset_run syn_1 phy_1.
GUI-6001 WARNING: File E:/VivadoProject/jichuang/SOC_2_times/SOC_2_times_Runs/phy_1/SOC_2_times.bit does not exist!
RUN-1001 : launch_runs syn_1 phy_1  -jobs 6.
RUN-6001 WARNING: syn_1: run failed.
HDL-1007 : analyze verilog file src/soc_top.v
HDL-8007 ERROR: extra comma in port association list is not allowed in src/soc_top.v(41)
HDL-8007 ERROR: ignore module module due to previous errors in src/soc_top.v(1)
HDL-1007 : Verilog file 'src/soc_top.v' ignored due to errors
HDL-1007 : analyze verilog file src/soc_top.v
RUN-1001 : reset_run syn_1 phy_1.
RUN-1001 : launch_runs syn_1 phy_1  -jobs 6.
RUN-6001 WARNING: syn_1: run failed.
RUN-1001 : Print Global Property
RUN-1001 : ---------------------------------------------------------------
RUN-1001 :        Parameters        |  Settings  |  Default Values  |  Note  
RUN-1001 : ---------------------------------------------------------------
RUN-1001 :          message         |  standard  |     standard     |        
RUN-1001 :   mixed_pack_place_flow  |     on     |        on        |        
RUN-1001 :        qor_monitor       |    off     |       off        |        
RUN-1001 :        syn_ip_flow       |    off     |       off        |        
RUN-1001 :          thread          |    auto    |       auto       |        
RUN-1001 : ---------------------------------------------------------------
RUN-1001 : Print Design Property
RUN-1001 : --------------------------------------------------------------
RUN-1001 :        Parameters       |  Settings  |  Default Values  |  Note  
RUN-1001 : --------------------------------------------------------------
RUN-1001 :   default_reg_initial   |    auto    |       auto       |        
RUN-1001 :        infer_add        |     on     |        on        |        
RUN-1001 :        infer_fsm        |    off     |       off        |        
RUN-1001 :        infer_mult       |     on     |        on        |        
RUN-1001 :        infer_ram        |     on     |        on        |        
RUN-1001 :        infer_reg        |     on     |        on        |        
RUN-1001 :   infer_reg_init_value  |     on     |        on        |        
RUN-1001 :        infer_rom        |     on     |        on        |        
RUN-1001 :      infer_shifter      |     on     |        on        |        
RUN-1001 : --------------------------------------------------------------
RUN-1001 : Print Rtl Property
RUN-1001 : --------------------------------------------------------------
RUN-1001 :        Parameters       |  Settings  |  Default Values  |  Note  
RUN-1001 : --------------------------------------------------------------
RUN-1001 :       compress_add      |   ripple   |      ripple      |        
RUN-1001 :        elf_sload        |    off     |       off        |        
RUN-1001 :       fix_undriven      |     0      |        0         |        
RUN-1001 :         flatten         |    off     |       off        |        
RUN-1001 :       gate_sharing      |     on     |        on        |        
RUN-1001 :    hdl_warning_level    |   normal   |      normal      |        
RUN-1001 :   impl_internal_tribuf  |     on     |        on        |        
RUN-1001 :      impl_set_reset     |     on     |        on        |        
RUN-1001 :        infer_gsr        |    off     |       off        |        
RUN-1001 :      keep_hierarchy     |    auto    |       auto       |        
RUN-1001 :        max_fanout       |    9999    |       9999       |        
RUN-1001 :      max_oh2bin_len     |     10     |        10        |        
RUN-1001 :       merge_equal       |     on     |        on        |        
RUN-1001 :       merge_equiv       |     on     |        on        |        
RUN-1001 :        merge_mux        |    off     |       off        |        
RUN-1001 :     min_control_set     |     8      |        8         |        
RUN-1001 :      min_ripple_len     |    auto    |       auto       |        
RUN-1001 :       oh2bin_ratio      |    0.08    |       0.08       |        
RUN-1001 :     opt_adder_fanout    |     on     |        on        |        
RUN-1001 :        opt_arith        |     on     |        on        |        
RUN-1001 :       opt_big_gate      |    off     |       off        |        
RUN-1001 :        opt_const        |     on     |        on        |        
RUN-1001 :      opt_const_mult     |     on     |        on        |        
RUN-1001 :       opt_lessthan      |     on     |        on        |        
RUN-1001 :         opt_mux         |    off     |       off        |        
RUN-1001 :         opt_ram         |    high    |       high       |        
RUN-1001 :      rtl_sim_model      |    off     |       off        |        
RUN-1001 :         seq_syn         |     on     |        on        |        
RUN-1001 : --------------------------------------------------------------
HDL-1007 : analyze verilog file src/phr/ahb/apb_subsystem/cmsdk_ahb_to_apb.v
HDL-1007 : analyze verilog file src/phr/ahb/apb_subsystem/cmsdk_apb_slave_mux.v
HDL-1007 : analyze verilog file src/phr/ahb/apb_subsystem/cmsdk_apb_subsystem.v
HDL-1007 : analyze verilog file src/phr/ahb/apb_subsystem/uart/cmsdk_apb_uart.v
RUN-1001 : reset_run syn_1 phy_1.
RUN-1001 : launch_runs syn_1 phy_1  -jobs 6.
RUN-6001 WARNING: syn_1: run failed.
RUN-1001 : Print Global Property
RUN-1001 : ---------------------------------------------------------------
RUN-1001 :        Parameters        |  Settings  |  Default Values  |  Note  
RUN-1001 : ---------------------------------------------------------------
RUN-1001 :          message         |  standard  |     standard     |        
RUN-1001 :   mixed_pack_place_flow  |     on     |        on        |        
RUN-1001 :        qor_monitor       |    off     |       off        |        
RUN-1001 :        syn_ip_flow       |    off     |       off        |        
RUN-1001 :          thread          |    auto    |       auto       |        
RUN-1001 : ---------------------------------------------------------------
RUN-1001 : Print Design Property
RUN-1001 : --------------------------------------------------------------
RUN-1001 :        Parameters       |  Settings  |  Default Values  |  Note  
RUN-1001 : --------------------------------------------------------------
RUN-1001 :   default_reg_initial   |    auto    |       auto       |        
RUN-1001 :        infer_add        |     on     |        on        |        
RUN-1001 :        infer_fsm        |    off     |       off        |        
RUN-1001 :        infer_mult       |     on     |        on        |        
RUN-1001 :        infer_ram        |     on     |        on        |        
RUN-1001 :        infer_reg        |     on     |        on        |        
RUN-1001 :   infer_reg_init_value  |     on     |        on        |        
RUN-1001 :        infer_rom        |     on     |        on        |        
RUN-1001 :      infer_shifter      |     on     |        on        |        
RUN-1001 : --------------------------------------------------------------
RUN-1001 : Print Rtl Property
RUN-1001 : --------------------------------------------------------------
RUN-1001 :        Parameters       |  Settings  |  Default Values  |  Note  
RUN-1001 : --------------------------------------------------------------
RUN-1001 :       compress_add      |   ripple   |      ripple      |        
RUN-1001 :        elf_sload        |    off     |       off        |        
RUN-1001 :       fix_undriven      |     0      |        0         |        
RUN-1001 :         flatten         |    off     |       off        |        
RUN-1001 :       gate_sharing      |     on     |        on        |        
RUN-1001 :    hdl_warning_level    |   normal   |      normal      |        
RUN-1001 :   impl_internal_tribuf  |     on     |        on        |        
RUN-1001 :      impl_set_reset     |     on     |        on        |        
RUN-1001 :        infer_gsr        |    off     |       off        |        
RUN-1001 :      keep_hierarchy     |    auto    |       auto       |        
RUN-1001 :        max_fanout       |    9999    |       9999       |        
RUN-1001 :      max_oh2bin_len     |     10     |        10        |        
RUN-1001 :       merge_equal       |     on     |        on        |        
RUN-1001 :       merge_equiv       |     on     |        on        |        
RUN-1001 :        merge_mux        |    off     |       off        |        
RUN-1001 :     min_control_set     |     8      |        8         |        
RUN-1001 :      min_ripple_len     |    auto    |       auto       |        
RUN-1001 :       oh2bin_ratio      |    0.08    |       0.08       |        
RUN-1001 :     opt_adder_fanout    |     on     |        on        |        
RUN-1001 :        opt_arith        |     on     |        on        |        
RUN-1001 :       opt_big_gate      |    off     |       off        |        
RUN-1001 :        opt_const        |     on     |        on        |        
RUN-1001 :      opt_const_mult     |     on     |        on        |        
RUN-1001 :       opt_lessthan      |     on     |        on        |        
RUN-1001 :         opt_mux         |    off     |       off        |        
RUN-1001 :         opt_ram         |    high    |       high       |        
RUN-1001 :      rtl_sim_model      |    off     |       off        |        
RUN-1001 :         seq_syn         |     on     |        on        |        
RUN-1001 : --------------------------------------------------------------
HDL-1007 : analyze verilog file al_ip/pll.v
HDL-1007 : undeclared symbol 'open', assumed default net type 'wire' in al_ip/pll.v(57)
HDL-1007 : analyze verilog file src/soc_top.v
HDL-1007 : analyze verilog file src/soc_cm0.v
HDL-1007 : undeclared symbol 'SWCLKTCK', assumed default net type 'wire' in src/soc_cm0.v(60)
HDL-1007 : undeclared symbol 'HMASTER', assumed default net type 'wire' in src/soc_cm0.v(132)
HDL-1007 : undeclared symbol 'HMASTLOCK', assumed default net type 'wire' in src/soc_cm0.v(133)
HDL-1007 : undeclared symbol 'RXEV', assumed default net type 'wire' in src/soc_cm0.v(163)
HDL-1007 : undeclared symbol 'irq_gpio0', assumed default net type 'wire' in src/soc_cm0.v(410)
HDL-5007 WARNING: block identifier is required on this block in src/soc_cm0.v(415)
HDL-1007 : analyze verilog file al_ip/dtcm.v
HDL-1007 : analyze VHDL file al_ip/dtcm.vhd
HDL-1007 : analyze entity dtcm in al_ip/dtcm.vhd(17)
HDL-1007 : analyze architecture struct in al_ip/dtcm.vhd(28)
HDL-1007 : analyze verilog file al_ip/itcm.v
HDL-1007 : analyze VHDL file al_ip/itcm.vhd
HDL-1007 : analyze entity itcm in al_ip/itcm.vhd(17)
HDL-1007 : analyze architecture struct in al_ip/itcm.vhd(28)
HDL-1007 : analyze verilog file src/bus/cm0_mtx.v
HDL-1007 : analyze verilog file src/bus/cm0_mtx_arb.v
HDL-1007 : analyze verilog file src/bus/cm0_mtx_decS0.v
HDL-1007 : analyze verilog file src/bus/cm0_mtx_default_slave.v
HDL-1007 : analyze verilog file src/bus/cm0_mtx_i.v
HDL-5007 WARNING: macro 'TRN_IDLE' is redefined in src/bus/cm0_mtx_i.v(117)
HDL-5007 WARNING: macro 'TRN_BUSY' is redefined in src/bus/cm0_mtx_i.v(118)
HDL-5007 WARNING: macro 'TRN_NONSEQ' is redefined in src/bus/cm0_mtx_i.v(119)
HDL-5007 WARNING: macro 'TRN_SEQ' is redefined in src/bus/cm0_mtx_i.v(120)
HDL-5007 WARNING: macro 'BUR_SINGLE' is redefined in src/bus/cm0_mtx_i.v(123)
HDL-5007 WARNING: macro 'BUR_INCR' is redefined in src/bus/cm0_mtx_i.v(124)
HDL-5007 WARNING: macro 'BUR_WRAP4' is redefined in src/bus/cm0_mtx_i.v(125)
HDL-5007 WARNING: macro 'BUR_INCR4' is redefined in src/bus/cm0_mtx_i.v(126)
HDL-5007 WARNING: macro 'BUR_WRAP8' is redefined in src/bus/cm0_mtx_i.v(127)
HDL-5007 WARNING: macro 'BUR_INCR8' is redefined in src/bus/cm0_mtx_i.v(128)
HDL-5007 Similar messages will be suppressed.
HDL-1007 : analyze verilog file src/bus/cm0_mtx_lite.v
HDL-1007 : analyze verilog file src/bus/cm0_mtx_o.v
HDL-1007 : analyze verilog file src/core/CORTEXM0INTEGRATION.v
HDL-1007 : analyze verilog file src/core/cortexm0ds_logic.v
HDL-1007 : analyze verilog file src/phr/ahb/tcm/cmsdk_ahb_to_sram.v
HDL-1007 : analyze verilog file src/phr/ahb/tcm/cmsdk_fpga_sram.v
HDL-1007 : analyze verilog file src/phr/ahb/gpio/cmsdk_ahb_gpio.v
HDL-1007 : analyze verilog file src/phr/ahb/gpio/cmsdk_ahb_to_iop.v
HDL-1007 : analyze verilog file src/phr/ahb/gpio/cmsdk_iop_gpio.v
HDL-1007 : analyze verilog file src/phr/ahb/apb_subsystem/cmsdk_ahb_to_apb.v
HDL-1007 : analyze verilog file src/phr/ahb/apb_subsystem/cmsdk_apb_slave_mux.v
HDL-1007 : analyze verilog file src/phr/ahb/apb_subsystem/cmsdk_apb_subsystem.v
HDL-1007 : analyze verilog file src/phr/ahb/apb_subsystem/uart/cmsdk_apb_uart.v
RUN-1001 : reset_run syn_1 phy_1.
RUN-1001 : launch_runs syn_1 phy_1  -jobs 6.
RUN-1001 : syn_1: run complete.
RUN-1001 : phy_1: run complete.
RUN-1002 : start command "download -bit SOC_2_times_Runs\phy_1\SOC_2_times.bit -mode jtag -spd 7 -sec 64 -cable 0"
PRG-2014 : Chip validation success: EAGLE_S20_BG256
RUN-1002 : start command "bit_to_vec -chip EAGLE_S20_BG256 -m jtag_burst -freq 4 -bit SOC_2_times_Runs/phy_1/SOC_2_times.bit"
RUN-1002 : start command "program -cable 0 -mode svf -spd 7 -p"
RUN-1003 : finish command "program -cable 0 -mode svf -spd 7 -p" in  7.372038s wall, 0.015625s user + 0.062500s system = 0.078125s CPU (1.1%)

RUN-1004 : used memory is 207 MB, reserved memory is 677 MB, peak memory is 737 MB
RUN-1003 : finish command "download -bit SOC_2_times_Runs\phy_1\SOC_2_times.bit -mode jtag -spd 7 -sec 64 -cable 0" in  7.607092s wall, 0.062500s user + 0.062500s system = 0.125000s CPU (1.6%)

RUN-1004 : used memory is 207 MB, reserved memory is 677 MB, peak memory is 737 MB
GUI-1001 : Downloading succeeded!
RUN-1002 : start command "download -mode erase_spi -spd 1 -chip EAGLE_S20_BG256 -cable 0"
PRG-2014 : Chip validation success: EAGLE_S20_BG256
PRG-1001 : SPI Flash ID is:  68
PRG-2019 : Erase flash successfully.
RUN-1003 : finish command "download -mode erase_spi -spd 1 -chip EAGLE_S20_BG256 -cable 0" in  2.682970s wall, 0.562500s user + 0.046875s system = 0.609375s CPU (22.7%)

RUN-1004 : used memory is 189 MB, reserved memory is 677 MB, peak memory is 737 MB
GUI-1001 : Erase flash success!
