============================================================
   Tang Dynasty, V5.6.71036
      Copyright (c) 2012-2023 Anlogic Inc.
   Executable = D:/Anlogic/TD5.6.2/bin/td.exe
   Built at =   20:34:38 Mar 21 2023
   Run by =     24448
   Run Date =   Wed Apr 10 17:56:54 2024

   Run on =     CHOCODESKTOP
============================================================
RUN-1002 : start command "download -bit SOC_2_times_Runs\phy_1\SOC_2_times.bit -mode jtag -spd 7 -sec 64 -cable 0"
PRG-2014 : Chip validation success: EAGLE_S20_BG256
RUN-1002 : start command "bit_to_vec -chip EAGLE_S20_BG256 -m jtag_burst -freq 4 -bit SOC_2_times_Runs/phy_1/SOC_2_times.bit"
RUN-1002 : start command "program -cable 0 -mode svf -spd 7 -p"
RUN-1003 : finish command "program -cable 0 -mode svf -spd 7 -p" in  7.403070s wall, 0.062500s user + 0.031250s system = 0.093750s CPU (1.3%)

RUN-1004 : used memory is 235 MB, reserved memory is 164 MB, peak memory is 268 MB
RUN-1003 : finish command "download -bit SOC_2_times_Runs\phy_1\SOC_2_times.bit -mode jtag -spd 7 -sec 64 -cable 0" in  7.623048s wall, 0.109375s user + 0.031250s system = 0.140625s CPU (1.8%)

RUN-1004 : used memory is 235 MB, reserved memory is 165 MB, peak memory is 268 MB
GUI-1001 : Downloading succeeded!
RUN-1001 : Print Global Property
RUN-1001 : ---------------------------------------------------------------
RUN-1001 :        Parameters        |  Settings  |  Default Values  |  Note  
RUN-1001 : ---------------------------------------------------------------
RUN-1001 :          message         |  standard  |     standard     |        
RUN-1001 :   mixed_pack_place_flow  |     on     |        on        |        
RUN-1001 :        qor_monitor       |    off     |       off        |        
RUN-1001 :        syn_ip_flow       |    off     |       off        |        
RUN-1001 :          thread          |    auto    |       auto       |        
RUN-1001 : ---------------------------------------------------------------
RUN-1001 : Print Design Property
RUN-1001 : --------------------------------------------------------------
RUN-1001 :        Parameters       |  Settings  |  Default Values  |  Note  
RUN-1001 : --------------------------------------------------------------
RUN-1001 :   default_reg_initial   |    auto    |       auto       |        
RUN-1001 :        infer_add        |     on     |        on        |        
RUN-1001 :        infer_fsm        |    off     |       off        |        
RUN-1001 :        infer_mult       |     on     |        on        |        
RUN-1001 :        infer_ram        |     on     |        on        |        
RUN-1001 :        infer_reg        |     on     |        on        |        
RUN-1001 :   infer_reg_init_value  |     on     |        on        |        
RUN-1001 :        infer_rom        |     on     |        on        |        
RUN-1001 :      infer_shifter      |     on     |        on        |        
RUN-1001 : --------------------------------------------------------------
RUN-1001 : Print Rtl Property
RUN-1001 : --------------------------------------------------------------
RUN-1001 :        Parameters       |  Settings  |  Default Values  |  Note  
RUN-1001 : --------------------------------------------------------------
RUN-1001 :       compress_add      |   ripple   |      ripple      |        
RUN-1001 :        elf_sload        |    off     |       off        |        
RUN-1001 :       fix_undriven      |     0      |        0         |        
RUN-1001 :         flatten         |    off     |       off        |        
RUN-1001 :       gate_sharing      |     on     |        on        |        
RUN-1001 :    hdl_warning_level    |   normal   |      normal      |        
RUN-1001 :   impl_internal_tribuf  |     on     |        on        |        
RUN-1001 :      impl_set_reset     |     on     |        on        |        
RUN-1001 :        infer_gsr        |    off     |       off        |        
RUN-1001 :      keep_hierarchy     |    auto    |       auto       |        
RUN-1001 :        max_fanout       |    9999    |       9999       |        
RUN-1001 :      max_oh2bin_len     |     10     |        10        |        
RUN-1001 :       merge_equal       |     on     |        on        |        
RUN-1001 :       merge_equiv       |     on     |        on        |        
RUN-1001 :        merge_mux        |    off     |       off        |        
RUN-1001 :     min_control_set     |     8      |        8         |        
RUN-1001 :      min_ripple_len     |    auto    |       auto       |        
RUN-1001 :       oh2bin_ratio      |    0.08    |       0.08       |        
RUN-1001 :     opt_adder_fanout    |     on     |        on        |        
RUN-1001 :        opt_arith        |     on     |        on        |        
RUN-1001 :       opt_big_gate      |    off     |       off        |        
RUN-1001 :        opt_const        |     on     |        on        |        
RUN-1001 :      opt_const_mult     |     on     |        on        |        
RUN-1001 :       opt_lessthan      |     on     |        on        |        
RUN-1001 :         opt_mux         |    off     |       off        |        
RUN-1001 :         opt_ram         |    high    |       high       |        
RUN-1001 :      rtl_sim_model      |    off     |       off        |        
RUN-1001 :         seq_syn         |     on     |        on        |        
RUN-1001 : --------------------------------------------------------------
HDL-1007 : analyze verilog file al_ip/pll.v
HDL-1007 : undeclared symbol 'open', assumed default net type 'wire' in al_ip/pll.v(57)
HDL-1007 : analyze verilog file src/soc_top.v
HDL-1007 : analyze verilog file src/soc_cm0.v
HDL-1007 : undeclared symbol 'SWCLKTCK', assumed default net type 'wire' in src/soc_cm0.v(61)
HDL-1007 : undeclared symbol 'HMASTER', assumed default net type 'wire' in src/soc_cm0.v(133)
HDL-1007 : undeclared symbol 'HMASTLOCK', assumed default net type 'wire' in src/soc_cm0.v(134)
HDL-1007 : undeclared symbol 'RXEV', assumed default net type 'wire' in src/soc_cm0.v(164)
HDL-1007 : undeclared symbol 'irq_gpio0', assumed default net type 'wire' in src/soc_cm0.v(411)
HDL-5007 WARNING: block identifier is required on this block in src/soc_cm0.v(416)
HDL-1007 : analyze verilog file al_ip/dtcm.v
HDL-1007 : analyze VHDL file al_ip/dtcm.vhd
HDL-1007 : analyze entity dtcm in al_ip/dtcm.vhd(17)
HDL-1007 : analyze architecture struct in al_ip/dtcm.vhd(28)
HDL-1007 : analyze verilog file al_ip/itcm.v
HDL-1007 : analyze VHDL file al_ip/itcm.vhd
HDL-1007 : analyze entity itcm in al_ip/itcm.vhd(17)
HDL-1007 : analyze architecture struct in al_ip/itcm.vhd(28)
HDL-1007 : analyze verilog file src/bus/cm0_mtx.v
HDL-1007 : analyze verilog file src/bus/cm0_mtx_arb.v
HDL-1007 : analyze verilog file src/bus/cm0_mtx_decS0.v
HDL-1007 : analyze verilog file src/bus/cm0_mtx_default_slave.v
HDL-1007 : analyze verilog file src/bus/cm0_mtx_i.v
HDL-5007 WARNING: macro 'TRN_IDLE' is redefined in src/bus/cm0_mtx_i.v(117)
HDL-5007 WARNING: macro 'TRN_BUSY' is redefined in src/bus/cm0_mtx_i.v(118)
HDL-5007 WARNING: macro 'TRN_NONSEQ' is redefined in src/bus/cm0_mtx_i.v(119)
HDL-5007 WARNING: macro 'TRN_SEQ' is redefined in src/bus/cm0_mtx_i.v(120)
HDL-5007 WARNING: macro 'BUR_SINGLE' is redefined in src/bus/cm0_mtx_i.v(123)
HDL-5007 WARNING: macro 'BUR_INCR' is redefined in src/bus/cm0_mtx_i.v(124)
HDL-5007 WARNING: macro 'BUR_WRAP4' is redefined in src/bus/cm0_mtx_i.v(125)
HDL-5007 WARNING: macro 'BUR_INCR4' is redefined in src/bus/cm0_mtx_i.v(126)
HDL-5007 WARNING: macro 'BUR_WRAP8' is redefined in src/bus/cm0_mtx_i.v(127)
HDL-5007 WARNING: macro 'BUR_INCR8' is redefined in src/bus/cm0_mtx_i.v(128)
HDL-5007 Similar messages will be suppressed.
HDL-1007 : analyze verilog file src/bus/cm0_mtx_lite.v
HDL-1007 : analyze verilog file src/bus/cm0_mtx_o.v
HDL-1007 : analyze verilog file src/core/CORTEXM0INTEGRATION.v
HDL-1007 : analyze verilog file src/core/cortexm0ds_logic.v
HDL-1007 : analyze verilog file src/phr/ahb/tcm/cmsdk_ahb_to_sram.v
HDL-1007 : analyze verilog file src/phr/ahb/tcm/cmsdk_fpga_sram.v
HDL-1007 : analyze verilog file src/phr/ahb/gpio/cmsdk_ahb_gpio.v
HDL-1007 : analyze verilog file src/phr/ahb/gpio/cmsdk_ahb_to_iop.v
HDL-1007 : analyze verilog file src/phr/ahb/gpio/cmsdk_iop_gpio.v
HDL-1007 : analyze verilog file src/phr/ahb/apb_subsystem/cmsdk_ahb_to_apb.v
HDL-1007 : analyze verilog file src/phr/ahb/apb_subsystem/cmsdk_apb_slave_mux.v
HDL-1007 : analyze verilog file src/phr/ahb/apb_subsystem/cmsdk_apb_subsystem.v
HDL-1007 : analyze verilog file src/phr/ahb/apb_subsystem/uart/cmsdk_apb_uart.v
HDL-1007 : analyze verilog file src/btn_interupt_generator.v
HDL-1007 : analyze verilog file src/soc_top.v
HDL-8007 ERROR: cannot find port 'btn' on this module in src/soc_top.v(42)
HDL-8007 ERROR: cannot find port 'btn_interrupt_debug' on this module in src/soc_top.v(43)
HDL-1007 : analyze verilog file src/soc_cm0.v
HDL-1007 : undeclared symbol 'SWCLKTCK', assumed default net type 'wire' in src/soc_cm0.v(64)
HDL-1007 : undeclared symbol 'HMASTER', assumed default net type 'wire' in src/soc_cm0.v(136)
HDL-1007 : undeclared symbol 'HMASTLOCK', assumed default net type 'wire' in src/soc_cm0.v(137)
HDL-1007 : undeclared symbol 'RXEV', assumed default net type 'wire' in src/soc_cm0.v(167)
HDL-1007 : undeclared symbol 'irq_gpio0', assumed default net type 'wire' in src/soc_cm0.v(414)
HDL-5007 WARNING: block identifier is required on this block in src/soc_cm0.v(419)
HDL-1007 : analyze verilog file src/soc_cm0.v
HDL-1007 : undeclared symbol 'SWCLKTCK', assumed default net type 'wire' in src/soc_cm0.v(64)
HDL-1007 : undeclared symbol 'HMASTER', assumed default net type 'wire' in src/soc_cm0.v(136)
HDL-1007 : undeclared symbol 'HMASTLOCK', assumed default net type 'wire' in src/soc_cm0.v(137)
HDL-1007 : undeclared symbol 'RXEV', assumed default net type 'wire' in src/soc_cm0.v(167)
HDL-1007 : undeclared symbol 'irq_gpio0', assumed default net type 'wire' in src/soc_cm0.v(414)
HDL-5007 WARNING: block identifier is required on this block in src/soc_cm0.v(419)
HDL-1007 : undeclared symbol 'btn_interrupt', assumed default net type 'wire' in src/soc_cm0.v(518)
HDL-1007 : analyze verilog file src/soc_cm0.v
HDL-1007 : undeclared symbol 'SWCLKTCK', assumed default net type 'wire' in src/soc_cm0.v(64)
HDL-1007 : undeclared symbol 'HMASTER', assumed default net type 'wire' in src/soc_cm0.v(136)
HDL-1007 : undeclared symbol 'HMASTLOCK', assumed default net type 'wire' in src/soc_cm0.v(137)
HDL-1007 : undeclared symbol 'RXEV', assumed default net type 'wire' in src/soc_cm0.v(167)
HDL-1007 : undeclared symbol 'irq_gpio0', assumed default net type 'wire' in src/soc_cm0.v(414)
HDL-5007 WARNING: block identifier is required on this block in src/soc_cm0.v(419)
HDL-5007 WARNING: redeclaration of ANSI port 'btn_interrupt_debug' is not allowed in src/soc_cm0.v(514)
HDL-1007 : analyze verilog file src/soc_cm0.v
HDL-1007 : undeclared symbol 'SWCLKTCK', assumed default net type 'wire' in src/soc_cm0.v(64)
HDL-1007 : undeclared symbol 'HMASTER', assumed default net type 'wire' in src/soc_cm0.v(136)
HDL-1007 : undeclared symbol 'HMASTLOCK', assumed default net type 'wire' in src/soc_cm0.v(137)
HDL-1007 : undeclared symbol 'RXEV', assumed default net type 'wire' in src/soc_cm0.v(167)
HDL-1007 : undeclared symbol 'irq_gpio0', assumed default net type 'wire' in src/soc_cm0.v(414)
HDL-5007 WARNING: block identifier is required on this block in src/soc_cm0.v(419)
HDL-1007 : analyze verilog file src/soc_cm0.v
HDL-1007 : undeclared symbol 'SWCLKTCK', assumed default net type 'wire' in src/soc_cm0.v(64)
HDL-1007 : undeclared symbol 'HMASTER', assumed default net type 'wire' in src/soc_cm0.v(136)
HDL-1007 : undeclared symbol 'HMASTLOCK', assumed default net type 'wire' in src/soc_cm0.v(137)
HDL-1007 : undeclared symbol 'RXEV', assumed default net type 'wire' in src/soc_cm0.v(167)
HDL-1007 : undeclared symbol 'irq_gpio0', assumed default net type 'wire' in src/soc_cm0.v(414)
HDL-5007 WARNING: block identifier is required on this block in src/soc_cm0.v(419)
HDL-1007 : analyze verilog file src/soc_cm0.v
HDL-1007 : undeclared symbol 'SWCLKTCK', assumed default net type 'wire' in src/soc_cm0.v(64)
HDL-1007 : undeclared symbol 'HMASTER', assumed default net type 'wire' in src/soc_cm0.v(135)
HDL-1007 : undeclared symbol 'HMASTLOCK', assumed default net type 'wire' in src/soc_cm0.v(136)
HDL-1007 : undeclared symbol 'RXEV', assumed default net type 'wire' in src/soc_cm0.v(166)
HDL-1007 : undeclared symbol 'irq_gpio0', assumed default net type 'wire' in src/soc_cm0.v(413)
HDL-5007 WARNING: block identifier is required on this block in src/soc_cm0.v(418)
RUN-1001 : reset_run syn_1 phy_1.
GUI-6001 WARNING: File D:/JichuangProject-main/Hardware/SOC_2_times/SOC_2_times_Runs/phy_1/SOC_2_times.bit does not exist!
RUN-1001 : launch_runs syn_1 phy_1  -jobs 6.
RUN-6001 WARNING: syn_1: run failed.
HDL-1007 : analyze verilog file src/soc_top.v
HDL-8007 ERROR: extra comma in port association list is not allowed in src/soc_top.v(41)
HDL-8007 ERROR: ignore module module due to previous errors in src/soc_top.v(1)
HDL-1007 : Verilog file 'src/soc_top.v' ignored due to errors
HDL-1007 : analyze verilog file src/soc_top.v
RUN-1001 : reset_run syn_1 phy_1.
RUN-1001 : launch_runs syn_1 phy_1  -jobs 6.
RUN-1001 : syn_1: run complete.
RUN-1001 : phy_1: run complete.
RUN-1002 : start command "download -bit SOC_2_times_Runs\phy_1\SOC_2_times.bit -mode jtag -spd 7 -sec 64 -cable 0"
PRG-2014 : Chip validation success: EAGLE_S20_BG256
RUN-1002 : start command "bit_to_vec -chip EAGLE_S20_BG256 -m jtag_burst -freq 4 -bit SOC_2_times_Runs/phy_1/SOC_2_times.bit"
RUN-1002 : start command "program -cable 0 -mode svf -spd 7 -p"
RUN-1003 : finish command "program -cable 0 -mode svf -spd 7 -p" in  7.409571s wall, 0.062500s user + 0.046875s system = 0.109375s CPU (1.5%)

RUN-1004 : used memory is 269 MB, reserved memory is 195 MB, peak memory is 302 MB
RUN-1003 : finish command "download -bit SOC_2_times_Runs\phy_1\SOC_2_times.bit -mode jtag -spd 7 -sec 64 -cable 0" in  7.637064s wall, 0.156250s user + 0.046875s system = 0.203125s CPU (2.7%)

RUN-1004 : used memory is 269 MB, reserved memory is 195 MB, peak memory is 302 MB
GUI-1001 : Downloading succeeded!
HDL-1007 : analyze verilog file src/soc_top.v
RUN-1001 : reset_run syn_1.
RUN-1001 : reset_run phy_1.
RUN-1001 : launch_runs syn_1 -step read_design.
RUN-1001 : reset_run phy_1.
GUI-6001 WARNING: File D:/JichuangProject-main/Hardware/SOC_2_times/SOC_2_times_Runs/phy_1/SOC_2_times.bit does not exist!
RUN-1001 : syn_1: run complete.
RUN-1001 : open_run syn_1.
RUN-1002 : start command "import_db D:/JichuangProject-main/Hardware/SOC_2_times/SOC_2_times_Runs/syn_1/SOC_2_times_elaborate.db"
RUN-1001 : Importing database generated by Tang Dynasty, V5.6.71036.
RUN-1001 : Database version number 46146.
RUN-1001 : Import flow parameters
RUN-1001 : Import IO constraints
RUN-1001 : Import Inst constraints
RUN-1001 : Import design success TD_VERSION=5.6.71036 , DB_VERSION=46146
GUI-5004 WARNING: btn[3] has not been assigned a location ...
GUI-5004 WARNING: btn[2] has not been assigned a location ...
GUI-5004 WARNING: btn[1] has not been assigned a location ...
GUI-5004 WARNING: btn[0] has not been assigned a location ...
GUI-5004 WARNING: btn_interrupt_debug[3] has not been assigned a location ...
GUI-5004 WARNING: btn_interrupt_debug[2] has not been assigned a location ...
GUI-5004 WARNING: btn_interrupt_debug[1] has not been assigned a location ...
GUI-5004 WARNING: btn_interrupt_debug[0] has not been assigned a location ...
GUI-5004 WARNING: gpio0[15] has not been assigned a location ...
GUI-5004 WARNING: gpio0[14] has not been assigned a location ...
GUI-5004 Similar messages will be suppressed.
ARC-8009 ERROR: Unable to map IO Standard on pad y8.
ARC-8009 ERROR: Unable to map IO Standard on pad y8.
ARC-8009 ERROR: Unable to map IO Standard on pad y8.
ARC-8009 ERROR: Unable to map IO Standard on pad y8.
ARC-8009 ERROR: Unable to map IO Standard on pad y8.
ARC-8009 ERROR: Unable to map IO Standard on pad y8.
ARC-8009 ERROR: Unable to map IO Standard on pad y8.
ARC-8009 ERROR: Unable to map IO Standard on pad y8.
ARC-8009 ERROR: Unable to map IO Standard on pad y8.
ARC-8009 ERROR: Unable to map IO Standard on pad y8.
ARC-8009 ERROR: Unable to map IO Standard on pad y8.
ARC-8009 ERROR: Unable to map IO Standard on pad y8.
ARC-8009 ERROR: Unable to map IO Standard on pad y8.
ARC-8009 ERROR: Unable to map IO Standard on pad y8.
ARC-8009 ERROR: Unable to map IO Standard on pad y8.
RUN-1001 : reset_run syn_1 phy_1.
RUN-1001 : launch_runs syn_1 phy_1  -jobs 6.
RUN-1001 : syn_1: run complete.
RUN-1001 : phy_1: run complete.
RUN-1001 : open_run phy_1.
RUN-1002 : start command "import_db D:/JichuangProject-main/Hardware/SOC_2_times/SOC_2_times_Runs/phy_1/SOC_2_times_pr.db"
RUN-1001 : Importing database generated by Tang Dynasty, V5.6.71036.
RUN-1001 : Database version number 46146.
RUN-1001 : Import flow parameters
PHY-1001 : Generate detailed routing grids ...
PHY-1001 : Generate nets ...
PHY-1001 : net clk_dup_1 will be routed on clock mesh
PHY-1001 : clock net swclk_syn_4 will be merged with clock swclk_dup_1
PHY-1001 : net soc_cm0_u0/cm0_u0/u_logic/SCLK will be routed on clock mesh
PHY-1001 : eco open net = 0
PHY-5014 WARNING: Detail route doesn't find pib for pll_u0/pll_inst.fbclk[0]
PHY-1001 : 79 feed throughs used by 60 nets
RUN-1001 : Import IO constraints
RUN-1001 : Import Inst constraints
RUN-1001 : Import design success TD_VERSION=5.6.71036 , DB_VERSION=46146
RUN-1003 : finish command "import_db D:/JichuangProject-main/Hardware/SOC_2_times/SOC_2_times_Runs/phy_1/SOC_2_times_pr.db" in  6.293462s wall, 3.343750s user + 0.203125s system = 3.546875s CPU (56.4%)

RUN-1004 : used memory is 797 MB, reserved memory is 735 MB, peak memory is 802 MB
RUN-1002 : start command "download -bit SOC_2_times_Runs\phy_1\SOC_2_times.bit -mode jtag -spd 7 -sec 64 -cable 0"
PRG-2014 : Chip validation success: EAGLE_S20_BG256
RUN-1002 : start command "bit_to_vec -chip EAGLE_S20_BG256 -m jtag_burst -freq 4 -bit SOC_2_times_Runs/phy_1/SOC_2_times.bit"
RUN-1002 : start command "program -cable 0 -mode svf -spd 7 -p"
RUN-1003 : finish command "program -cable 0 -mode svf -spd 7 -p" in  7.406739s wall, 0.031250s user + 0.015625s system = 0.046875s CPU (0.6%)

RUN-1004 : used memory is 813 MB, reserved memory is 751 MB, peak memory is 832 MB
RUN-1003 : finish command "download -bit SOC_2_times_Runs\phy_1\SOC_2_times.bit -mode jtag -spd 7 -sec 64 -cable 0" in  7.620781s wall, 0.078125s user + 0.031250s system = 0.109375s CPU (1.4%)

RUN-1004 : used memory is 813 MB, reserved memory is 751 MB, peak memory is 832 MB
GUI-1001 : Downloading succeeded!
RUN-1001 : reset_run syn_1 phy_1.
GUI-6001 WARNING: File D:/JichuangProject-main/Hardware/SOC_2_times/SOC_2_times_Runs/phy_1/SOC_2_times.bit does not exist!
RUN-1001 : launch_runs syn_1 phy_1  -jobs 6.
RUN-1001 : syn_1: run complete.
RUN-1001 : phy_1: run complete.
RUN-1002 : start command "download -bit SOC_2_times_Runs\phy_1\SOC_2_times.bit -mode jtag -spd 7 -sec 64 -cable 0"
PRG-2014 : Chip validation success: EAGLE_S20_BG256
RUN-1002 : start command "bit_to_vec -chip EAGLE_S20_BG256 -m jtag_burst -freq 4 -bit SOC_2_times_Runs/phy_1/SOC_2_times.bit"
RUN-1002 : start command "program -cable 0 -mode svf -spd 7 -p"
RUN-1003 : finish command "program -cable 0 -mode svf -spd 7 -p" in  7.405959s wall, 0.031250s user + 0.046875s system = 0.078125s CPU (1.1%)

RUN-1004 : used memory is 812 MB, reserved memory is 751 MB, peak memory is 832 MB
RUN-1003 : finish command "download -bit SOC_2_times_Runs\phy_1\SOC_2_times.bit -mode jtag -spd 7 -sec 64 -cable 0" in  7.620956s wall, 0.109375s user + 0.046875s system = 0.156250s CPU (2.1%)

RUN-1004 : used memory is 812 MB, reserved memory is 751 MB, peak memory is 832 MB
GUI-1001 : Downloading succeeded!
